device=cuda (NVIDIA GeForce RTX 5060 Ti)
Resume: 15/15 runs pending
output: /home/user/projects/causalworld/rmd17_identity_weight_sweep.json

=== Starting aspirin|flat|identity_quadratic|w=0.001|seed=0 (1/15) ===
[aspirin|flat|identity_quadratic|seed=0] epoch   1/50 loss=2.0621 H8_eval=0.2957
[aspirin|flat|identity_quadratic|seed=0] epoch   5/50 loss=0.0055 H8_eval=0.1030
[aspirin|flat|identity_quadratic|seed=0] epoch  10/50 loss=0.0426 H8_eval=0.4641
[aspirin|flat|identity_quadratic|seed=0] epoch  15/50 loss=0.0087 H8_eval=0.0880
[aspirin|flat|identity_quadratic|seed=0] epoch  20/50 loss=0.0375 H8_eval=0.0769
[aspirin|flat|identity_quadratic|seed=0] epoch  25/50 loss=0.0015 H8_eval=0.0410
[aspirin|flat|identity_quadratic|seed=0] epoch  30/50 loss=0.0013 H8_eval=0.0375
[aspirin|flat|identity_quadratic|seed=0] epoch  35/50 loss=0.0013 H8_eval=0.0493
[aspirin|flat|identity_quadratic|seed=0] epoch  40/50 loss=0.0011 H8_eval=0.0341
[aspirin|flat|identity_quadratic|seed=0] epoch  45/50 loss=0.0011 H8_eval=0.0371
[aspirin|flat|identity_quadratic|seed=0] epoch  50/50 loss=0.0011 H8_eval=0.0425
=== Finished aspirin|flat|identity_quadratic|w=0.001|seed=0 | H1=0.0296 H8=0.0419 H16=0.0669 | r_eff=1.00 | wall=430.3s ===
  -> saved partial results to rmd17_identity_weight_sweep.json

=== Starting aspirin|flat|identity_quadratic|w=0.001|seed=1 (2/15) ===
[aspirin|flat|identity_quadratic|seed=1] epoch   1/50 loss=2.8800 H8_eval=0.3838
[aspirin|flat|identity_quadratic|seed=1] epoch   5/50 loss=0.0092 H8_eval=0.2200
[aspirin|flat|identity_quadratic|seed=1] epoch  10/50 loss=0.0453 H8_eval=0.5033
[aspirin|flat|identity_quadratic|seed=1] epoch  15/50 loss=0.0039 H8_eval=0.0988
[aspirin|flat|identity_quadratic|seed=1] epoch  20/50 loss=0.0342 H8_eval=0.3719
[aspirin|flat|identity_quadratic|seed=1] epoch  25/50 loss=0.0472 H8_eval=0.3384
[aspirin|flat|identity_quadratic|seed=1] epoch  30/50 loss=0.1347 H8_eval=0.6804
[aspirin|flat|identity_quadratic|seed=1] epoch  35/50 loss=0.0548 H8_eval=0.4212
[aspirin|flat|identity_quadratic|seed=1] epoch  40/50 loss=0.1145 H8_eval=0.5627
[aspirin|flat|identity_quadratic|seed=1] epoch  45/50 loss=0.0526 H8_eval=0.2150
[aspirin|flat|identity_quadratic|seed=1] epoch  50/50 loss=0.0363 H8_eval=0.2692
=== Finished aspirin|flat|identity_quadratic|w=0.001|seed=1 | H1=0.0509 H8=0.2700 H16=0.4746 | r_eff=1.00 | wall=427.1s ===
  -> saved partial results to rmd17_identity_weight_sweep.json

=== Starting aspirin|flat|identity_quadratic|w=0.001|seed=2 (3/15) ===
[aspirin|flat|identity_quadratic|seed=2] epoch   1/50 loss=1.0810 H8_eval=0.1504
[aspirin|flat|identity_quadratic|seed=2] epoch   5/50 loss=0.0082 H8_eval=0.0823
[aspirin|flat|identity_quadratic|seed=2] epoch  10/50 loss=0.0042 H8_eval=0.0958
[aspirin|flat|identity_quadratic|seed=2] epoch  15/50 loss=0.0031 H8_eval=0.0641
[aspirin|flat|identity_quadratic|seed=2] epoch  20/50 loss=0.0028 H8_eval=0.0609
[aspirin|flat|identity_quadratic|seed=2] epoch  25/50 loss=0.0033 H8_eval=0.1383
[aspirin|flat|identity_quadratic|seed=2] epoch  30/50 loss=0.0028 H8_eval=0.0495
[aspirin|flat|identity_quadratic|seed=2] epoch  35/50 loss=0.0026 H8_eval=0.0470
[aspirin|flat|identity_quadratic|seed=2] epoch  40/50 loss=0.0026 H8_eval=0.0675
[aspirin|flat|identity_quadratic|seed=2] epoch  45/50 loss=0.0324 H8_eval=0.0822
[aspirin|flat|identity_quadratic|seed=2] epoch  50/50 loss=0.0029 H8_eval=0.0477
=== Finished aspirin|flat|identity_quadratic|w=0.001|seed=2 | H1=0.0430 H8=0.0563 H16=0.0902 | r_eff=1.00 | wall=427.6s ===
  -> saved partial results to rmd17_identity_weight_sweep.json

=== Starting aspirin|flat|identity_quadratic|w=0.001|seed=3 (4/15) ===
[aspirin|flat|identity_quadratic|seed=3] epoch   1/50 loss=1.5758 H8_eval=0.3069
[aspirin|flat|identity_quadratic|seed=3] epoch   5/50 loss=0.0087 H8_eval=0.0650
[aspirin|flat|identity_quadratic|seed=3] epoch  10/50 loss=0.0045 H8_eval=0.1479
[aspirin|flat|identity_quadratic|seed=3] epoch  15/50 loss=0.0868 H8_eval=0.5239
[aspirin|flat|identity_quadratic|seed=3] epoch  20/50 loss=0.0299 H8_eval=0.4396
[aspirin|flat|identity_quadratic|seed=3] epoch  25/50 loss=0.0565 H8_eval=0.4802
[aspirin|flat|identity_quadratic|seed=3] epoch  30/50 loss=0.1304 H8_eval=0.6671
[aspirin|flat|identity_quadratic|seed=3] epoch  35/50 loss=0.0065 H8_eval=0.1352
[aspirin|flat|identity_quadratic|seed=3] epoch  40/50 loss=0.3832 H8_eval=0.1114
[aspirin|flat|identity_quadratic|seed=3] epoch  45/50 loss=0.0795 H8_eval=0.0469
[aspirin|flat|identity_quadratic|seed=3] epoch  50/50 loss=0.0215 H8_eval=0.0414
=== Finished aspirin|flat|identity_quadratic|w=0.001|seed=3 | H1=0.0449 H8=0.0508 H16=0.0728 | r_eff=1.00 | wall=426.4s ===
  -> saved partial results to rmd17_identity_weight_sweep.json

=== Starting aspirin|flat|identity_quadratic|w=0.001|seed=4 (5/15) ===
[aspirin|flat|identity_quadratic|seed=4] epoch   1/50 loss=2.5755 H8_eval=0.2831
[aspirin|flat|identity_quadratic|seed=4] epoch   5/50 loss=0.0076 H8_eval=0.1512
[aspirin|flat|identity_quadratic|seed=4] epoch  10/50 loss=0.1005 H8_eval=0.5108
[aspirin|flat|identity_quadratic|seed=4] epoch  15/50 loss=0.0918 H8_eval=0.6196
[aspirin|flat|identity_quadratic|seed=4] epoch  20/50 loss=0.0795 H8_eval=1.1868
[aspirin|flat|identity_quadratic|seed=4] epoch  25/50 loss=0.0122 H8_eval=0.4079
[aspirin|flat|identity_quadratic|seed=4] epoch  30/50 loss=0.0309 H8_eval=0.2657
[aspirin|flat|identity_quadratic|seed=4] epoch  35/50 loss=0.0277 H8_eval=0.3123
[aspirin|flat|identity_quadratic|seed=4] epoch  40/50 loss=0.0304 H8_eval=0.2774
[aspirin|flat|identity_quadratic|seed=4] epoch  45/50 loss=0.0166 H8_eval=0.3020
[aspirin|flat|identity_quadratic|seed=4] epoch  50/50 loss=0.0332 H8_eval=0.1425
=== Finished aspirin|flat|identity_quadratic|w=0.001|seed=4 | H1=0.0611 H8=0.1438 H16=0.2260 | r_eff=1.03 | wall=427.6s ===
  -> saved partial results to rmd17_identity_weight_sweep.json

=== Starting aspirin|flat|identity_quadratic|w=0.005|seed=0 (6/15) ===
[aspirin|flat|identity_quadratic|seed=0] epoch   1/50 loss=5.8067 H8_eval=0.1642
[aspirin|flat|identity_quadratic|seed=0] epoch   5/50 loss=0.0358 H8_eval=0.3035
[aspirin|flat|identity_quadratic|seed=0] epoch  10/50 loss=0.0110 H8_eval=0.2616
[aspirin|flat|identity_quadratic|seed=0] epoch  15/50 loss=0.0938 H8_eval=0.7475
[aspirin|flat|identity_quadratic|seed=0] epoch  20/50 loss=0.0327 H8_eval=0.5065
[aspirin|flat|identity_quadratic|seed=0] epoch  25/50 loss=0.0282 H8_eval=0.3721
[aspirin|flat|identity_quadratic|seed=0] epoch  30/50 loss=0.0169 H8_eval=0.5683
[aspirin|flat|identity_quadratic|seed=0] epoch  35/50 loss=0.0059 H8_eval=0.2241
[aspirin|flat|identity_quadratic|seed=0] epoch  40/50 loss=0.0227 H8_eval=0.4105
[aspirin|flat|identity_quadratic|seed=0] epoch  45/50 loss=0.0401 H8_eval=0.3875
[aspirin|flat|identity_quadratic|seed=0] epoch  50/50 loss=0.0072 H8_eval=0.1865
=== Finished aspirin|flat|identity_quadratic|w=0.005|seed=0 | H1=0.0365 H8=0.1809 H16=0.4084 | r_eff=1.00 | wall=429.8s ===
  -> saved partial results to rmd17_identity_weight_sweep.json

=== Starting aspirin|flat|identity_quadratic|w=0.005|seed=1 (7/15) ===
[aspirin|flat|identity_quadratic|seed=1] epoch   1/50 loss=7.7518 H8_eval=0.1880
[aspirin|flat|identity_quadratic|seed=1] epoch   5/50 loss=0.0418 H8_eval=0.4092
[aspirin|flat|identity_quadratic|seed=1] epoch  10/50 loss=0.0544 H8_eval=0.4238
[aspirin|flat|identity_quadratic|seed=1] epoch  15/50 loss=0.0916 H8_eval=0.8578
[aspirin|flat|identity_quadratic|seed=1] epoch  20/50 loss=0.0965 H8_eval=0.9500
[aspirin|flat|identity_quadratic|seed=1] epoch  25/50 loss=0.0580 H8_eval=0.5632
[aspirin|flat|identity_quadratic|seed=1] epoch  30/50 loss=0.0428 H8_eval=0.3033
[aspirin|flat|identity_quadratic|seed=1] epoch  35/50 loss=0.0273 H8_eval=0.7655
[aspirin|flat|identity_quadratic|seed=1] epoch  40/50 loss=0.0225 H8_eval=0.2202
[aspirin|flat|identity_quadratic|seed=1] epoch  45/50 loss=0.0198 H8_eval=0.1580
[aspirin|flat|identity_quadratic|seed=1] epoch  50/50 loss=0.0871 H8_eval=0.9706
=== Finished aspirin|flat|identity_quadratic|w=0.005|seed=1 | H1=0.3562 H8=0.9693 H16=2.5516 | r_eff=1.00 | wall=426.7s ===
  -> saved partial results to rmd17_identity_weight_sweep.json

=== Starting aspirin|flat|identity_quadratic|w=0.005|seed=2 (8/15) ===
[aspirin|flat|identity_quadratic|seed=2] epoch   1/50 loss=2.9366 H8_eval=0.1706
[aspirin|flat|identity_quadratic|seed=2] epoch   5/50 loss=0.0091 H8_eval=0.0690
[aspirin|flat|identity_quadratic|seed=2] epoch  10/50 loss=0.0048 H8_eval=0.0985
[aspirin|flat|identity_quadratic|seed=2] epoch  15/50 loss=0.0041 H8_eval=0.0711
[aspirin|flat|identity_quadratic|seed=2] epoch  20/50 loss=0.0036 H8_eval=0.0649
[aspirin|flat|identity_quadratic|seed=2] epoch  25/50 loss=0.0036 H8_eval=0.1067
[aspirin|flat|identity_quadratic|seed=2] epoch  30/50 loss=0.0029 H8_eval=0.0330
[aspirin|flat|identity_quadratic|seed=2] epoch  35/50 loss=0.0028 H8_eval=0.0375
[aspirin|flat|identity_quadratic|seed=2] epoch  40/50 loss=0.0028 H8_eval=0.0490
[aspirin|flat|identity_quadratic|seed=2] epoch  45/50 loss=0.0027 H8_eval=0.0366
[aspirin|flat|identity_quadratic|seed=2] epoch  50/50 loss=0.0027 H8_eval=0.0372
=== Finished aspirin|flat|identity_quadratic|w=0.005|seed=2 | H1=0.0434 H8=0.0477 H16=0.0572 | r_eff=1.00 | wall=428.6s ===
  -> saved partial results to rmd17_identity_weight_sweep.json

=== Starting aspirin|flat|identity_quadratic|w=0.005|seed=3 (9/15) ===
[aspirin|flat|identity_quadratic|seed=3] epoch   1/50 loss=4.7637 H8_eval=0.1692
[aspirin|flat|identity_quadratic|seed=3] epoch   5/50 loss=0.0090 H8_eval=0.1022
[aspirin|flat|identity_quadratic|seed=3] epoch  10/50 loss=0.0045 H8_eval=0.1617
[aspirin|flat|identity_quadratic|seed=3] epoch  15/50 loss=0.0054 H8_eval=0.1403
[aspirin|flat|identity_quadratic|seed=3] epoch  20/50 loss=0.0073 H8_eval=0.0615
[aspirin|flat|identity_quadratic|seed=3] epoch  25/50 loss=0.0034 H8_eval=0.0441
[aspirin|flat|identity_quadratic|seed=3] epoch  30/50 loss=0.0032 H8_eval=0.0487
[aspirin|flat|identity_quadratic|seed=3] epoch  35/50 loss=0.0031 H8_eval=0.0386
[aspirin|flat|identity_quadratic|seed=3] epoch  40/50 loss=0.0031 H8_eval=0.0450
[aspirin|flat|identity_quadratic|seed=3] epoch  45/50 loss=0.0031 H8_eval=0.0372
[aspirin|flat|identity_quadratic|seed=3] epoch  50/50 loss=0.0030 H8_eval=0.0606
=== Finished aspirin|flat|identity_quadratic|w=0.005|seed=3 | H1=0.0435 H8=0.0659 H16=0.1634 | r_eff=1.00 | wall=428.1s ===
  -> saved partial results to rmd17_identity_weight_sweep.json

=== Starting aspirin|flat|identity_quadratic|w=0.005|seed=4 (10/15) ===
[aspirin|flat|identity_quadratic|seed=4] epoch   1/50 loss=6.7333 H8_eval=0.1931
[aspirin|flat|identity_quadratic|seed=4] epoch   5/50 loss=0.0095 H8_eval=0.1119
[aspirin|flat|identity_quadratic|seed=4] epoch  10/50 loss=0.0078 H8_eval=0.1475
[aspirin|flat|identity_quadratic|seed=4] epoch  15/50 loss=0.0645 H8_eval=0.7027
[aspirin|flat|identity_quadratic|seed=4] epoch  20/50 loss=0.0040 H8_eval=0.0556
[aspirin|flat|identity_quadratic|seed=4] epoch  25/50 loss=0.0032 H8_eval=0.0506
[aspirin|flat|identity_quadratic|seed=4] epoch  30/50 loss=0.0029 H8_eval=0.0496
[aspirin|flat|identity_quadratic|seed=4] epoch  35/50 loss=0.0029 H8_eval=0.0640
[aspirin|flat|identity_quadratic|seed=4] epoch  40/50 loss=0.0028 H8_eval=0.0498
[aspirin|flat|identity_quadratic|seed=4] epoch  45/50 loss=0.0028 H8_eval=0.0732
[aspirin|flat|identity_quadratic|seed=4] epoch  50/50 loss=0.0027 H8_eval=0.0445
=== Finished aspirin|flat|identity_quadratic|w=0.005|seed=4 | H1=0.0436 H8=0.0445 H16=0.0566 | r_eff=1.00 | wall=428.0s ===
  -> saved partial results to rmd17_identity_weight_sweep.json

=== Starting aspirin|flat|identity_quadratic|w=0.01|seed=0 (11/15) ===
[aspirin|flat|identity_quadratic|seed=0] epoch   1/50 loss=10.4114 H8_eval=0.2403
[aspirin|flat|identity_quadratic|seed=0] epoch   5/50 loss=0.0178 H8_eval=0.2467
