nohup: ignoring input
device=cuda (NVIDIA GeForce RTX 4090)
Resume: 21/21 runs pending
output: /workspace/causalworld/3bpa_mechanism.json

=== Starting 3bpa|flat|none|seed=0 (1/21) ===
=== FAILED 3bpa|flat|none|seed=0: Requested 80 but only 49 candidates for dataset_id='3bpa', stride=10, horizon=16 ===
Traceback (most recent call last):
  File "/workspace/causalworld/scripts/run_3bpa_mechanism.py", line 138, in main
    result = train_one_seed(config)
             ^^^^^^^^^^^^^^^^^^^^^^
  File "/workspace/causalworld/scripts/train_rmd17.py", line 475, in train_one_seed
    eval_transitions = collect_dataset_transitions(
                       ^^^^^^^^^^^^^^^^^^^^^^^^^^^^
  File "/workspace/causalworld/scripts/train_rmd17.py", line 211, in collect_dataset_transitions
    return collect_particle_transitions(dataset_id=dataset_id, **kwargs)
           ^^^^^^^^^^^^^^^^^^^^^^^^^^^^^^^^^^^^^^^^^^^^^^^^^^^^^^^^^^^^^
  File "/workspace/causalworld/scripts/particle_loader.py", line 216, in collect_particle_transitions
    raise ValueError(
ValueError: Requested 80 but only 49 candidates for dataset_id='3bpa', stride=10, horizon=16

  -> saved partial; avg=1s/run; ETA=0min

=== Starting 3bpa|flat|none|seed=1 (2/21) ===
=== FAILED 3bpa|flat|none|seed=1: Requested 80 but only 49 candidates for dataset_id='3bpa', stride=10, horizon=16 ===
Traceback (most recent call last):
  File "/workspace/causalworld/scripts/run_3bpa_mechanism.py", line 138, in main
    result = train_one_seed(config)
             ^^^^^^^^^^^^^^^^^^^^^^
  File "/workspace/causalworld/scripts/train_rmd17.py", line 475, in train_one_seed
    eval_transitions = collect_dataset_transitions(
                       ^^^^^^^^^^^^^^^^^^^^^^^^^^^^
  File "/workspace/causalworld/scripts/train_rmd17.py", line 211, in collect_dataset_transitions
    return collect_particle_transitions(dataset_id=dataset_id, **kwargs)
           ^^^^^^^^^^^^^^^^^^^^^^^^^^^^^^^^^^^^^^^^^^^^^^^^^^^^^^^^^^^^^
  File "/workspace/causalworld/scripts/particle_loader.py", line 216, in collect_particle_transitions
    raise ValueError(
ValueError: Requested 80 but only 49 candidates for dataset_id='3bpa', stride=10, horizon=16

  -> saved partial; avg=0s/run; ETA=0min

=== Starting 3bpa|flat|none|seed=2 (3/21) ===
=== FAILED 3bpa|flat|none|seed=2: Requested 80 but only 49 candidates for dataset_id='3bpa', stride=10, horizon=16 ===
Traceback (most recent call last):
  File "/workspace/causalworld/scripts/run_3bpa_mechanism.py", line 138, in main
    result = train_one_seed(config)
             ^^^^^^^^^^^^^^^^^^^^^^
  File "/workspace/causalworld/scripts/train_rmd17.py", line 475, in train_one_seed
    eval_transitions = collect_dataset_transitions(
                       ^^^^^^^^^^^^^^^^^^^^^^^^^^^^
  File "/workspace/causalworld/scripts/train_rmd17.py", line 211, in collect_dataset_transitions
    return collect_particle_transitions(dataset_id=dataset_id, **kwargs)
           ^^^^^^^^^^^^^^^^^^^^^^^^^^^^^^^^^^^^^^^^^^^^^^^^^^^^^^^^^^^^^
  File "/workspace/causalworld/scripts/particle_loader.py", line 216, in collect_particle_transitions
    raise ValueError(
ValueError: Requested 80 but only 49 candidates for dataset_id='3bpa', stride=10, horizon=16

  -> saved partial; avg=0s/run; ETA=0min

=== Starting 3bpa|flat|variance|seed=0 (4/21) ===
=== FAILED 3bpa|flat|variance|seed=0: Requested 80 but only 49 candidates for dataset_id='3bpa', stride=10, horizon=16 ===
Traceback (most recent call last):
  File "/workspace/causalworld/scripts/run_3bpa_mechanism.py", line 138, in main
    result = train_one_seed(config)
             ^^^^^^^^^^^^^^^^^^^^^^
  File "/workspace/causalworld/scripts/train_rmd17.py", line 475, in train_one_seed
    eval_transitions = collect_dataset_transitions(
                       ^^^^^^^^^^^^^^^^^^^^^^^^^^^^
  File "/workspace/causalworld/scripts/train_rmd17.py", line 211, in collect_dataset_transitions
    return collect_particle_transitions(dataset_id=dataset_id, **kwargs)
           ^^^^^^^^^^^^^^^^^^^^^^^^^^^^^^^^^^^^^^^^^^^^^^^^^^^^^^^^^^^^^
  File "/workspace/causalworld/scripts/particle_loader.py", line 216, in collect_particle_transitions
    raise ValueError(
ValueError: Requested 80 but only 49 candidates for dataset_id='3bpa', stride=10, horizon=16

  -> saved partial; avg=0s/run; ETA=0min

=== Starting 3bpa|flat|variance|seed=1 (5/21) ===
=== FAILED 3bpa|flat|variance|seed=1: Requested 80 but only 49 candidates for dataset_id='3bpa', stride=10, horizon=16 ===
Traceback (most recent call last):
  File "/workspace/causalworld/scripts/run_3bpa_mechanism.py", line 138, in main
    result = train_one_seed(config)
             ^^^^^^^^^^^^^^^^^^^^^^
  File "/workspace/causalworld/scripts/train_rmd17.py", line 475, in train_one_seed
    eval_transitions = collect_dataset_transitions(
                       ^^^^^^^^^^^^^^^^^^^^^^^^^^^^
  File "/workspace/causalworld/scripts/train_rmd17.py", line 211, in collect_dataset_transitions
    return collect_particle_transitions(dataset_id=dataset_id, **kwargs)
           ^^^^^^^^^^^^^^^^^^^^^^^^^^^^^^^^^^^^^^^^^^^^^^^^^^^^^^^^^^^^^
  File "/workspace/causalworld/scripts/particle_loader.py", line 216, in collect_particle_transitions
    raise ValueError(
ValueError: Requested 80 but only 49 candidates for dataset_id='3bpa', stride=10, horizon=16

  -> saved partial; avg=0s/run; ETA=0min

=== Starting 3bpa|flat|variance|seed=2 (6/21) ===
=== FAILED 3bpa|flat|variance|seed=2: Requested 80 but only 49 candidates for dataset_id='3bpa', stride=10, horizon=16 ===
Traceback (most recent call last):
  File "/workspace/causalworld/scripts/run_3bpa_mechanism.py", line 138, in main
    result = train_one_seed(config)
             ^^^^^^^^^^^^^^^^^^^^^^
  File "/workspace/causalworld/scripts/train_rmd17.py", line 475, in train_one_seed
    eval_transitions = collect_dataset_transitions(
                       ^^^^^^^^^^^^^^^^^^^^^^^^^^^^
  File "/workspace/causalworld/scripts/train_rmd17.py", line 211, in collect_dataset_transitions
    return collect_particle_transitions(dataset_id=dataset_id, **kwargs)
           ^^^^^^^^^^^^^^^^^^^^^^^^^^^^^^^^^^^^^^^^^^^^^^^^^^^^^^^^^^^^^
  File "/workspace/causalworld/scripts/particle_loader.py", line 216, in collect_particle_transitions
    raise ValueError(
ValueError: Requested 80 but only 49 candidates for dataset_id='3bpa', stride=10, horizon=16

  -> saved partial; avg=0s/run; ETA=0min

=== Starting 3bpa|flat|covariance|seed=0 (7/21) ===
=== FAILED 3bpa|flat|covariance|seed=0: Requested 80 but only 49 candidates for dataset_id='3bpa', stride=10, horizon=16 ===
Traceback (most recent call last):
  File "/workspace/causalworld/scripts/run_3bpa_mechanism.py", line 138, in main
    result = train_one_seed(config)
             ^^^^^^^^^^^^^^^^^^^^^^
  File "/workspace/causalworld/scripts/train_rmd17.py", line 475, in train_one_seed
    eval_transitions = collect_dataset_transitions(
                       ^^^^^^^^^^^^^^^^^^^^^^^^^^^^
  File "/workspace/causalworld/scripts/train_rmd17.py", line 211, in collect_dataset_transitions
    return collect_particle_transitions(dataset_id=dataset_id, **kwargs)
           ^^^^^^^^^^^^^^^^^^^^^^^^^^^^^^^^^^^^^^^^^^^^^^^^^^^^^^^^^^^^^
  File "/workspace/causalworld/scripts/particle_loader.py", line 216, in collect_particle_transitions
    raise ValueError(
ValueError: Requested 80 but only 49 candidates for dataset_id='3bpa', stride=10, horizon=16

  -> saved partial; avg=0s/run; ETA=0min

=== Starting 3bpa|flat|covariance|seed=1 (8/21) ===
=== FAILED 3bpa|flat|covariance|seed=1: Requested 80 but only 49 candidates for dataset_id='3bpa', stride=10, horizon=16 ===
Traceback (most recent call last):
  File "/workspace/causalworld/scripts/run_3bpa_mechanism.py", line 138, in main
    result = train_one_seed(config)
             ^^^^^^^^^^^^^^^^^^^^^^
  File "/workspace/causalworld/scripts/train_rmd17.py", line 475, in train_one_seed
    eval_transitions = collect_dataset_transitions(
                       ^^^^^^^^^^^^^^^^^^^^^^^^^^^^
  File "/workspace/causalworld/scripts/train_rmd17.py", line 211, in collect_dataset_transitions
    return collect_particle_transitions(dataset_id=dataset_id, **kwargs)
           ^^^^^^^^^^^^^^^^^^^^^^^^^^^^^^^^^^^^^^^^^^^^^^^^^^^^^^^^^^^^^
  File "/workspace/causalworld/scripts/particle_loader.py", line 216, in collect_particle_transitions
    raise ValueError(
ValueError: Requested 80 but only 49 candidates for dataset_id='3bpa', stride=10, horizon=16

  -> saved partial; avg=0s/run; ETA=0min

=== Starting 3bpa|flat|covariance|seed=2 (9/21) ===
=== FAILED 3bpa|flat|covariance|seed=2: Requested 80 but only 49 candidates for dataset_id='3bpa', stride=10, horizon=16 ===
Traceback (most recent call last):
  File "/workspace/causalworld/scripts/run_3bpa_mechanism.py", line 138, in main
    result = train_one_seed(config)
             ^^^^^^^^^^^^^^^^^^^^^^
  File "/workspace/causalworld/scripts/train_rmd17.py", line 475, in train_one_seed
    eval_transitions = collect_dataset_transitions(
                       ^^^^^^^^^^^^^^^^^^^^^^^^^^^^
  File "/workspace/causalworld/scripts/train_rmd17.py", line 211, in collect_dataset_transitions
    return collect_particle_transitions(dataset_id=dataset_id, **kwargs)
           ^^^^^^^^^^^^^^^^^^^^^^^^^^^^^^^^^^^^^^^^^^^^^^^^^^^^^^^^^^^^^
  File "/workspace/causalworld/scripts/particle_loader.py", line 216, in collect_particle_transitions
    raise ValueError(
ValueError: Requested 80 but only 49 candidates for dataset_id='3bpa', stride=10, horizon=16

  -> saved partial; avg=0s/run; ETA=0min

=== Starting 3bpa|flat|sigreg|seed=0 (10/21) ===
=== FAILED 3bpa|flat|sigreg|seed=0: Requested 80 but only 49 candidates for dataset_id='3bpa', stride=10, horizon=16 ===
Traceback (most recent call last):
  File "/workspace/causalworld/scripts/run_3bpa_mechanism.py", line 138, in main
    result = train_one_seed(config)
             ^^^^^^^^^^^^^^^^^^^^^^
  File "/workspace/causalworld/scripts/train_rmd17.py", line 475, in train_one_seed
    eval_transitions = collect_dataset_transitions(
                       ^^^^^^^^^^^^^^^^^^^^^^^^^^^^
  File "/workspace/causalworld/scripts/train_rmd17.py", line 211, in collect_dataset_transitions
    return collect_particle_transitions(dataset_id=dataset_id, **kwargs)
           ^^^^^^^^^^^^^^^^^^^^^^^^^^^^^^^^^^^^^^^^^^^^^^^^^^^^^^^^^^^^^
  File "/workspace/causalworld/scripts/particle_loader.py", line 216, in collect_particle_transitions
    raise ValueError(
ValueError: Requested 80 but only 49 candidates for dataset_id='3bpa', stride=10, horizon=16

  -> saved partial; avg=0s/run; ETA=0min

=== Starting 3bpa|flat|sigreg|seed=1 (11/21) ===
=== FAILED 3bpa|flat|sigreg|seed=1: Requested 80 but only 49 candidates for dataset_id='3bpa', stride=10, horizon=16 ===
Traceback (most recent call last):
  File "/workspace/causalworld/scripts/run_3bpa_mechanism.py", line 138, in main
    result = train_one_seed(config)
             ^^^^^^^^^^^^^^^^^^^^^^
  File "/workspace/causalworld/scripts/train_rmd17.py", line 475, in train_one_seed
    eval_transitions = collect_dataset_transitions(
                       ^^^^^^^^^^^^^^^^^^^^^^^^^^^^
  File "/workspace/causalworld/scripts/train_rmd17.py", line 211, in collect_dataset_transitions
    return collect_particle_transitions(dataset_id=dataset_id, **kwargs)
           ^^^^^^^^^^^^^^^^^^^^^^^^^^^^^^^^^^^^^^^^^^^^^^^^^^^^^^^^^^^^^
  File "/workspace/causalworld/scripts/particle_loader.py", line 216, in collect_particle_transitions
    raise ValueError(
ValueError: Requested 80 but only 49 candidates for dataset_id='3bpa', stride=10, horizon=16

  -> saved partial; avg=0s/run; ETA=0min

=== Starting 3bpa|flat|sigreg|seed=2 (12/21) ===
=== FAILED 3bpa|flat|sigreg|seed=2: Requested 80 but only 49 candidates for dataset_id='3bpa', stride=10, horizon=16 ===
Traceback (most recent call last):
  File "/workspace/causalworld/scripts/run_3bpa_mechanism.py", line 138, in main
    result = train_one_seed(config)
             ^^^^^^^^^^^^^^^^^^^^^^
  File "/workspace/causalworld/scripts/train_rmd17.py", line 475, in train_one_seed
    eval_transitions = collect_dataset_transitions(
                       ^^^^^^^^^^^^^^^^^^^^^^^^^^^^
  File "/workspace/causalworld/scripts/train_rmd17.py", line 211, in collect_dataset_transitions
    return collect_particle_transitions(dataset_id=dataset_id, **kwargs)
           ^^^^^^^^^^^^^^^^^^^^^^^^^^^^^^^^^^^^^^^^^^^^^^^^^^^^^^^^^^^^^
  File "/workspace/causalworld/scripts/particle_loader.py", line 216, in collect_particle_transitions
    raise ValueError(
ValueError: Requested 80 but only 49 candidates for dataset_id='3bpa', stride=10, horizon=16

  -> saved partial; avg=0s/run; ETA=0min

=== Starting 3bpa|flat|spectral|seed=0 (13/21) ===
=== FAILED 3bpa|flat|spectral|seed=0: Requested 80 but only 49 candidates for dataset_id='3bpa', stride=10, horizon=16 ===
Traceback (most recent call last):
  File "/workspace/causalworld/scripts/run_3bpa_mechanism.py", line 138, in main
    result = train_one_seed(config)
             ^^^^^^^^^^^^^^^^^^^^^^
  File "/workspace/causalworld/scripts/train_rmd17.py", line 475, in train_one_seed
    eval_transitions = collect_dataset_transitions(
                       ^^^^^^^^^^^^^^^^^^^^^^^^^^^^
  File "/workspace/causalworld/scripts/train_rmd17.py", line 211, in collect_dataset_transitions
    return collect_particle_transitions(dataset_id=dataset_id, **kwargs)
           ^^^^^^^^^^^^^^^^^^^^^^^^^^^^^^^^^^^^^^^^^^^^^^^^^^^^^^^^^^^^^
  File "/workspace/causalworld/scripts/particle_loader.py", line 216, in collect_particle_transitions
    raise ValueError(
ValueError: Requested 80 but only 49 candidates for dataset_id='3bpa', stride=10, horizon=16

  -> saved partial; avg=0s/run; ETA=0min

=== Starting 3bpa|flat|spectral|seed=1 (14/21) ===
=== FAILED 3bpa|flat|spectral|seed=1: Requested 80 but only 49 candidates for dataset_id='3bpa', stride=10, horizon=16 ===
Traceback (most recent call last):
  File "/workspace/causalworld/scripts/run_3bpa_mechanism.py", line 138, in main
    result = train_one_seed(config)
             ^^^^^^^^^^^^^^^^^^^^^^
  File "/workspace/causalworld/scripts/train_rmd17.py", line 475, in train_one_seed
    eval_transitions = collect_dataset_transitions(
                       ^^^^^^^^^^^^^^^^^^^^^^^^^^^^
  File "/workspace/causalworld/scripts/train_rmd17.py", line 211, in collect_dataset_transitions
    return collect_particle_transitions(dataset_id=dataset_id, **kwargs)
           ^^^^^^^^^^^^^^^^^^^^^^^^^^^^^^^^^^^^^^^^^^^^^^^^^^^^^^^^^^^^^
  File "/workspace/causalworld/scripts/particle_loader.py", line 216, in collect_particle_transitions
    raise ValueError(
ValueError: Requested 80 but only 49 candidates for dataset_id='3bpa', stride=10, horizon=16

  -> saved partial; avg=0s/run; ETA=0min

=== Starting 3bpa|flat|spectral|seed=2 (15/21) ===
=== FAILED 3bpa|flat|spectral|seed=2: Requested 80 but only 49 candidates for dataset_id='3bpa', stride=10, horizon=16 ===
Traceback (most recent call last):
  File "/workspace/causalworld/scripts/run_3bpa_mechanism.py", line 138, in main
    result = train_one_seed(config)
             ^^^^^^^^^^^^^^^^^^^^^^
  File "/workspace/causalworld/scripts/train_rmd17.py", line 475, in train_one_seed
    eval_transitions = collect_dataset_transitions(
                       ^^^^^^^^^^^^^^^^^^^^^^^^^^^^
  File "/workspace/causalworld/scripts/train_rmd17.py", line 211, in collect_dataset_transitions
    return collect_particle_transitions(dataset_id=dataset_id, **kwargs)
           ^^^^^^^^^^^^^^^^^^^^^^^^^^^^^^^^^^^^^^^^^^^^^^^^^^^^^^^^^^^^^
  File "/workspace/causalworld/scripts/particle_loader.py", line 216, in collect_particle_transitions
    raise ValueError(
ValueError: Requested 80 but only 49 candidates for dataset_id='3bpa', stride=10, horizon=16

  -> saved partial; avg=0s/run; ETA=0min

=== Starting 3bpa|flat|permuted_spectral|seed=0 (16/21) ===
=== FAILED 3bpa|flat|permuted_spectral|seed=0: Requested 80 but only 49 candidates for dataset_id='3bpa', stride=10, horizon=16 ===
Traceback (most recent call last):
  File "/workspace/causalworld/scripts/run_3bpa_mechanism.py", line 138, in main
    result = train_one_seed(config)
             ^^^^^^^^^^^^^^^^^^^^^^
  File "/workspace/causalworld/scripts/train_rmd17.py", line 475, in train_one_seed
    eval_transitions = collect_dataset_transitions(
                       ^^^^^^^^^^^^^^^^^^^^^^^^^^^^
  File "/workspace/causalworld/scripts/train_rmd17.py", line 211, in collect_dataset_transitions
    return collect_particle_transitions(dataset_id=dataset_id, **kwargs)
           ^^^^^^^^^^^^^^^^^^^^^^^^^^^^^^^^^^^^^^^^^^^^^^^^^^^^^^^^^^^^^
  File "/workspace/causalworld/scripts/particle_loader.py", line 216, in collect_particle_transitions
    raise ValueError(
ValueError: Requested 80 but only 49 candidates for dataset_id='3bpa', stride=10, horizon=16

  -> saved partial; avg=0s/run; ETA=0min

=== Starting 3bpa|flat|permuted_spectral|seed=1 (17/21) ===
=== FAILED 3bpa|flat|permuted_spectral|seed=1: Requested 80 but only 49 candidates for dataset_id='3bpa', stride=10, horizon=16 ===
Traceback (most recent call last):
  File "/workspace/causalworld/scripts/run_3bpa_mechanism.py", line 138, in main
    result = train_one_seed(config)
             ^^^^^^^^^^^^^^^^^^^^^^
  File "/workspace/causalworld/scripts/train_rmd17.py", line 475, in train_one_seed
    eval_transitions = collect_dataset_transitions(
                       ^^^^^^^^^^^^^^^^^^^^^^^^^^^^
  File "/workspace/causalworld/scripts/train_rmd17.py", line 211, in collect_dataset_transitions
    return collect_particle_transitions(dataset_id=dataset_id, **kwargs)
           ^^^^^^^^^^^^^^^^^^^^^^^^^^^^^^^^^^^^^^^^^^^^^^^^^^^^^^^^^^^^^
  File "/workspace/causalworld/scripts/particle_loader.py", line 216, in collect_particle_transitions
    raise ValueError(
ValueError: Requested 80 but only 49 candidates for dataset_id='3bpa', stride=10, horizon=16

  -> saved partial; avg=0s/run; ETA=0min

=== Starting 3bpa|flat|permuted_spectral|seed=2 (18/21) ===
=== FAILED 3bpa|flat|permuted_spectral|seed=2: Requested 80 but only 49 candidates for dataset_id='3bpa', stride=10, horizon=16 ===
Traceback (most recent call last):
  File "/workspace/causalworld/scripts/run_3bpa_mechanism.py", line 138, in main
    result = train_one_seed(config)
             ^^^^^^^^^^^^^^^^^^^^^^
  File "/workspace/causalworld/scripts/train_rmd17.py", line 475, in train_one_seed
    eval_transitions = collect_dataset_transitions(
                       ^^^^^^^^^^^^^^^^^^^^^^^^^^^^
  File "/workspace/causalworld/scripts/train_rmd17.py", line 211, in collect_dataset_transitions
    return collect_particle_transitions(dataset_id=dataset_id, **kwargs)
           ^^^^^^^^^^^^^^^^^^^^^^^^^^^^^^^^^^^^^^^^^^^^^^^^^^^^^^^^^^^^^
  File "/workspace/causalworld/scripts/particle_loader.py", line 216, in collect_particle_transitions
    raise ValueError(
ValueError: Requested 80 but only 49 candidates for dataset_id='3bpa', stride=10, horizon=16

  -> saved partial; avg=0s/run; ETA=0min

=== Starting 3bpa|flat|random_spectral|seed=0 (19/21) ===
=== FAILED 3bpa|flat|random_spectral|seed=0: Requested 80 but only 49 candidates for dataset_id='3bpa', stride=10, horizon=16 ===
Traceback (most recent call last):
  File "/workspace/causalworld/scripts/run_3bpa_mechanism.py", line 138, in main
    result = train_one_seed(config)
             ^^^^^^^^^^^^^^^^^^^^^^
  File "/workspace/causalworld/scripts/train_rmd17.py", line 475, in train_one_seed
    eval_transitions = collect_dataset_transitions(
                       ^^^^^^^^^^^^^^^^^^^^^^^^^^^^
  File "/workspace/causalworld/scripts/train_rmd17.py", line 211, in collect_dataset_transitions
    return collect_particle_transitions(dataset_id=dataset_id, **kwargs)
           ^^^^^^^^^^^^^^^^^^^^^^^^^^^^^^^^^^^^^^^^^^^^^^^^^^^^^^^^^^^^^
  File "/workspace/causalworld/scripts/particle_loader.py", line 216, in collect_particle_transitions
    raise ValueError(
ValueError: Requested 80 but only 49 candidates for dataset_id='3bpa', stride=10, horizon=16

  -> saved partial; avg=0s/run; ETA=0min

=== Starting 3bpa|flat|random_spectral|seed=1 (20/21) ===
=== FAILED 3bpa|flat|random_spectral|seed=1: Requested 80 but only 49 candidates for dataset_id='3bpa', stride=10, horizon=16 ===
Traceback (most recent call last):
  File "/workspace/causalworld/scripts/run_3bpa_mechanism.py", line 138, in main
    result = train_one_seed(config)
             ^^^^^^^^^^^^^^^^^^^^^^
  File "/workspace/causalworld/scripts/train_rmd17.py", line 475, in train_one_seed
    eval_transitions = collect_dataset_transitions(
                       ^^^^^^^^^^^^^^^^^^^^^^^^^^^^
  File "/workspace/causalworld/scripts/train_rmd17.py", line 211, in collect_dataset_transitions
    return collect_particle_transitions(dataset_id=dataset_id, **kwargs)
           ^^^^^^^^^^^^^^^^^^^^^^^^^^^^^^^^^^^^^^^^^^^^^^^^^^^^^^^^^^^^^
  File "/workspace/causalworld/scripts/particle_loader.py", line 216, in collect_particle_transitions
    raise ValueError(
ValueError: Requested 80 but only 49 candidates for dataset_id='3bpa', stride=10, horizon=16

  -> saved partial; avg=0s/run; ETA=0min

=== Starting 3bpa|flat|random_spectral|seed=2 (21/21) ===
=== FAILED 3bpa|flat|random_spectral|seed=2: Requested 80 but only 49 candidates for dataset_id='3bpa', stride=10, horizon=16 ===
Traceback (most recent call last):
  File "/workspace/causalworld/scripts/run_3bpa_mechanism.py", line 138, in main
    result = train_one_seed(config)
             ^^^^^^^^^^^^^^^^^^^^^^
  File "/workspace/causalworld/scripts/train_rmd17.py", line 475, in train_one_seed
    eval_transitions = collect_dataset_transitions(
                       ^^^^^^^^^^^^^^^^^^^^^^^^^^^^
  File "/workspace/causalworld/scripts/train_rmd17.py", line 211, in collect_dataset_transitions
    return collect_particle_transitions(dataset_id=dataset_id, **kwargs)
           ^^^^^^^^^^^^^^^^^^^^^^^^^^^^^^^^^^^^^^^^^^^^^^^^^^^^^^^^^^^^^
  File "/workspace/causalworld/scripts/particle_loader.py", line 216, in collect_particle_transitions
    raise ValueError(
ValueError: Requested 80 but only 49 candidates for dataset_id='3bpa', stride=10, horizon=16

  -> saved partial; avg=0s/run; ETA=0min

=== Summary by dataset and prior ===
dataset | prior | n | H=1 | H=8 | H=16 | r_eff | spec_align
3bpa | none | 0 | nan+-nan | nan+-nan | nan+-nan | nan | nan
3bpa | variance | 0 | nan+-nan | nan+-nan | nan+-nan | nan | nan
3bpa | covariance | 0 | nan+-nan | nan+-nan | nan+-nan | nan | nan
3bpa | sigreg | 0 | nan+-nan | nan+-nan | nan+-nan | nan | nan
3bpa | spectral | 0 | nan+-nan | nan+-nan | nan+-nan | nan | nan
3bpa | permuted_spectral | 0 | nan+-nan | nan+-nan | nan+-nan | nan | nan
3bpa | random_spectral | 0 | nan+-nan | nan+-nan | nan+-nan | nan | nan

Wrote /workspace/causalworld/3bpa_mechanism_summary.json
