Verified molecules in scripts.rmd17_loader.MOLECULES: benzene, toluene, naphthalene, salicylic
Verified npz files in /workspace/causalworld/data/rmd17_raw/rmd17/npz_data:
  - rmd17_benzene.npz
  - rmd17_toluene.npz
  - rmd17_naphthalene.npz
  - rmd17_salicylic.npz
device=cuda (NVIDIA RTX PRO 4500 Blackwell)
Planned runs: 4 molecules x 2 priors x 5 seeds = 40
SKIP existing benzene|flat|none|seed=0
SKIP existing benzene|flat|none|seed=1
SKIP existing benzene|flat|none|seed=2
SKIP existing benzene|flat|none|seed=3
SKIP existing benzene|flat|none|seed=4
SKIP existing benzene|flat|spectral|seed=0
SKIP existing benzene|flat|spectral|seed=1
SKIP existing benzene|flat|spectral|seed=2
SKIP existing benzene|flat|spectral|seed=3
SKIP existing benzene|flat|spectral|seed=4
SKIP existing toluene|flat|none|seed=0
SKIP existing toluene|flat|none|seed=1
SKIP existing toluene|flat|none|seed=2
SKIP existing toluene|flat|none|seed=3
SKIP existing toluene|flat|none|seed=4
SKIP existing toluene|flat|spectral|seed=0
SKIP existing toluene|flat|spectral|seed=1
SKIP existing toluene|flat|spectral|seed=2

=== Starting toluene|flat|spectral|seed=3 ===
[toluene|flat|spectral|seed=3] epoch   5/50 loss=0.0249 H8_eval=0.2680
[toluene|flat|spectral|seed=3] epoch  10/50 loss=0.0229 H8_eval=0.1101
[toluene|flat|spectral|seed=3] epoch  15/50 loss=0.0211 H8_eval=0.1116
[toluene|flat|spectral|seed=3] epoch  20/50 loss=0.0181 H8_eval=0.0724
[toluene|flat|spectral|seed=3] epoch  25/50 loss=0.0158 H8_eval=0.0910
[toluene|flat|spectral|seed=3] epoch  30/50 loss=0.0139 H8_eval=0.0974
[toluene|flat|spectral|seed=3] epoch  35/50 loss=0.0112 H8_eval=0.0620
[toluene|flat|spectral|seed=3] epoch  40/50 loss=0.0106 H8_eval=0.0733
[toluene|flat|spectral|seed=3] epoch  45/50 loss=0.0082 H8_eval=0.0567
[toluene|flat|spectral|seed=3] epoch  50/50 loss=0.0070 H8_eval=0.0502
[toluene|flat|spectral|seed=3] H16=0.058
  -> saved partial results to rmd17_extended_molecules.json

=== Starting toluene|flat|spectral|seed=4 ===
[toluene|flat|spectral|seed=4] epoch   5/50 loss=0.0148 H8_eval=0.1010
[toluene|flat|spectral|seed=4] epoch  10/50 loss=0.0129 H8_eval=0.1670
[toluene|flat|spectral|seed=4] epoch  15/50 loss=0.0108 H8_eval=0.1334
[toluene|flat|spectral|seed=4] epoch  20/50 loss=0.0092 H8_eval=0.0714
[toluene|flat|spectral|seed=4] epoch  25/50 loss=0.0081 H8_eval=0.1099
[toluene|flat|spectral|seed=4] epoch  30/50 loss=0.0188 H8_eval=0.4268
