nohup: ignoring input
device=cuda (NVIDIA GeForce RTX 4090)
Resume: 15/15 runs pending
output: /workspace/causalworld/rmd17_aspirin_identity_high_weight.json

=== Starting aspirin|flat|identity_quadratic|w=0.5|seed=0 (1/15) ===
[aspirin|flat|identity_quadratic|seed=0] epoch   1/50 loss=478.2377 H8_eval=0.2460
[aspirin|flat|identity_quadratic|seed=0] epoch   5/50 loss=0.0183 H8_eval=0.0644
[aspirin|flat|identity_quadratic|seed=0] epoch  10/50 loss=0.0141 H8_eval=0.0775
[aspirin|flat|identity_quadratic|seed=0] epoch  15/50 loss=0.0128 H8_eval=0.0489
[aspirin|flat|identity_quadratic|seed=0] epoch  20/50 loss=0.0126 H8_eval=0.0486
[aspirin|flat|identity_quadratic|seed=0] epoch  25/50 loss=0.0125 H8_eval=0.0688
[aspirin|flat|identity_quadratic|seed=0] epoch  30/50 loss=0.0122 H8_eval=0.0627
[aspirin|flat|identity_quadratic|seed=0] epoch  35/50 loss=0.0121 H8_eval=0.0562
[aspirin|flat|identity_quadratic|seed=0] epoch  40/50 loss=0.0116 H8_eval=0.0459
[aspirin|flat|identity_quadratic|seed=0] epoch  45/50 loss=0.0113 H8_eval=0.0640
[aspirin|flat|identity_quadratic|seed=0] epoch  50/50 loss=0.0110 H8_eval=0.0416
=== Finished aspirin|flat|identity_quadratic|w=0.5|seed=0 | H1=0.0303 H8=0.0403 H16=0.0667 | r_eff=1.00 | wall=1140.6s ===
  -> saved partial results to rmd17_aspirin_identity_high_weight.json

=== Starting aspirin|flat|identity_quadratic|w=0.5|seed=1 (2/15) ===
[aspirin|flat|identity_quadratic|seed=1] epoch   1/50 loss=655.3754 H8_eval=0.3212
[aspirin|flat|identity_quadratic|seed=1] epoch   5/50 loss=0.0237 H8_eval=0.0786
[aspirin|flat|identity_quadratic|seed=1] epoch  10/50 loss=0.0196 H8_eval=0.0517
[aspirin|flat|identity_quadratic|seed=1] epoch  15/50 loss=0.0180 H8_eval=0.0570
[aspirin|flat|identity_quadratic|seed=1] epoch  20/50 loss=0.0176 H8_eval=0.0809
