nohup: ignoring input
device=cuda (NVIDIA GeForce RTX 4090)
Resume: 15/15 runs pending
output: /workspace/causalworld/rmd17_aspirin_high_weight.json

=== Starting aspirin|flat|spectral|w=0.5|seed=0 (1/15) ===
[aspirin|flat|spectral|seed=0] epoch   1/50 loss=430.3975 H8_eval=0.2237
[aspirin|flat|spectral|seed=0] epoch   5/50 loss=0.5566 H8_eval=0.1445
[aspirin|flat|spectral|seed=0] epoch  10/50 loss=0.1299 H8_eval=0.0881
[aspirin|flat|spectral|seed=0] epoch  15/50 loss=0.0251 H8_eval=0.0496
[aspirin|flat|spectral|seed=0] epoch  20/50 loss=0.0120 H8_eval=0.0525
[aspirin|flat|spectral|seed=0] epoch  25/50 loss=0.0106 H8_eval=0.0494
[aspirin|flat|spectral|seed=0] epoch  30/50 loss=0.0102 H8_eval=0.0535
[aspirin|flat|spectral|seed=0] epoch  35/50 loss=0.0100 H8_eval=0.0567
[aspirin|flat|spectral|seed=0] epoch  40/50 loss=0.0096 H8_eval=0.0379
[aspirin|flat|spectral|seed=0] epoch  45/50 loss=0.0094 H8_eval=0.0531
[aspirin|flat|spectral|seed=0] epoch  50/50 loss=0.0092 H8_eval=0.0448
=== Finished aspirin|flat|spectral|w=0.5|seed=0 | H1=0.0306 H8=0.0449 H16=0.0680 | r_eff=1.00 | wall=1462.3s ===
  -> saved partial results to rmd17_aspirin_high_weight.json

=== Starting aspirin|flat|spectral|w=0.5|seed=1 (2/15) ===
[aspirin|flat|spectral|seed=1] epoch   1/50 loss=567.6283 H8_eval=0.1992
[aspirin|flat|spectral|seed=1] epoch   5/50 loss=0.0346 H8_eval=0.0820
[aspirin|flat|spectral|seed=1] epoch  10/50 loss=0.0217 H8_eval=0.0517
[aspirin|flat|spectral|seed=1] epoch  15/50 loss=0.0194 H8_eval=0.0466
[aspirin|flat|spectral|seed=1] epoch  20/50 loss=0.0191 H8_eval=0.0593
[aspirin|flat|spectral|seed=1] epoch  25/50 loss=0.0178 H8_eval=0.0849
[aspirin|flat|spectral|seed=1] epoch  30/50 loss=0.0174 H8_eval=0.0875
[aspirin|flat|spectral|seed=1] epoch  35/50 loss=0.0164 H8_eval=0.0592
[aspirin|flat|spectral|seed=1] epoch  40/50 loss=0.0167 H8_eval=0.0563
[aspirin|flat|spectral|seed=1] epoch  45/50 loss=0.0156 H8_eval=0.0857
[aspirin|flat|spectral|seed=1] epoch  50/50 loss=0.0146 H8_eval=0.0909
=== Finished aspirin|flat|spectral|w=0.5|seed=1 | H1=0.0304 H8=0.0896 H16=0.2016 | r_eff=1.00 | wall=1456.3s ===
  -> saved partial results to rmd17_aspirin_high_weight.json

=== Starting aspirin|flat|spectral|w=0.5|seed=2 (3/15) ===
[aspirin|flat|spectral|seed=2] epoch   1/50 loss=199.3137 H8_eval=0.1782
[aspirin|flat|spectral|seed=2] epoch   5/50 loss=0.0709 H8_eval=0.0907
[aspirin|flat|spectral|seed=2] epoch  10/50 loss=0.0280 H8_eval=0.0549
[aspirin|flat|spectral|seed=2] epoch  15/50 loss=0.0208 H8_eval=0.0683
[aspirin|flat|spectral|seed=2] epoch  20/50 loss=0.0194 H8_eval=0.0477
[aspirin|flat|spectral|seed=2] epoch  25/50 loss=0.0181 H8_eval=0.0525
[aspirin|flat|spectral|seed=2] epoch  30/50 loss=0.0173 H8_eval=0.0397
[aspirin|flat|spectral|seed=2] epoch  35/50 loss=0.0162 H8_eval=0.1162
[aspirin|flat|spectral|seed=2] epoch  40/50 loss=0.0153 H8_eval=0.1602
[aspirin|flat|spectral|seed=2] epoch  45/50 loss=0.0137 H8_eval=0.0627
[aspirin|flat|spectral|seed=2] epoch  50/50 loss=0.0129 H8_eval=0.0745
=== Finished aspirin|flat|spectral|w=0.5|seed=2 | H1=0.0428 H8=0.0814 H16=0.1393 | r_eff=1.00 | wall=1489.2s ===
  -> saved partial results to rmd17_aspirin_high_weight.json

=== Starting aspirin|flat|spectral|w=0.5|seed=3 (4/15) ===
[aspirin|flat|spectral|seed=3] epoch   1/50 loss=349.5137 H8_eval=0.2477
[aspirin|flat|spectral|seed=3] epoch   5/50 loss=0.7768 H8_eval=0.1113
[aspirin|flat|spectral|seed=3] epoch  10/50 loss=0.0738 H8_eval=0.0811
[aspirin|flat|spectral|seed=3] epoch  15/50 loss=0.0268 H8_eval=0.0454
[aspirin|flat|spectral|seed=3] epoch  20/50 loss=0.0240 H8_eval=0.0779
[aspirin|flat|spectral|seed=3] epoch  25/50 loss=0.0240 H8_eval=0.1031
