fatal: pathspec 'checkpoints/' did not match any files
On branch main
Your branch is up to date with 'origin/main'.

Untracked files:
  (use "git add <file>..." to include in what will be committed)
	auto_push.sh
	logs/auto_push.log

nothing added to commit but untracked files present (use "git add" to track)
Everything up-to-date
[main 593322f] auto: cloud partial 20260426_2330
 11 files changed, 44964 insertions(+)
 create mode 100644 logs/auto_push.log
 create mode 100644 rmd17_hidden_dim_ablation.json
 create mode 100644 rmd17_latent_dim_ablation.json
 create mode 100644 rmd17_num_epochs_ablation.json
To https://github.com/2GyounnnG/causalworld.git
   98aee8a..593322f  main -> main
[main 001912a] auto: cloud partial 20260427_0000
 11 files changed, 37376 insertions(+)
To https://github.com/2GyounnnG/causalworld.git
   593322f..001912a  main -> main
[main 13b13ce] auto: cloud partial 20260427_0030
 11 files changed, 52295 insertions(+)
To https://github.com/2GyounnnG/causalworld.git
   001912a..13b13ce  main -> main
[main beaf867] auto: cloud partial 20260427_0100
 11 files changed, 52293 insertions(+)
To https://github.com/2GyounnnG/causalworld.git
   13b13ce..beaf867  main -> main
[main 16e91a0] auto: cloud partial 20260427_0130
 12 files changed, 44843 insertions(+)
 create mode 100644 logs/iso17.log
hint: the same ref. If you want to integrate the remote changes, use
hint: 'git pull' before pushing again.
hint: See the 'Note about fast-forwards' in 'git push --help' for details.
