nohup: ignoring input
device=cuda (NVIDIA GeForce RTX 4090)
Resume: 20/20 runs pending
output: /workspace/causalworld/rmd17_ethanol_identity_weight.json

=== Starting ethanol|flat|identity_quadratic|w=0.001|seed=0 (1/20) ===
[ethanol|flat|identity_quadratic|seed=0] epoch   1/50 loss=0.1898 H8_eval=0.0706
[ethanol|flat|identity_quadratic|seed=0] epoch   5/50 loss=0.0037 H8_eval=0.0004
[ethanol|flat|identity_quadratic|seed=0] epoch  10/50 loss=0.0008 H8_eval=0.0001
[ethanol|flat|identity_quadratic|seed=0] epoch  15/50 loss=0.0003 H8_eval=0.0000
[ethanol|flat|identity_quadratic|seed=0] epoch  20/50 loss=0.0001 H8_eval=0.0018
[ethanol|flat|identity_quadratic|seed=0] epoch  25/50 loss=0.0000 H8_eval=0.0021
[ethanol|flat|identity_quadratic|seed=0] epoch  30/50 loss=0.0000 H8_eval=0.0079
[ethanol|flat|identity_quadratic|seed=0] epoch  35/50 loss=0.0000 H8_eval=0.0122
[ethanol|flat|identity_quadratic|seed=0] epoch  40/50 loss=0.0000 H8_eval=0.0054
[ethanol|flat|identity_quadratic|seed=0] epoch  45/50 loss=0.0000 H8_eval=0.0160
[ethanol|flat|identity_quadratic|seed=0] epoch  50/50 loss=0.0000 H8_eval=0.0300
=== Finished ethanol|flat|identity_quadratic|w=0.001|seed=0 | H1=0.0033 H8=0.0300 H16=0.0725 | r_eff=16.00 | wall=330.8s ===
  -> saved partial results to rmd17_ethanol_identity_weight.json

=== Starting ethanol|flat|identity_quadratic|w=0.001|seed=1 (2/20) ===
[ethanol|flat|identity_quadratic|seed=1] epoch   1/50 loss=0.2287 H8_eval=0.0646
[ethanol|flat|identity_quadratic|seed=1] epoch   5/50 loss=0.0032 H8_eval=0.0005
[ethanol|flat|identity_quadratic|seed=1] epoch  10/50 loss=0.0005 H8_eval=0.0001
[ethanol|flat|identity_quadratic|seed=1] epoch  15/50 loss=0.0001 H8_eval=0.0001
[ethanol|flat|identity_quadratic|seed=1] epoch  20/50 loss=0.0001 H8_eval=0.0014
[ethanol|flat|identity_quadratic|seed=1] epoch  25/50 loss=0.0000 H8_eval=0.0356
[ethanol|flat|identity_quadratic|seed=1] epoch  30/50 loss=0.0000 H8_eval=0.0338
[ethanol|flat|identity_quadratic|seed=1] epoch  35/50 loss=0.0000 H8_eval=0.0337
[ethanol|flat|identity_quadratic|seed=1] epoch  40/50 loss=0.0000 H8_eval=0.0113
[ethanol|flat|identity_quadratic|seed=1] epoch  45/50 loss=0.0000 H8_eval=0.0015
[ethanol|flat|identity_quadratic|seed=1] epoch  50/50 loss=0.0000 H8_eval=0.0170
=== Finished ethanol|flat|identity_quadratic|w=0.001|seed=1 | H1=0.0018 H8=0.0170 H16=0.0402 | r_eff=16.00 | wall=336.7s ===
  -> saved partial results to rmd17_ethanol_identity_weight.json

=== Starting ethanol|flat|identity_quadratic|w=0.001|seed=2 (3/20) ===
[ethanol|flat|identity_quadratic|seed=2] epoch   1/50 loss=0.1250 H8_eval=0.0523
[ethanol|flat|identity_quadratic|seed=2] epoch   5/50 loss=0.0030 H8_eval=0.0003
[ethanol|flat|identity_quadratic|seed=2] epoch  10/50 loss=0.0007 H8_eval=0.0089
[ethanol|flat|identity_quadratic|seed=2] epoch  15/50 loss=0.0003 H8_eval=0.0035
[ethanol|flat|identity_quadratic|seed=2] epoch  20/50 loss=0.0001 H8_eval=0.0124
[ethanol|flat|identity_quadratic|seed=2] epoch  25/50 loss=0.0001 H8_eval=0.0134
[ethanol|flat|identity_quadratic|seed=2] epoch  30/50 loss=0.0000 H8_eval=0.0223
[ethanol|flat|identity_quadratic|seed=2] epoch  35/50 loss=0.0000 H8_eval=0.0483
[ethanol|flat|identity_quadratic|seed=2] epoch  40/50 loss=0.0000 H8_eval=0.0189
[ethanol|flat|identity_quadratic|seed=2] epoch  45/50 loss=0.0000 H8_eval=0.0592
[ethanol|flat|identity_quadratic|seed=2] epoch  50/50 loss=0.0000 H8_eval=0.0251
=== Finished ethanol|flat|identity_quadratic|w=0.001|seed=2 | H1=0.0033 H8=0.0251 H16=0.0512 | r_eff=16.00 | wall=334.4s ===
  -> saved partial results to rmd17_ethanol_identity_weight.json

=== Starting ethanol|flat|identity_quadratic|w=0.001|seed=3 (4/20) ===
[ethanol|flat|identity_quadratic|seed=3] epoch   1/50 loss=0.1729 H8_eval=0.0649
[ethanol|flat|identity_quadratic|seed=3] epoch   5/50 loss=0.0030 H8_eval=0.0008
[ethanol|flat|identity_quadratic|seed=3] epoch  10/50 loss=0.0007 H8_eval=0.0002
[ethanol|flat|identity_quadratic|seed=3] epoch  15/50 loss=0.0003 H8_eval=0.0115
[ethanol|flat|identity_quadratic|seed=3] epoch  20/50 loss=0.0001 H8_eval=0.0276
[ethanol|flat|identity_quadratic|seed=3] epoch  25/50 loss=0.0001 H8_eval=0.0320
[ethanol|flat|identity_quadratic|seed=3] epoch  30/50 loss=0.0001 H8_eval=0.0609
[ethanol|flat|identity_quadratic|seed=3] epoch  35/50 loss=0.0001 H8_eval=0.0439
[ethanol|flat|identity_quadratic|seed=3] epoch  40/50 loss=0.0000 H8_eval=0.0687
[ethanol|flat|identity_quadratic|seed=3] epoch  45/50 loss=0.0000 H8_eval=0.0371
[ethanol|flat|identity_quadratic|seed=3] epoch  50/50 loss=0.0001 H8_eval=0.0392
=== Finished ethanol|flat|identity_quadratic|w=0.001|seed=3 | H1=0.0031 H8=0.0392 H16=0.2575 | r_eff=16.00 | wall=335.7s ===
  -> saved partial results to rmd17_ethanol_identity_weight.json

=== Starting ethanol|flat|identity_quadratic|w=0.001|seed=4 (5/20) ===
[ethanol|flat|identity_quadratic|seed=4] epoch   1/50 loss=0.2236 H8_eval=0.0964
[ethanol|flat|identity_quadratic|seed=4] epoch   5/50 loss=0.0028 H8_eval=0.0005
[ethanol|flat|identity_quadratic|seed=4] epoch  10/50 loss=0.0005 H8_eval=0.0002
[ethanol|flat|identity_quadratic|seed=4] epoch  15/50 loss=0.0002 H8_eval=0.0264
[ethanol|flat|identity_quadratic|seed=4] epoch  20/50 loss=0.0001 H8_eval=0.0013
[ethanol|flat|identity_quadratic|seed=4] epoch  25/50 loss=0.0001 H8_eval=0.0373
[ethanol|flat|identity_quadratic|seed=4] epoch  30/50 loss=0.0000 H8_eval=0.0067
[ethanol|flat|identity_quadratic|seed=4] epoch  35/50 loss=0.0000 H8_eval=0.0003
[ethanol|flat|identity_quadratic|seed=4] epoch  40/50 loss=0.0000 H8_eval=0.0018
[ethanol|flat|identity_quadratic|seed=4] epoch  45/50 loss=0.0000 H8_eval=0.0108
[ethanol|flat|identity_quadratic|seed=4] epoch  50/50 loss=0.0000 H8_eval=0.0495
=== Finished ethanol|flat|identity_quadratic|w=0.001|seed=4 | H1=0.0058 H8=0.0495 H16=0.1112 | r_eff=16.00 | wall=333.4s ===
  -> saved partial results to rmd17_ethanol_identity_weight.json

=== Starting ethanol|flat|identity_quadratic|w=0.005|seed=0 (6/20) ===
[ethanol|flat|identity_quadratic|seed=0] epoch   1/50 loss=0.4354 H8_eval=0.0500
[ethanol|flat|identity_quadratic|seed=0] epoch   5/50 loss=0.0033 H8_eval=0.0002
[ethanol|flat|identity_quadratic|seed=0] epoch  10/50 loss=0.0006 H8_eval=0.0000
[ethanol|flat|identity_quadratic|seed=0] epoch  15/50 loss=0.0002 H8_eval=0.0018
[ethanol|flat|identity_quadratic|seed=0] epoch  20/50 loss=0.0001 H8_eval=0.0048
[ethanol|flat|identity_quadratic|seed=0] epoch  25/50 loss=0.0000 H8_eval=0.0148
[ethanol|flat|identity_quadratic|seed=0] epoch  30/50 loss=0.0000 H8_eval=0.0209
[ethanol|flat|identity_quadratic|seed=0] epoch  35/50 loss=0.0000 H8_eval=0.0111
[ethanol|flat|identity_quadratic|seed=0] epoch  40/50 loss=0.0000 H8_eval=0.0189
[ethanol|flat|identity_quadratic|seed=0] epoch  45/50 loss=0.0000 H8_eval=0.0188
[ethanol|flat|identity_quadratic|seed=0] epoch  50/50 loss=0.0000 H8_eval=0.0124
=== Finished ethanol|flat|identity_quadratic|w=0.005|seed=0 | H1=0.0014 H8=0.0124 H16=0.0328 | r_eff=16.00 | wall=334.8s ===
  -> saved partial results to rmd17_ethanol_identity_weight.json

=== Starting ethanol|flat|identity_quadratic|w=0.005|seed=1 (7/20) ===
[ethanol|flat|identity_quadratic|seed=1] epoch   1/50 loss=0.5572 H8_eval=0.0621
[ethanol|flat|identity_quadratic|seed=1] epoch   5/50 loss=0.0029 H8_eval=0.0006
[ethanol|flat|identity_quadratic|seed=1] epoch  10/50 loss=0.0005 H8_eval=0.0002
[ethanol|flat|identity_quadratic|seed=1] epoch  15/50 loss=0.0001 H8_eval=0.0004
[ethanol|flat|identity_quadratic|seed=1] epoch  20/50 loss=0.0001 H8_eval=0.0121
[ethanol|flat|identity_quadratic|seed=1] epoch  25/50 loss=0.0000 H8_eval=0.0073
[ethanol|flat|identity_quadratic|seed=1] epoch  30/50 loss=0.0000 H8_eval=0.0069
[ethanol|flat|identity_quadratic|seed=1] epoch  35/50 loss=0.0000 H8_eval=0.0154
[ethanol|flat|identity_quadratic|seed=1] epoch  40/50 loss=0.0000 H8_eval=0.0223
[ethanol|flat|identity_quadratic|seed=1] epoch  45/50 loss=0.0000 H8_eval=0.0217
[ethanol|flat|identity_quadratic|seed=1] epoch  50/50 loss=0.0000 H8_eval=0.0369
=== Finished ethanol|flat|identity_quadratic|w=0.005|seed=1 | H1=0.0041 H8=0.0369 H16=0.0867 | r_eff=16.00 | wall=332.9s ===
  -> saved partial results to rmd17_ethanol_identity_weight.json

=== Starting ethanol|flat|identity_quadratic|w=0.005|seed=2 (8/20) ===
[ethanol|flat|identity_quadratic|seed=2] epoch   1/50 loss=0.2393 H8_eval=0.0548
[ethanol|flat|identity_quadratic|seed=2] epoch   5/50 loss=0.0024 H8_eval=0.0002
[ethanol|flat|identity_quadratic|seed=2] epoch  10/50 loss=0.0004 H8_eval=0.0075
[ethanol|flat|identity_quadratic|seed=2] epoch  15/50 loss=0.0001 H8_eval=0.0043
[ethanol|flat|identity_quadratic|seed=2] epoch  20/50 loss=0.0000 H8_eval=0.0053
[ethanol|flat|identity_quadratic|seed=2] epoch  25/50 loss=0.0000 H8_eval=0.0290
[ethanol|flat|identity_quadratic|seed=2] epoch  30/50 loss=0.0000 H8_eval=0.0078
[ethanol|flat|identity_quadratic|seed=2] epoch  35/50 loss=0.0000 H8_eval=0.0204
[ethanol|flat|identity_quadratic|seed=2] epoch  40/50 loss=0.0000 H8_eval=0.0188
[ethanol|flat|identity_quadratic|seed=2] epoch  45/50 loss=0.0000 H8_eval=0.0125
[ethanol|flat|identity_quadratic|seed=2] epoch  50/50 loss=0.0000 H8_eval=0.0178
=== Finished ethanol|flat|identity_quadratic|w=0.005|seed=2 | H1=0.0023 H8=0.0178 H16=0.0373 | r_eff=16.00 | wall=331.4s ===
  -> saved partial results to rmd17_ethanol_identity_weight.json

=== Starting ethanol|flat|identity_quadratic|w=0.005|seed=3 (9/20) ===
[ethanol|flat|identity_quadratic|seed=3] epoch   1/50 loss=0.3536 H8_eval=0.0613
[ethanol|flat|identity_quadratic|seed=3] epoch   5/50 loss=0.0026 H8_eval=0.0034
[ethanol|flat|identity_quadratic|seed=3] epoch  10/50 loss=0.0004 H8_eval=0.0265
[ethanol|flat|identity_quadratic|seed=3] epoch  15/50 loss=0.0001 H8_eval=0.0251
[ethanol|flat|identity_quadratic|seed=3] epoch  20/50 loss=0.0001 H8_eval=0.0706
[ethanol|flat|identity_quadratic|seed=3] epoch  25/50 loss=0.0000 H8_eval=0.0357
[ethanol|flat|identity_quadratic|seed=3] epoch  30/50 loss=0.0000 H8_eval=0.0001
[ethanol|flat|identity_quadratic|seed=3] epoch  35/50 loss=0.0000 H8_eval=0.0019
[ethanol|flat|identity_quadratic|seed=3] epoch  40/50 loss=0.0001 H8_eval=0.0636
[ethanol|flat|identity_quadratic|seed=3] epoch  45/50 loss=0.0000 H8_eval=0.0004
[ethanol|flat|identity_quadratic|seed=3] epoch  50/50 loss=0.0000 H8_eval=0.0486
=== Finished ethanol|flat|identity_quadratic|w=0.005|seed=3 | H1=0.0026 H8=0.0486 H16=0.4935 | r_eff=16.00 | wall=334.7s ===
  -> saved partial results to rmd17_ethanol_identity_weight.json

=== Starting ethanol|flat|identity_quadratic|w=0.005|seed=4 (10/20) ===
[ethanol|flat|identity_quadratic|seed=4] epoch   1/50 loss=0.5410 H8_eval=0.0663
[ethanol|flat|identity_quadratic|seed=4] epoch   5/50 loss=0.0025 H8_eval=0.0005
[ethanol|flat|identity_quadratic|seed=4] epoch  10/50 loss=0.0004 H8_eval=0.0052
[ethanol|flat|identity_quadratic|seed=4] epoch  15/50 loss=0.0001 H8_eval=0.0110
[ethanol|flat|identity_quadratic|seed=4] epoch  20/50 loss=0.0001 H8_eval=0.0018
[ethanol|flat|identity_quadratic|seed=4] epoch  25/50 loss=0.0000 H8_eval=0.0055
[ethanol|flat|identity_quadratic|seed=4] epoch  30/50 loss=0.0000 H8_eval=0.0000
[ethanol|flat|identity_quadratic|seed=4] epoch  35/50 loss=0.0000 H8_eval=0.0000
[ethanol|flat|identity_quadratic|seed=4] epoch  40/50 loss=0.0000 H8_eval=0.0667
[ethanol|flat|identity_quadratic|seed=4] epoch  45/50 loss=0.0000 H8_eval=0.0079
[ethanol|flat|identity_quadratic|seed=4] epoch  50/50 loss=0.0000 H8_eval=0.0018
=== Finished ethanol|flat|identity_quadratic|w=0.005|seed=4 | H1=0.0002 H8=0.0018 H16=0.0045 | r_eff=16.00 | wall=334.3s ===
  -> saved partial results to rmd17_ethanol_identity_weight.json

=== Starting ethanol|flat|identity_quadratic|w=0.01|seed=0 (11/20) ===
[ethanol|flat|identity_quadratic|seed=0] epoch   1/50 loss=0.7008 H8_eval=0.0546
[ethanol|flat|identity_quadratic|seed=0] epoch   5/50 loss=0.0031 H8_eval=0.0002
[ethanol|flat|identity_quadratic|seed=0] epoch  10/50 loss=0.0004 H8_eval=0.0001
[ethanol|flat|identity_quadratic|seed=0] epoch  15/50 loss=0.0001 H8_eval=0.0056
[ethanol|flat|identity_quadratic|seed=0] epoch  20/50 loss=0.0000 H8_eval=0.0137
[ethanol|flat|identity_quadratic|seed=0] epoch  25/50 loss=0.0000 H8_eval=0.0067
[ethanol|flat|identity_quadratic|seed=0] epoch  30/50 loss=0.0000 H8_eval=0.0035
[ethanol|flat|identity_quadratic|seed=0] epoch  35/50 loss=0.0000 H8_eval=0.0116
[ethanol|flat|identity_quadratic|seed=0] epoch  40/50 loss=0.0000 H8_eval=0.0090
[ethanol|flat|identity_quadratic|seed=0] epoch  45/50 loss=0.0000 H8_eval=0.0246
[ethanol|flat|identity_quadratic|seed=0] epoch  50/50 loss=0.0000 H8_eval=0.0060
=== Finished ethanol|flat|identity_quadratic|w=0.01|seed=0 | H1=0.0007 H8=0.0060 H16=0.0134 | r_eff=16.00 | wall=336.9s ===
  -> saved partial results to rmd17_ethanol_identity_weight.json

=== Starting ethanol|flat|identity_quadratic|w=0.01|seed=1 (12/20) ===
[ethanol|flat|identity_quadratic|seed=1] epoch   1/50 loss=0.9600 H8_eval=0.0652
[ethanol|flat|identity_quadratic|seed=1] epoch   5/50 loss=0.0030 H8_eval=0.0003
[ethanol|flat|identity_quadratic|seed=1] epoch  10/50 loss=0.0005 H8_eval=0.0001
[ethanol|flat|identity_quadratic|seed=1] epoch  15/50 loss=0.0001 H8_eval=0.0006
[ethanol|flat|identity_quadratic|seed=1] epoch  20/50 loss=0.0001 H8_eval=0.0040
[ethanol|flat|identity_quadratic|seed=1] epoch  25/50 loss=0.0000 H8_eval=0.0058
[ethanol|flat|identity_quadratic|seed=1] epoch  30/50 loss=0.0000 H8_eval=0.0063
[ethanol|flat|identity_quadratic|seed=1] epoch  35/50 loss=0.0000 H8_eval=0.0104
[ethanol|flat|identity_quadratic|seed=1] epoch  40/50 loss=0.0000 H8_eval=0.0146
[ethanol|flat|identity_quadratic|seed=1] epoch  45/50 loss=0.0000 H8_eval=0.0116
[ethanol|flat|identity_quadratic|seed=1] epoch  50/50 loss=0.0000 H8_eval=0.0136
=== Finished ethanol|flat|identity_quadratic|w=0.01|seed=1 | H1=0.0017 H8=0.0136 H16=0.0286 | r_eff=16.00 | wall=336.5s ===
  -> saved partial results to rmd17_ethanol_identity_weight.json

=== Starting ethanol|flat|identity_quadratic|w=0.01|seed=2 (13/20) ===
[ethanol|flat|identity_quadratic|seed=2] epoch   1/50 loss=0.3630 H8_eval=0.0423
[ethanol|flat|identity_quadratic|seed=2] epoch   5/50 loss=0.0021 H8_eval=0.0002
[ethanol|flat|identity_quadratic|seed=2] epoch  10/50 loss=0.0002 H8_eval=0.0068
[ethanol|flat|identity_quadratic|seed=2] epoch  15/50 loss=0.0001 H8_eval=0.0094
[ethanol|flat|identity_quadratic|seed=2] epoch  20/50 loss=0.0000 H8_eval=0.0093
[ethanol|flat|identity_quadratic|seed=2] epoch  25/50 loss=0.0000 H8_eval=0.0330
[ethanol|flat|identity_quadratic|seed=2] epoch  30/50 loss=0.0000 H8_eval=0.0337
[ethanol|flat|identity_quadratic|seed=2] epoch  35/50 loss=0.0000 H8_eval=0.0241
[ethanol|flat|identity_quadratic|seed=2] epoch  40/50 loss=0.0001 H8_eval=0.0337
[ethanol|flat|identity_quadratic|seed=2] epoch  45/50 loss=0.0000 H8_eval=0.0039
[ethanol|flat|identity_quadratic|seed=2] epoch  50/50 loss=0.0000 H8_eval=0.0255
=== Finished ethanol|flat|identity_quadratic|w=0.01|seed=2 | H1=0.0028 H8=0.0255 H16=0.0661 | r_eff=16.00 | wall=335.0s ===
  -> saved partial results to rmd17_ethanol_identity_weight.json

=== Starting ethanol|flat|identity_quadratic|w=0.01|seed=3 (14/20) ===
[ethanol|flat|identity_quadratic|seed=3] epoch   1/50 loss=0.5968 H8_eval=0.0461
[ethanol|flat|identity_quadratic|seed=3] epoch   5/50 loss=0.0023 H8_eval=0.0046
[ethanol|flat|identity_quadratic|seed=3] epoch  10/50 loss=0.0003 H8_eval=0.0075
[ethanol|flat|identity_quadratic|seed=3] epoch  15/50 loss=0.0001 H8_eval=0.0113
[ethanol|flat|identity_quadratic|seed=3] epoch  20/50 loss=0.0001 H8_eval=0.0326
[ethanol|flat|identity_quadratic|seed=3] epoch  25/50 loss=0.0001 H8_eval=0.0406
[ethanol|flat|identity_quadratic|seed=3] epoch  30/50 loss=0.0000 H8_eval=0.0005
[ethanol|flat|identity_quadratic|seed=3] epoch  35/50 loss=0.0000 H8_eval=0.0569
[ethanol|flat|identity_quadratic|seed=3] epoch  40/50 loss=0.0000 H8_eval=0.0641
[ethanol|flat|identity_quadratic|seed=3] epoch  45/50 loss=0.0000 H8_eval=0.0014
[ethanol|flat|identity_quadratic|seed=3] epoch  50/50 loss=0.0000 H8_eval=0.0058
=== Finished ethanol|flat|identity_quadratic|w=0.01|seed=3 | H1=0.0007 H8=0.0058 H16=0.0149 | r_eff=16.00 | wall=379.4s ===
  -> saved partial results to rmd17_ethanol_identity_weight.json

=== Starting ethanol|flat|identity_quadratic|w=0.01|seed=4 (15/20) ===
[ethanol|flat|identity_quadratic|seed=4] epoch   1/50 loss=0.9238 H8_eval=0.0593
[ethanol|flat|identity_quadratic|seed=4] epoch   5/50 loss=0.0024 H8_eval=0.0004
[ethanol|flat|identity_quadratic|seed=4] epoch  10/50 loss=0.0003 H8_eval=0.0002
[ethanol|flat|identity_quadratic|seed=4] epoch  15/50 loss=0.0001 H8_eval=0.0007
[ethanol|flat|identity_quadratic|seed=4] epoch  20/50 loss=0.0000 H8_eval=0.0052
[ethanol|flat|identity_quadratic|seed=4] epoch  25/50 loss=0.0000 H8_eval=0.0049
[ethanol|flat|identity_quadratic|seed=4] epoch  30/50 loss=0.0001 H8_eval=0.0291
[ethanol|flat|identity_quadratic|seed=4] epoch  35/50 loss=0.0000 H8_eval=0.0238
[ethanol|flat|identity_quadratic|seed=4] epoch  40/50 loss=0.0000 H8_eval=0.0341
[ethanol|flat|identity_quadratic|seed=4] epoch  45/50 loss=0.0001 H8_eval=0.0539
[ethanol|flat|identity_quadratic|seed=4] epoch  50/50 loss=0.0000 H8_eval=0.0549
=== Finished ethanol|flat|identity_quadratic|w=0.01|seed=4 | H1=0.0047 H8=0.0549 H16=0.1995 | r_eff=16.00 | wall=547.0s ===
  -> saved partial results to rmd17_ethanol_identity_weight.json

=== Starting ethanol|flat|identity_quadratic|w=0.1|seed=0 (16/20) ===
[ethanol|flat|identity_quadratic|seed=0] epoch   1/50 loss=5.8234 H8_eval=0.0480
[ethanol|flat|identity_quadratic|seed=0] epoch   5/50 loss=0.0017 H8_eval=0.0002
[ethanol|flat|identity_quadratic|seed=0] epoch  10/50 loss=0.0002 H8_eval=0.0000
[ethanol|flat|identity_quadratic|seed=0] epoch  15/50 loss=0.0001 H8_eval=0.0003
[ethanol|flat|identity_quadratic|seed=0] epoch  20/50 loss=0.0000 H8_eval=0.0026
[ethanol|flat|identity_quadratic|seed=0] epoch  25/50 loss=0.0000 H8_eval=0.0027
[ethanol|flat|identity_quadratic|seed=0] epoch  30/50 loss=0.0000 H8_eval=0.0269
[ethanol|flat|identity_quadratic|seed=0] epoch  35/50 loss=0.0000 H8_eval=0.0076
[ethanol|flat|identity_quadratic|seed=0] epoch  40/50 loss=0.0000 H8_eval=0.0500
[ethanol|flat|identity_quadratic|seed=0] epoch  45/50 loss=0.0000 H8_eval=0.0083
[ethanol|flat|identity_quadratic|seed=0] epoch  50/50 loss=0.0000 H8_eval=0.0028
=== Finished ethanol|flat|identity_quadratic|w=0.1|seed=0 | H1=0.0003 H8=0.0028 H16=0.0103 | r_eff=16.00 | wall=543.2s ===
  -> saved partial results to rmd17_ethanol_identity_weight.json

=== Starting ethanol|flat|identity_quadratic|w=0.1|seed=1 (17/20) ===
[ethanol|flat|identity_quadratic|seed=1] epoch   1/50 loss=8.2568 H8_eval=0.1115
[ethanol|flat|identity_quadratic|seed=1] epoch   5/50 loss=0.0021 H8_eval=0.0005
[ethanol|flat|identity_quadratic|seed=1] epoch  10/50 loss=0.0003 H8_eval=0.0050
[ethanol|flat|identity_quadratic|seed=1] epoch  15/50 loss=0.0001 H8_eval=0.0007
[ethanol|flat|identity_quadratic|seed=1] epoch  20/50 loss=0.0001 H8_eval=0.0029
[ethanol|flat|identity_quadratic|seed=1] epoch  25/50 loss=0.0000 H8_eval=0.0043
[ethanol|flat|identity_quadratic|seed=1] epoch  30/50 loss=0.0000 H8_eval=0.0030
[ethanol|flat|identity_quadratic|seed=1] epoch  35/50 loss=0.0000 H8_eval=0.0024
[ethanol|flat|identity_quadratic|seed=1] epoch  40/50 loss=0.0000 H8_eval=0.0038
[ethanol|flat|identity_quadratic|seed=1] epoch  45/50 loss=0.0000 H8_eval=0.0366
[ethanol|flat|identity_quadratic|seed=1] epoch  50/50 loss=0.0000 H8_eval=0.0018
=== Finished ethanol|flat|identity_quadratic|w=0.1|seed=1 | H1=0.0002 H8=0.0018 H16=0.0038 | r_eff=16.00 | wall=528.0s ===
  -> saved partial results to rmd17_ethanol_identity_weight.json

=== Starting ethanol|flat|identity_quadratic|w=0.1|seed=2 (18/20) ===
[ethanol|flat|identity_quadratic|seed=2] epoch   1/50 loss=2.5545 H8_eval=0.0328
[ethanol|flat|identity_quadratic|seed=2] epoch   5/50 loss=0.0011 H8_eval=0.0001
[ethanol|flat|identity_quadratic|seed=2] epoch  10/50 loss=0.0002 H8_eval=0.0101
[ethanol|flat|identity_quadratic|seed=2] epoch  15/50 loss=0.0001 H8_eval=0.0037
[ethanol|flat|identity_quadratic|seed=2] epoch  20/50 loss=0.0000 H8_eval=0.0031
[ethanol|flat|identity_quadratic|seed=2] epoch  25/50 loss=0.0000 H8_eval=0.0071
[ethanol|flat|identity_quadratic|seed=2] epoch  30/50 loss=0.0000 H8_eval=0.0107
[ethanol|flat|identity_quadratic|seed=2] epoch  35/50 loss=0.0000 H8_eval=0.0242
[ethanol|flat|identity_quadratic|seed=2] epoch  40/50 loss=0.0000 H8_eval=0.0091
[ethanol|flat|identity_quadratic|seed=2] epoch  45/50 loss=0.0000 H8_eval=0.0306
[ethanol|flat|identity_quadratic|seed=2] epoch  50/50 loss=0.0000 H8_eval=0.0159
=== Finished ethanol|flat|identity_quadratic|w=0.1|seed=2 | H1=0.0023 H8=0.0159 H16=0.0387 | r_eff=16.00 | wall=515.1s ===
  -> saved partial results to rmd17_ethanol_identity_weight.json

=== Starting ethanol|flat|identity_quadratic|w=0.1|seed=3 (19/20) ===
[ethanol|flat|identity_quadratic|seed=3] epoch   1/50 loss=4.9659 H8_eval=0.0674
[ethanol|flat|identity_quadratic|seed=3] epoch   5/50 loss=0.0011 H8_eval=0.0024
[ethanol|flat|identity_quadratic|seed=3] epoch  10/50 loss=0.0002 H8_eval=0.0074
[ethanol|flat|identity_quadratic|seed=3] epoch  15/50 loss=0.0001 H8_eval=0.0070
[ethanol|flat|identity_quadratic|seed=3] epoch  20/50 loss=0.0001 H8_eval=0.0065
