=== Starting scripts/run_10seed_hypergraph_200ep.py at Tue Apr 21 09:50:59 CST 2026 ===
=== Python: /home/user/miniforge3/envs/causalworld/bin/python
=== GPU: NVIDIA GeForce RTX 5060 Ti
device=cuda
gpu=NVIDIA GeForce RTX 5060 Ti
[hyper|none|seed=0] epoch 1/200 total=109.50 prior=0.00 H16_eval=0.82
[hyper|none|seed=0] epoch 2/200 total=2.85 prior=0.00 H16_eval=0.76
[hyper|none|seed=0] epoch 3/200 total=1.30 prior=0.00 H16_eval=0.52
[hyper|none|seed=0] epoch 4/200 total=1.16 prior=0.00 H16_eval=1.03
[hyper|none|seed=0] epoch 5/200 total=1.10 prior=0.00 H16_eval=1.28
[hyper|none|seed=0] epoch 6/200 total=0.98 prior=0.00 H16_eval=0.85
[hyper|none|seed=0] epoch 7/200 total=0.96 prior=0.00 H16_eval=0.96
[hyper|none|seed=0] epoch 8/200 total=0.87 prior=0.00 H16_eval=0.97
[hyper|none|seed=0] epoch 9/200 total=0.88 prior=0.00 H16_eval=0.75
[hyper|none|seed=0] epoch 10/200 total=0.78 prior=0.00 H16_eval=0.91
[hyper|none|seed=0] epoch 11/200 total=0.76 prior=0.00 H16_eval=0.83
[hyper|none|seed=0] epoch 12/200 total=0.69 prior=0.00 H16_eval=0.91
[hyper|none|seed=0] epoch 13/200 total=0.71 prior=0.00 H16_eval=1.21
[hyper|none|seed=0] epoch 14/200 total=0.60 prior=0.00 H16_eval=0.71
[hyper|none|seed=0] epoch 15/200 total=0.60 prior=0.00 H16_eval=1.15
[hyper|none|seed=0] epoch 16/200 total=0.64 prior=0.00 H16_eval=1.69
[hyper|none|seed=0] epoch 17/200 total=0.65 prior=0.00 H16_eval=0.76
[hyper|none|seed=0] epoch 18/200 total=0.58 prior=0.00 H16_eval=1.07
[hyper|none|seed=0] epoch 19/200 total=0.55 prior=0.00 H16_eval=0.94
[hyper|none|seed=0] epoch 20/200 total=0.63 prior=0.00 H16_eval=1.25
[hyper|none|seed=0] epoch 21/200 total=0.54 prior=0.00 H16_eval=0.74
[hyper|none|seed=0] epoch 22/200 total=0.49 prior=0.00 H16_eval=1.32
[hyper|none|seed=0] epoch 23/200 total=0.56 prior=0.00 H16_eval=0.89
[hyper|none|seed=0] epoch 24/200 total=0.50 prior=0.00 H16_eval=0.60
[hyper|none|seed=0] epoch 25/200 total=0.46 prior=0.00 H16_eval=0.40
[hyper|none|seed=0] epoch 26/200 total=0.45 prior=0.00 H16_eval=0.79
[hyper|none|seed=0] epoch 27/200 total=0.44 prior=0.00 H16_eval=0.77
[hyper|none|seed=0] epoch 28/200 total=0.43 prior=0.00 H16_eval=0.70
[hyper|none|seed=0] epoch 29/200 total=0.42 prior=0.00 H16_eval=0.84
[hyper|none|seed=0] epoch 30/200 total=0.43 prior=0.00 H16_eval=1.10
[hyper|none|seed=0] epoch 31/200 total=0.51 prior=0.00 H16_eval=0.57
[hyper|none|seed=0] epoch 32/200 total=0.45 prior=0.00 H16_eval=0.54
[hyper|none|seed=0] epoch 33/200 total=0.48 prior=0.00 H16_eval=0.73
[hyper|none|seed=0] epoch 34/200 total=0.39 prior=0.00 H16_eval=0.60
[hyper|none|seed=0] epoch 35/200 total=0.43 prior=0.00 H16_eval=1.03
[hyper|none|seed=0] epoch 36/200 total=0.40 prior=0.00 H16_eval=0.77
[hyper|none|seed=0] epoch 37/200 total=0.38 prior=0.00 H16_eval=0.51
[hyper|none|seed=0] epoch 38/200 total=0.40 prior=0.00 H16_eval=0.94
[hyper|none|seed=0] epoch 39/200 total=0.38 prior=0.00 H16_eval=0.65
[hyper|none|seed=0] epoch 40/200 total=0.39 prior=0.00 H16_eval=0.80
[hyper|none|seed=0] epoch 41/200 total=0.39 prior=0.00 H16_eval=0.61
[hyper|none|seed=0] epoch 42/200 total=0.39 prior=0.00 H16_eval=0.56
[hyper|none|seed=0] epoch 43/200 total=0.44 prior=0.00 H16_eval=0.69
[hyper|none|seed=0] epoch 44/200 total=0.35 prior=0.00 H16_eval=1.35
[hyper|none|seed=0] epoch 45/200 total=0.33 prior=0.00 H16_eval=0.85
[hyper|none|seed=0] epoch 46/200 total=0.42 prior=0.00 H16_eval=0.79
[hyper|none|seed=0] epoch 47/200 total=0.38 prior=0.00 H16_eval=0.88
[hyper|none|seed=0] epoch 48/200 total=0.39 prior=0.00 H16_eval=0.62
[hyper|none|seed=0] epoch 49/200 total=0.37 prior=0.00 H16_eval=0.56
[hyper|none|seed=0] epoch 50/200 total=0.35 prior=0.00 H16_eval=0.94
[hyper|none|seed=0] epoch 51/200 total=0.34 prior=0.00 H16_eval=0.61
[hyper|none|seed=0] epoch 52/200 total=0.33 prior=0.00 H16_eval=0.64
[hyper|none|seed=0] epoch 53/200 total=0.30 prior=0.00 H16_eval=0.78
[hyper|none|seed=0] epoch 54/200 total=0.35 prior=0.00 H16_eval=0.70
[hyper|none|seed=0] epoch 55/200 total=0.34 prior=0.00 H16_eval=0.80
[hyper|none|seed=0] epoch 56/200 total=0.37 prior=0.00 H16_eval=0.84
[hyper|none|seed=0] epoch 57/200 total=0.36 prior=0.00 H16_eval=2.09
[hyper|none|seed=0] epoch 58/200 total=0.30 prior=0.00 H16_eval=0.60
[hyper|none|seed=0] epoch 59/200 total=0.38 prior=0.00 H16_eval=0.69
[hyper|none|seed=0] epoch 60/200 total=0.30 prior=0.00 H16_eval=0.95
[hyper|none|seed=0] epoch 61/200 total=0.33 prior=0.00 H16_eval=0.83
[hyper|none|seed=0] epoch 62/200 total=0.31 prior=0.00 H16_eval=0.77
[hyper|none|seed=0] epoch 63/200 total=0.36 prior=0.00 H16_eval=1.17
[hyper|none|seed=0] epoch 64/200 total=0.32 prior=0.00 H16_eval=0.54
[hyper|none|seed=0] epoch 65/200 total=0.37 prior=0.00 H16_eval=0.51
[hyper|none|seed=0] epoch 66/200 total=0.33 prior=0.00 H16_eval=0.83
[hyper|none|seed=0] epoch 67/200 total=0.29 prior=0.00 H16_eval=0.80
[hyper|none|seed=0] epoch 68/200 total=0.29 prior=0.00 H16_eval=0.57
[hyper|none|seed=0] epoch 69/200 total=0.29 prior=0.00 H16_eval=1.00
[hyper|none|seed=0] epoch 70/200 total=0.32 prior=0.00 H16_eval=0.75
[hyper|none|seed=0] epoch 71/200 total=0.29 prior=0.00 H16_eval=1.23
[hyper|none|seed=0] epoch 72/200 total=0.29 prior=0.00 H16_eval=0.73
[hyper|none|seed=0] epoch 73/200 total=0.29 prior=0.00 H16_eval=0.76
[hyper|none|seed=0] epoch 74/200 total=0.27 prior=0.00 H16_eval=0.49
[hyper|none|seed=0] epoch 75/200 total=0.29 prior=0.00 H16_eval=0.44
[hyper|none|seed=0] epoch 76/200 total=0.28 prior=0.00 H16_eval=0.66
[hyper|none|seed=0] epoch 77/200 total=0.28 prior=0.00 H16_eval=1.14
[hyper|none|seed=0] epoch 78/200 total=0.31 prior=0.00 H16_eval=0.73
[hyper|none|seed=0] epoch 79/200 total=0.34 prior=0.00 H16_eval=0.66
[hyper|none|seed=0] epoch 80/200 total=0.27 prior=0.00 H16_eval=0.42
[hyper|none|seed=0] epoch 81/200 total=0.29 prior=0.00 H16_eval=0.59
[hyper|none|seed=0] epoch 82/200 total=0.30 prior=0.00 H16_eval=0.97
[hyper|none|seed=0] epoch 83/200 total=0.24 prior=0.00 H16_eval=3.95
[hyper|none|seed=0] epoch 84/200 total=0.26 prior=0.00 H16_eval=1.19
[hyper|none|seed=0] epoch 85/200 total=0.25 prior=0.00 H16_eval=0.54
[hyper|none|seed=0] epoch 86/200 total=0.32 prior=0.00 H16_eval=0.71
[hyper|none|seed=0] epoch 87/200 total=0.27 prior=0.00 H16_eval=0.73
[hyper|none|seed=0] epoch 88/200 total=0.22 prior=0.00 H16_eval=1.20
[hyper|none|seed=0] epoch 89/200 total=0.23 prior=0.00 H16_eval=0.71
[hyper|none|seed=0] epoch 90/200 total=0.25 prior=0.00 H16_eval=0.79
[hyper|none|seed=0] epoch 91/200 total=0.26 prior=0.00 H16_eval=0.91
[hyper|none|seed=0] epoch 92/200 total=0.28 prior=0.00 H16_eval=0.81
[hyper|none|seed=0] epoch 93/200 total=0.25 prior=0.00 H16_eval=0.69
[hyper|none|seed=0] epoch 94/200 total=0.22 prior=0.00 H16_eval=0.65
[hyper|none|seed=0] epoch 95/200 total=0.24 prior=0.00 H16_eval=0.67
[hyper|none|seed=0] epoch 96/200 total=0.26 prior=0.00 H16_eval=0.51
[hyper|none|seed=0] epoch 97/200 total=0.26 prior=0.00 H16_eval=0.43
[hyper|none|seed=0] epoch 98/200 total=0.27 prior=0.00 H16_eval=0.76
[hyper|none|seed=0] epoch 99/200 total=0.25 prior=0.00 H16_eval=0.67
[hyper|none|seed=0] epoch 100/200 total=0.23 prior=0.00 H16_eval=1.33
[hyper|none|seed=0] epoch 101/200 total=0.24 prior=0.00 H16_eval=0.72
[hyper|none|seed=0] epoch 102/200 total=0.24 prior=0.00 H16_eval=1.11
[hyper|none|seed=0] epoch 103/200 total=0.25 prior=0.00 H16_eval=0.88
[hyper|none|seed=0] epoch 104/200 total=0.23 prior=0.00 H16_eval=0.60
[hyper|none|seed=0] epoch 105/200 total=0.24 prior=0.00 H16_eval=0.80
[hyper|none|seed=0] epoch 106/200 total=0.24 prior=0.00 H16_eval=1.18
[hyper|none|seed=0] epoch 107/200 total=0.28 prior=0.00 H16_eval=0.81
[hyper|none|seed=0] epoch 108/200 total=0.27 prior=0.00 H16_eval=0.50
[hyper|none|seed=0] epoch 109/200 total=0.26 prior=0.00 H16_eval=0.49
[hyper|none|seed=0] epoch 110/200 total=0.21 prior=0.00 H16_eval=1.22
[hyper|none|seed=0] epoch 111/200 total=0.22 prior=0.00 H16_eval=0.78
[hyper|none|seed=0] epoch 112/200 total=0.21 prior=0.00 H16_eval=0.54
[hyper|none|seed=0] epoch 113/200 total=0.22 prior=0.00 H16_eval=1.32
[hyper|none|seed=0] epoch 114/200 total=0.19 prior=0.00 H16_eval=0.92
[hyper|none|seed=0] epoch 115/200 total=0.22 prior=0.00 H16_eval=0.63
[hyper|none|seed=0] epoch 116/200 total=0.22 prior=0.00 H16_eval=0.48
[hyper|none|seed=0] epoch 117/200 total=0.19 prior=0.00 H16_eval=0.88
[hyper|none|seed=0] epoch 118/200 total=0.20 prior=0.00 H16_eval=1.67
[hyper|none|seed=0] epoch 119/200 total=0.22 prior=0.00 H16_eval=1.86
[hyper|none|seed=0] epoch 120/200 total=0.20 prior=0.00 H16_eval=1.02
[hyper|none|seed=0] epoch 121/200 total=0.20 prior=0.00 H16_eval=1.26
[hyper|none|seed=0] epoch 122/200 total=0.18 prior=0.00 H16_eval=0.77
[hyper|none|seed=0] epoch 123/200 total=0.18 prior=0.00 H16_eval=0.87
[hyper|none|seed=0] epoch 124/200 total=0.19 prior=0.00 H16_eval=1.24
[hyper|none|seed=0] epoch 125/200 total=0.18 prior=0.00 H16_eval=1.18
[hyper|none|seed=0] epoch 126/200 total=0.21 prior=0.00 H16_eval=1.01
[hyper|none|seed=0] epoch 127/200 total=0.17 prior=0.00 H16_eval=0.58
[hyper|none|seed=0] epoch 128/200 total=0.20 prior=0.00 H16_eval=1.76
[hyper|none|seed=0] epoch 129/200 total=0.21 prior=0.00 H16_eval=2.26
[hyper|none|seed=0] epoch 130/200 total=0.16 prior=0.00 H16_eval=1.63
[hyper|none|seed=0] epoch 131/200 total=0.17 prior=0.00 H16_eval=1.58
[hyper|none|seed=0] epoch 132/200 total=0.20 prior=0.00 H16_eval=0.87
[hyper|none|seed=0] epoch 133/200 total=0.21 prior=0.00 H16_eval=2.29
[hyper|none|seed=0] epoch 134/200 total=0.19 prior=0.00 H16_eval=1.27
[hyper|none|seed=0] epoch 135/200 total=0.22 prior=0.00 H16_eval=1.19
[hyper|none|seed=0] epoch 136/200 total=0.18 prior=0.00 H16_eval=1.23
[hyper|none|seed=0] epoch 137/200 total=0.17 prior=0.00 H16_eval=1.30
[hyper|none|seed=0] epoch 138/200 total=0.15 prior=0.00 H16_eval=1.38
[hyper|none|seed=0] epoch 139/200 total=0.17 prior=0.00 H16_eval=0.73
[hyper|none|seed=0] epoch 140/200 total=0.17 prior=0.00 H16_eval=1.78
[hyper|none|seed=0] epoch 141/200 total=0.20 prior=0.00 H16_eval=0.71
[hyper|none|seed=0] epoch 142/200 total=0.14 prior=0.00 H16_eval=0.61
[hyper|none|seed=0] epoch 143/200 total=0.16 prior=0.00 H16_eval=0.93
[hyper|none|seed=0] epoch 144/200 total=0.19 prior=0.00 H16_eval=0.91
[hyper|none|seed=0] epoch 145/200 total=0.17 prior=0.00 H16_eval=1.75
[hyper|none|seed=0] epoch 146/200 total=0.19 prior=0.00 H16_eval=1.56
[hyper|none|seed=0] epoch 147/200 total=0.17 prior=0.00 H16_eval=0.60
[hyper|none|seed=0] epoch 148/200 total=0.15 prior=0.00 H16_eval=1.09
[hyper|none|seed=0] epoch 149/200 total=0.15 prior=0.00 H16_eval=1.38
[hyper|none|seed=0] epoch 150/200 total=0.15 prior=0.00 H16_eval=0.84
[hyper|none|seed=0] epoch 151/200 total=0.13 prior=0.00 H16_eval=0.80
[hyper|none|seed=0] epoch 152/200 total=0.14 prior=0.00 H16_eval=0.66
[hyper|none|seed=0] epoch 153/200 total=0.16 prior=0.00 H16_eval=0.72
[hyper|none|seed=0] epoch 154/200 total=0.14 prior=0.00 H16_eval=2.27
[hyper|none|seed=0] epoch 155/200 total=0.16 prior=0.00 H16_eval=0.54
[hyper|none|seed=0] epoch 156/200 total=0.19 prior=0.00 H16_eval=1.24
[hyper|none|seed=0] epoch 157/200 total=0.13 prior=0.00 H16_eval=0.75
[hyper|none|seed=0] epoch 158/200 total=0.16 prior=0.00 H16_eval=1.95
[hyper|none|seed=0] epoch 159/200 total=0.14 prior=0.00 H16_eval=0.54
[hyper|none|seed=0] epoch 160/200 total=0.12 prior=0.00 H16_eval=1.26
[hyper|none|seed=0] epoch 161/200 total=0.14 prior=0.00 H16_eval=0.91
[hyper|none|seed=0] epoch 162/200 total=0.12 prior=0.00 H16_eval=0.80
[hyper|none|seed=0] epoch 163/200 total=0.15 prior=0.00 H16_eval=0.86
[hyper|none|seed=0] epoch 164/200 total=0.16 prior=0.00 H16_eval=0.85
[hyper|none|seed=0] epoch 165/200 total=0.13 prior=0.00 H16_eval=1.71
[hyper|none|seed=0] epoch 166/200 total=0.11 prior=0.00 H16_eval=1.54
[hyper|none|seed=0] epoch 167/200 total=0.14 prior=0.00 H16_eval=1.81
[hyper|none|seed=0] epoch 168/200 total=0.14 prior=0.00 H16_eval=1.56
[hyper|none|seed=0] epoch 169/200 total=0.12 prior=0.00 H16_eval=0.78
[hyper|none|seed=0] epoch 170/200 total=0.14 prior=0.00 H16_eval=1.78
[hyper|none|seed=0] epoch 171/200 total=0.17 prior=0.00 H16_eval=0.81
[hyper|none|seed=0] epoch 172/200 total=0.13 prior=0.00 H16_eval=1.99
[hyper|none|seed=0] epoch 173/200 total=0.13 prior=0.00 H16_eval=0.98
[hyper|none|seed=0] epoch 174/200 total=0.11 prior=0.00 H16_eval=0.58
[hyper|none|seed=0] epoch 175/200 total=0.09 prior=0.00 H16_eval=3.09
[hyper|none|seed=0] epoch 176/200 total=0.12 prior=0.00 H16_eval=2.99
[hyper|none|seed=0] epoch 177/200 total=0.11 prior=0.00 H16_eval=1.53
[hyper|none|seed=0] epoch 178/200 total=0.12 prior=0.00 H16_eval=1.08
[hyper|none|seed=0] epoch 179/200 total=0.11 prior=0.00 H16_eval=0.82
[hyper|none|seed=0] epoch 180/200 total=0.12 prior=0.00 H16_eval=2.91
[hyper|none|seed=0] epoch 181/200 total=0.10 prior=0.00 H16_eval=2.52
[hyper|none|seed=0] epoch 182/200 total=0.10 prior=0.00 H16_eval=1.62
[hyper|none|seed=0] epoch 183/200 total=0.16 prior=0.00 H16_eval=2.36
[hyper|none|seed=0] epoch 184/200 total=0.15 prior=0.00 H16_eval=1.37
[hyper|none|seed=0] epoch 185/200 total=0.11 prior=0.00 H16_eval=1.20
[hyper|none|seed=0] epoch 186/200 total=0.12 prior=0.00 H16_eval=1.46
[hyper|none|seed=0] epoch 187/200 total=0.10 prior=0.00 H16_eval=1.49
[hyper|none|seed=0] epoch 188/200 total=0.08 prior=0.00 H16_eval=2.86
[hyper|none|seed=0] epoch 189/200 total=0.09 prior=0.00 H16_eval=1.86
[hyper|none|seed=0] epoch 190/200 total=0.11 prior=0.00 H16_eval=1.73
[hyper|none|seed=0] epoch 191/200 total=0.09 prior=0.00 H16_eval=1.90
[hyper|none|seed=0] epoch 192/200 total=0.08 prior=0.00 H16_eval=3.81
[hyper|none|seed=0] epoch 193/200 total=0.10 prior=0.00 H16_eval=1.99
[hyper|none|seed=0] epoch 194/200 total=0.13 prior=0.00 H16_eval=1.64
[hyper|none|seed=0] epoch 195/200 total=0.12 prior=0.00 H16_eval=4.42
[hyper|none|seed=0] epoch 196/200 total=0.07 prior=0.00 H16_eval=0.95
[hyper|none|seed=0] epoch 197/200 total=0.09 prior=0.00 H16_eval=1.47
[hyper|none|seed=0] epoch 198/200 total=0.08 prior=0.00 H16_eval=1.19
[hyper|none|seed=0] epoch 199/200 total=0.07 prior=0.00 H16_eval=4.61
[hyper|none|seed=0] epoch 200/200 total=0.09 prior=0.00 H16_eval=2.41
[hyper|euclidean|seed=0] epoch 1/200 total=109.64 prior=20.11 H16_eval=0.81
[hyper|euclidean|seed=0] epoch 2/200 total=2.84 prior=7.96 H16_eval=0.75
[hyper|euclidean|seed=0] epoch 3/200 total=1.36 prior=5.88 H16_eval=0.51
[hyper|euclidean|seed=0] epoch 4/200 total=1.22 prior=6.01 H16_eval=0.99
[hyper|euclidean|seed=0] epoch 5/200 total=1.16 prior=6.08 H16_eval=1.27
[hyper|euclidean|seed=0] epoch 6/200 total=1.04 prior=6.14 H16_eval=0.85
[hyper|euclidean|seed=0] epoch 7/200 total=1.01 prior=6.19 H16_eval=0.94
[hyper|euclidean|seed=0] epoch 8/200 total=0.91 prior=6.25 H16_eval=0.98
[hyper|euclidean|seed=0] epoch 9/200 total=0.93 prior=6.26 H16_eval=0.71
[hyper|euclidean|seed=0] epoch 10/200 total=0.84 prior=6.41 H16_eval=0.76
[hyper|euclidean|seed=0] epoch 11/200 total=0.82 prior=6.51 H16_eval=0.67
[hyper|euclidean|seed=0] epoch 12/200 total=0.74 prior=6.44 H16_eval=0.89
[hyper|euclidean|seed=0] epoch 13/200 total=0.75 prior=6.30 H16_eval=0.88
[hyper|euclidean|seed=0] epoch 14/200 total=0.66 prior=6.14 H16_eval=0.68
[hyper|euclidean|seed=0] epoch 15/200 total=0.66 prior=6.02 H16_eval=0.79
[hyper|euclidean|seed=0] epoch 16/200 total=0.68 prior=5.90 H16_eval=1.40
[hyper|euclidean|seed=0] epoch 17/200 total=0.69 prior=5.71 H16_eval=0.98
[hyper|euclidean|seed=0] epoch 18/200 total=0.65 prior=5.60 H16_eval=0.81
[hyper|euclidean|seed=0] epoch 19/200 total=0.60 prior=5.50 H16_eval=0.80
[hyper|euclidean|seed=0] epoch 20/200 total=0.66 prior=5.39 H16_eval=0.97
[hyper|euclidean|seed=0] epoch 21/200 total=0.59 prior=5.32 H16_eval=0.62
[hyper|euclidean|seed=0] epoch 22/200 total=0.54 prior=5.27 H16_eval=1.10
[hyper|euclidean|seed=0] epoch 23/200 total=0.59 prior=5.13 H16_eval=0.72
[hyper|euclidean|seed=0] epoch 24/200 total=0.56 prior=5.10 H16_eval=0.76
[hyper|euclidean|seed=0] epoch 25/200 total=0.50 prior=5.04 H16_eval=0.32
[hyper|euclidean|seed=0] epoch 26/200 total=0.49 prior=4.98 H16_eval=0.71
[hyper|euclidean|seed=0] epoch 27/200 total=0.48 prior=4.92 H16_eval=0.67
[hyper|euclidean|seed=0] epoch 28/200 total=0.47 prior=4.86 H16_eval=0.65
[hyper|euclidean|seed=0] epoch 29/200 total=0.46 prior=4.83 H16_eval=0.44
[hyper|euclidean|seed=0] epoch 30/200 total=0.46 prior=4.77 H16_eval=0.47
[hyper|euclidean|seed=0] epoch 31/200 total=0.57 prior=4.73 H16_eval=0.76
[hyper|euclidean|seed=0] epoch 32/200 total=0.49 prior=4.64 H16_eval=0.51
[hyper|euclidean|seed=0] epoch 33/200 total=0.52 prior=4.68 H16_eval=0.55
[hyper|euclidean|seed=0] epoch 34/200 total=0.42 prior=4.64 H16_eval=0.46
[hyper|euclidean|seed=0] epoch 35/200 total=0.44 prior=4.64 H16_eval=0.38
[hyper|euclidean|seed=0] epoch 36/200 total=0.45 prior=4.57 H16_eval=0.58
[hyper|euclidean|seed=0] epoch 37/200 total=0.41 prior=4.51 H16_eval=0.54
[hyper|euclidean|seed=0] epoch 38/200 total=0.45 prior=4.47 H16_eval=1.09
[hyper|euclidean|seed=0] epoch 39/200 total=0.41 prior=4.46 H16_eval=0.53
[hyper|euclidean|seed=0] epoch 40/200 total=0.41 prior=4.49 H16_eval=0.59
[hyper|euclidean|seed=0] epoch 41/200 total=0.42 prior=4.38 H16_eval=0.61
[hyper|euclidean|seed=0] epoch 42/200 total=0.41 prior=4.37 H16_eval=0.62
[hyper|euclidean|seed=0] epoch 43/200 total=0.46 prior=4.34 H16_eval=0.86
[hyper|euclidean|seed=0] epoch 44/200 total=0.36 prior=4.29 H16_eval=1.38
[hyper|euclidean|seed=0] epoch 45/200 total=0.35 prior=4.31 H16_eval=0.74
[hyper|euclidean|seed=0] epoch 46/200 total=0.46 prior=4.27 H16_eval=0.78
[hyper|euclidean|seed=0] epoch 47/200 total=0.42 prior=4.29 H16_eval=0.99
[hyper|euclidean|seed=0] epoch 48/200 total=0.41 prior=4.25 H16_eval=1.36
[hyper|euclidean|seed=0] epoch 49/200 total=0.40 prior=4.25 H16_eval=0.52
[hyper|euclidean|seed=0] epoch 50/200 total=0.39 prior=4.22 H16_eval=0.73
[hyper|euclidean|seed=0] epoch 51/200 total=0.36 prior=4.21 H16_eval=0.36
[hyper|euclidean|seed=0] epoch 52/200 total=0.34 prior=4.21 H16_eval=0.43
[hyper|euclidean|seed=0] epoch 53/200 total=0.33 prior=4.18 H16_eval=0.89
[hyper|euclidean|seed=0] epoch 54/200 total=0.33 prior=4.18 H16_eval=0.68
[hyper|euclidean|seed=0] epoch 55/200 total=0.37 prior=4.14 H16_eval=0.48
[hyper|euclidean|seed=0] epoch 56/200 total=0.41 prior=4.14 H16_eval=0.57
[hyper|euclidean|seed=0] epoch 57/200 total=0.38 prior=4.16 H16_eval=2.13
[hyper|euclidean|seed=0] epoch 58/200 total=0.31 prior=4.12 H16_eval=0.49
[hyper|euclidean|seed=0] epoch 59/200 total=0.37 prior=4.12 H16_eval=0.43
[hyper|euclidean|seed=0] epoch 60/200 total=0.33 prior=4.08 H16_eval=0.84
[hyper|euclidean|seed=0] epoch 61/200 total=0.34 prior=4.09 H16_eval=0.43
[hyper|euclidean|seed=0] epoch 62/200 total=0.33 prior=4.09 H16_eval=0.54
[hyper|euclidean|seed=0] epoch 63/200 total=0.35 prior=4.06 H16_eval=1.69
[hyper|euclidean|seed=0] epoch 64/200 total=0.30 prior=4.08 H16_eval=0.48
[hyper|euclidean|seed=0] epoch 65/200 total=0.38 prior=4.08 H16_eval=0.84
[hyper|euclidean|seed=0] epoch 66/200 total=0.31 prior=4.06 H16_eval=1.65
[hyper|euclidean|seed=0] epoch 67/200 total=0.30 prior=4.04 H16_eval=0.57
[hyper|euclidean|seed=0] epoch 68/200 total=0.33 prior=4.04 H16_eval=0.61
[hyper|euclidean|seed=0] epoch 69/200 total=0.29 prior=4.04 H16_eval=0.52
[hyper|euclidean|seed=0] epoch 70/200 total=0.31 prior=4.05 H16_eval=1.48
[hyper|euclidean|seed=0] epoch 71/200 total=0.28 prior=4.04 H16_eval=0.69
[hyper|euclidean|seed=0] epoch 72/200 total=0.33 prior=4.05 H16_eval=0.85
[hyper|euclidean|seed=0] epoch 73/200 total=0.27 prior=4.08 H16_eval=0.75
[hyper|euclidean|seed=0] epoch 74/200 total=0.30 prior=4.04 H16_eval=0.40
[hyper|euclidean|seed=0] epoch 75/200 total=0.32 prior=4.02 H16_eval=1.22
[hyper|euclidean|seed=0] epoch 76/200 total=0.29 prior=4.01 H16_eval=0.50
[hyper|euclidean|seed=0] epoch 77/200 total=0.30 prior=4.03 H16_eval=0.74
[hyper|euclidean|seed=0] epoch 78/200 total=0.32 prior=4.02 H16_eval=0.93
[hyper|euclidean|seed=0] epoch 79/200 total=0.32 prior=4.01 H16_eval=0.60
[hyper|euclidean|seed=0] epoch 80/200 total=0.25 prior=4.02 H16_eval=0.47
[hyper|euclidean|seed=0] epoch 81/200 total=0.26 prior=3.99 H16_eval=1.13
[hyper|euclidean|seed=0] epoch 82/200 total=0.26 prior=3.98 H16_eval=1.46
[hyper|euclidean|seed=0] epoch 83/200 total=0.24 prior=3.96 H16_eval=0.70
[hyper|euclidean|seed=0] epoch 84/200 total=0.24 prior=3.98 H16_eval=0.89
[hyper|euclidean|seed=0] epoch 85/200 total=0.26 prior=3.96 H16_eval=2.14
[hyper|euclidean|seed=0] epoch 86/200 total=0.34 prior=3.95 H16_eval=0.46
[hyper|euclidean|seed=0] epoch 87/200 total=0.28 prior=4.00 H16_eval=0.54
[hyper|euclidean|seed=0] epoch 88/200 total=0.21 prior=3.99 H16_eval=0.37
[hyper|euclidean|seed=0] epoch 89/200 total=0.24 prior=3.96 H16_eval=0.65
[hyper|euclidean|seed=0] epoch 90/200 total=0.25 prior=3.99 H16_eval=1.41
[hyper|euclidean|seed=0] epoch 91/200 total=0.22 prior=3.96 H16_eval=0.37
[hyper|euclidean|seed=0] epoch 92/200 total=0.26 prior=3.94 H16_eval=0.56
[hyper|euclidean|seed=0] epoch 93/200 total=0.24 prior=3.95 H16_eval=0.44
[hyper|euclidean|seed=0] epoch 94/200 total=0.21 prior=3.95 H16_eval=0.37
[hyper|euclidean|seed=0] epoch 95/200 total=0.21 prior=3.96 H16_eval=0.44
[hyper|euclidean|seed=0] epoch 96/200 total=0.27 prior=3.97 H16_eval=1.49
[hyper|euclidean|seed=0] epoch 97/200 total=0.23 prior=3.98 H16_eval=1.15
[hyper|euclidean|seed=0] epoch 98/200 total=0.26 prior=3.96 H16_eval=1.29
[hyper|euclidean|seed=0] epoch 99/200 total=0.23 prior=3.95 H16_eval=2.13
[hyper|euclidean|seed=0] epoch 100/200 total=0.23 prior=3.93 H16_eval=0.40
[hyper|euclidean|seed=0] epoch 101/200 total=0.23 prior=3.95 H16_eval=0.62
[hyper|euclidean|seed=0] epoch 102/200 total=0.21 prior=3.93 H16_eval=0.64
[hyper|euclidean|seed=0] epoch 103/200 total=0.21 prior=3.92 H16_eval=0.67
[hyper|euclidean|seed=0] epoch 104/200 total=0.23 prior=3.92 H16_eval=0.96
[hyper|euclidean|seed=0] epoch 105/200 total=0.21 prior=3.91 H16_eval=1.04
[hyper|euclidean|seed=0] epoch 106/200 total=0.20 prior=3.90 H16_eval=0.70
[hyper|euclidean|seed=0] epoch 107/200 total=0.24 prior=3.89 H16_eval=0.80
[hyper|euclidean|seed=0] epoch 108/200 total=0.24 prior=3.91 H16_eval=0.39
[hyper|euclidean|seed=0] epoch 109/200 total=0.20 prior=3.91 H16_eval=1.40
[hyper|euclidean|seed=0] epoch 110/200 total=0.20 prior=3.90 H16_eval=3.33
[hyper|euclidean|seed=0] epoch 111/200 total=0.24 prior=3.90 H16_eval=0.96
[hyper|euclidean|seed=0] epoch 112/200 total=0.21 prior=3.88 H16_eval=0.70
[hyper|euclidean|seed=0] epoch 113/200 total=0.23 prior=3.90 H16_eval=1.18
[hyper|euclidean|seed=0] epoch 114/200 total=0.20 prior=3.87 H16_eval=0.63
[hyper|euclidean|seed=0] epoch 115/200 total=0.23 prior=3.88 H16_eval=0.66
[hyper|euclidean|seed=0] epoch 116/200 total=0.19 prior=3.86 H16_eval=2.68
[hyper|euclidean|seed=0] epoch 117/200 total=0.18 prior=3.86 H16_eval=1.06
[hyper|euclidean|seed=0] epoch 118/200 total=0.18 prior=3.86 H16_eval=1.52
[hyper|euclidean|seed=0] epoch 119/200 total=0.21 prior=3.87 H16_eval=3.62
[hyper|euclidean|seed=0] epoch 120/200 total=0.20 prior=3.88 H16_eval=0.89
[hyper|euclidean|seed=0] epoch 121/200 total=0.19 prior=3.88 H16_eval=3.36
[hyper|euclidean|seed=0] epoch 122/200 total=0.17 prior=3.86 H16_eval=0.79
[hyper|euclidean|seed=0] epoch 123/200 total=0.16 prior=3.85 H16_eval=3.15
[hyper|euclidean|seed=0] epoch 124/200 total=0.17 prior=3.85 H16_eval=1.18
[hyper|euclidean|seed=0] epoch 125/200 total=0.22 prior=3.85 H16_eval=2.94
[hyper|euclidean|seed=0] epoch 126/200 total=0.24 prior=3.87 H16_eval=0.95
[hyper|euclidean|seed=0] epoch 127/200 total=0.19 prior=3.89 H16_eval=0.87
[hyper|euclidean|seed=0] epoch 128/200 total=0.20 prior=3.86 H16_eval=3.05
[hyper|euclidean|seed=0] epoch 129/200 total=0.20 prior=3.85 H16_eval=0.38
[hyper|euclidean|seed=0] epoch 130/200 total=0.15 prior=3.84 H16_eval=1.11
[hyper|euclidean|seed=0] epoch 131/200 total=0.17 prior=3.85 H16_eval=3.73
[hyper|euclidean|seed=0] epoch 132/200 total=0.18 prior=3.83 H16_eval=0.79
[hyper|euclidean|seed=0] epoch 133/200 total=0.18 prior=3.85 H16_eval=1.78
[hyper|euclidean|seed=0] epoch 134/200 total=0.16 prior=3.83 H16_eval=1.14
[hyper|euclidean|seed=0] epoch 135/200 total=0.21 prior=3.83 H16_eval=2.79
[hyper|euclidean|seed=0] epoch 136/200 total=0.19 prior=3.81 H16_eval=0.61
[hyper|euclidean|seed=0] epoch 137/200 total=0.18 prior=3.81 H16_eval=4.14
[hyper|euclidean|seed=0] epoch 138/200 total=0.14 prior=3.80 H16_eval=1.12
[hyper|euclidean|seed=0] epoch 139/200 total=0.16 prior=3.80 H16_eval=0.97
[hyper|euclidean|seed=0] epoch 140/200 total=0.18 prior=3.82 H16_eval=2.42
[hyper|euclidean|seed=0] epoch 141/200 total=0.15 prior=3.80 H16_eval=4.34
[hyper|euclidean|seed=0] epoch 142/200 total=0.16 prior=3.79 H16_eval=1.24
[hyper|euclidean|seed=0] epoch 143/200 total=0.18 prior=3.78 H16_eval=1.43
[hyper|euclidean|seed=0] epoch 144/200 total=0.21 prior=3.79 H16_eval=1.29
[hyper|euclidean|seed=0] epoch 145/200 total=0.15 prior=3.78 H16_eval=2.73
[hyper|euclidean|seed=0] epoch 146/200 total=0.21 prior=3.77 H16_eval=2.40
[hyper|euclidean|seed=0] epoch 147/200 total=0.18 prior=3.77 H16_eval=0.65
[hyper|euclidean|seed=0] epoch 148/200 total=0.16 prior=3.77 H16_eval=1.62
[hyper|euclidean|seed=0] epoch 149/200 total=0.17 prior=3.77 H16_eval=1.58
[hyper|euclidean|seed=0] epoch 150/200 total=0.15 prior=3.77 H16_eval=2.19
[hyper|euclidean|seed=0] epoch 151/200 total=0.14 prior=3.76 H16_eval=4.78
[hyper|euclidean|seed=0] epoch 152/200 total=0.15 prior=3.76 H16_eval=1.34
[hyper|euclidean|seed=0] epoch 153/200 total=0.18 prior=3.78 H16_eval=3.58
[hyper|euclidean|seed=0] epoch 154/200 total=0.15 prior=3.75 H16_eval=4.81
[hyper|euclidean|seed=0] epoch 155/200 total=0.15 prior=3.76 H16_eval=1.47
[hyper|euclidean|seed=0] epoch 156/200 total=0.17 prior=3.76 H16_eval=3.06
[hyper|euclidean|seed=0] epoch 157/200 total=0.14 prior=3.75 H16_eval=1.75
[hyper|euclidean|seed=0] epoch 158/200 total=0.13 prior=3.76 H16_eval=1.57
[hyper|euclidean|seed=0] epoch 159/200 total=0.13 prior=3.75 H16_eval=3.97
[hyper|euclidean|seed=0] epoch 160/200 total=0.13 prior=3.75 H16_eval=1.87
[hyper|euclidean|seed=0] epoch 161/200 total=0.18 prior=3.75 H16_eval=2.91
[hyper|euclidean|seed=0] epoch 162/200 total=0.17 prior=3.74 H16_eval=2.84
[hyper|euclidean|seed=0] epoch 163/200 total=0.14 prior=3.75 H16_eval=8.79
[hyper|euclidean|seed=0] epoch 164/200 total=0.16 prior=3.75 H16_eval=9.48
[hyper|euclidean|seed=0] epoch 165/200 total=0.12 prior=3.74 H16_eval=5.81
[hyper|euclidean|seed=0] epoch 166/200 total=0.12 prior=3.74 H16_eval=1.59
[hyper|euclidean|seed=0] epoch 167/200 total=0.12 prior=3.74 H16_eval=2.54
[hyper|euclidean|seed=0] epoch 168/200 total=0.13 prior=3.74 H16_eval=6.64
[hyper|euclidean|seed=0] epoch 169/200 total=0.11 prior=3.73 H16_eval=2.38
[hyper|euclidean|seed=0] epoch 170/200 total=0.16 prior=3.74 H16_eval=6.48
[hyper|euclidean|seed=0] epoch 171/200 total=0.16 prior=3.73 H16_eval=2.79
[hyper|euclidean|seed=0] epoch 172/200 total=0.11 prior=3.74 H16_eval=2.31
[hyper|euclidean|seed=0] epoch 173/200 total=0.11 prior=3.74 H16_eval=4.44
[hyper|euclidean|seed=0] epoch 174/200 total=0.12 prior=3.73 H16_eval=2.77
[hyper|euclidean|seed=0] epoch 175/200 total=0.11 prior=3.73 H16_eval=3.35
[hyper|euclidean|seed=0] epoch 176/200 total=0.14 prior=3.73 H16_eval=3.32
[hyper|euclidean|seed=0] epoch 177/200 total=0.17 prior=3.73 H16_eval=1.97
[hyper|euclidean|seed=0] epoch 178/200 total=0.16 prior=3.72 H16_eval=6.90
[hyper|euclidean|seed=0] epoch 179/200 total=0.12 prior=3.73 H16_eval=2.98
[hyper|euclidean|seed=0] epoch 180/200 total=0.13 prior=3.73 H16_eval=2.93
[hyper|euclidean|seed=0] epoch 181/200 total=0.12 prior=3.72 H16_eval=2.64
[hyper|euclidean|seed=0] epoch 182/200 total=0.11 prior=3.72 H16_eval=2.59
[hyper|euclidean|seed=0] epoch 183/200 total=0.10 prior=3.72 H16_eval=10.14
[hyper|euclidean|seed=0] epoch 184/200 total=0.12 prior=3.72 H16_eval=2.82
[hyper|euclidean|seed=0] epoch 185/200 total=0.16 prior=3.73 H16_eval=6.75
[hyper|euclidean|seed=0] epoch 186/200 total=0.11 prior=3.73 H16_eval=4.08
[hyper|euclidean|seed=0] epoch 187/200 total=0.12 prior=3.73 H16_eval=3.82
[hyper|euclidean|seed=0] epoch 188/200 total=0.22 prior=3.73 H16_eval=4.30
[hyper|euclidean|seed=0] epoch 189/200 total=0.11 prior=3.72 H16_eval=5.74
[hyper|euclidean|seed=0] epoch 190/200 total=0.12 prior=3.73 H16_eval=3.18
[hyper|euclidean|seed=0] epoch 191/200 total=0.14 prior=3.72 H16_eval=2.99
[hyper|euclidean|seed=0] epoch 192/200 total=0.10 prior=3.72 H16_eval=2.99
[hyper|euclidean|seed=0] epoch 193/200 total=0.12 prior=3.72 H16_eval=8.01
[hyper|euclidean|seed=0] epoch 194/200 total=0.14 prior=3.72 H16_eval=5.80
[hyper|euclidean|seed=0] epoch 195/200 total=0.14 prior=3.72 H16_eval=4.79
[hyper|euclidean|seed=0] epoch 196/200 total=0.10 prior=3.72 H16_eval=3.47
[hyper|euclidean|seed=0] epoch 197/200 total=0.10 prior=3.71 H16_eval=4.17
[hyper|euclidean|seed=0] epoch 198/200 total=0.11 prior=3.72 H16_eval=6.68
[hyper|euclidean|seed=0] epoch 199/200 total=0.09 prior=3.71 H16_eval=7.26
[hyper|euclidean|seed=0] epoch 200/200 total=0.10 prior=3.71 H16_eval=7.63
[hyper|spectral|seed=0] epoch 1/200 total=111.08 prior=165.03 H16_eval=0.75
[hyper|spectral|seed=0] epoch 2/200 total=4.20 prior=146.65 H16_eval=0.68
[hyper|spectral|seed=0] epoch 3/200 total=2.30 prior=99.67 H16_eval=0.49
[hyper|spectral|seed=0] epoch 4/200 total=1.88 prior=74.72 H16_eval=0.76
[hyper|spectral|seed=0] epoch 5/200 total=1.68 prior=58.75 H16_eval=0.88
[hyper|spectral|seed=0] epoch 6/200 total=1.42 prior=47.36 H16_eval=0.45
[hyper|spectral|seed=0] epoch 7/200 total=1.29 prior=38.52 H16_eval=0.84
[hyper|spectral|seed=0] epoch 8/200 total=1.13 prior=32.01 H16_eval=0.61
[hyper|spectral|seed=0] epoch 9/200 total=1.10 prior=27.01 H16_eval=0.61
[hyper|spectral|seed=0] epoch 10/200 total=0.94 prior=23.11 H16_eval=0.49
[hyper|spectral|seed=0] epoch 11/200 total=0.89 prior=20.00 H16_eval=0.58
[hyper|spectral|seed=0] epoch 12/200 total=0.80 prior=17.49 H16_eval=0.47
[hyper|spectral|seed=0] epoch 13/200 total=0.77 prior=15.62 H16_eval=0.98
[hyper|spectral|seed=0] epoch 14/200 total=0.67 prior=14.06 H16_eval=0.31
[hyper|spectral|seed=0] epoch 15/200 total=0.67 prior=12.84 H16_eval=0.62
[hyper|spectral|seed=0] epoch 16/200 total=0.66 prior=11.89 H16_eval=0.94
[hyper|spectral|seed=0] epoch 17/200 total=0.66 prior=11.05 H16_eval=0.82
[hyper|spectral|seed=0] epoch 18/200 total=0.62 prior=10.38 H16_eval=0.84
[hyper|spectral|seed=0] epoch 19/200 total=0.68 prior=9.83 H16_eval=0.69
[hyper|spectral|seed=0] epoch 20/200 total=0.62 prior=9.41 H16_eval=1.11
[hyper|spectral|seed=0] epoch 21/200 total=0.56 prior=8.93 H16_eval=0.42
[hyper|spectral|seed=0] epoch 22/200 total=0.55 prior=8.50 H16_eval=1.87
[hyper|spectral|seed=0] epoch 23/200 total=0.57 prior=8.15 H16_eval=0.59
[hyper|spectral|seed=0] epoch 24/200 total=0.56 prior=7.85 H16_eval=0.44
[hyper|spectral|seed=0] epoch 25/200 total=0.51 prior=7.53 H16_eval=0.32
[hyper|spectral|seed=0] epoch 26/200 total=0.58 prior=7.27 H16_eval=0.31
[hyper|spectral|seed=0] epoch 27/200 total=0.51 prior=7.01 H16_eval=0.38
[hyper|spectral|seed=0] epoch 28/200 total=0.48 prior=6.75 H16_eval=0.54
[hyper|spectral|seed=0] epoch 29/200 total=0.46 prior=6.49 H16_eval=0.61
[hyper|spectral|seed=0] epoch 30/200 total=0.46 prior=6.26 H16_eval=0.60
[hyper|spectral|seed=0] epoch 31/200 total=0.51 prior=6.10 H16_eval=0.49
[hyper|spectral|seed=0] epoch 32/200 total=0.47 prior=5.88 H16_eval=0.38
[hyper|spectral|seed=0] epoch 33/200 total=0.50 prior=5.74 H16_eval=0.33
[hyper|spectral|seed=0] epoch 34/200 total=0.43 prior=5.57 H16_eval=0.40
[hyper|spectral|seed=0] epoch 35/200 total=0.43 prior=5.36 H16_eval=0.37
[hyper|spectral|seed=0] epoch 36/200 total=0.43 prior=5.18 H16_eval=0.52
[hyper|spectral|seed=0] epoch 37/200 total=0.44 prior=5.03 H16_eval=0.41
[hyper|spectral|seed=0] epoch 38/200 total=0.42 prior=4.91 H16_eval=0.53
[hyper|spectral|seed=0] epoch 39/200 total=0.40 prior=4.77 H16_eval=0.40
[hyper|spectral|seed=0] epoch 40/200 total=0.41 prior=4.61 H16_eval=0.74
[hyper|spectral|seed=0] epoch 41/200 total=0.42 prior=4.50 H16_eval=0.44
[hyper|spectral|seed=0] epoch 42/200 total=0.42 prior=4.39 H16_eval=0.52
[hyper|spectral|seed=0] epoch 43/200 total=0.41 prior=4.30 H16_eval=0.38
[hyper|spectral|seed=0] epoch 44/200 total=0.38 prior=4.16 H16_eval=0.55
[hyper|spectral|seed=0] epoch 45/200 total=0.36 prior=4.07 H16_eval=0.36
[hyper|spectral|seed=0] epoch 46/200 total=0.44 prior=3.99 H16_eval=0.48
[hyper|spectral|seed=0] epoch 47/200 total=0.41 prior=3.92 H16_eval=0.51
[hyper|spectral|seed=0] epoch 48/200 total=0.39 prior=3.83 H16_eval=0.93
[hyper|spectral|seed=0] epoch 49/200 total=0.40 prior=3.77 H16_eval=0.50
[hyper|spectral|seed=0] epoch 50/200 total=0.40 prior=3.69 H16_eval=0.51
[hyper|spectral|seed=0] epoch 51/200 total=0.36 prior=3.61 H16_eval=0.61
[hyper|spectral|seed=0] epoch 52/200 total=0.33 prior=3.52 H16_eval=0.43
[hyper|spectral|seed=0] epoch 53/200 total=0.33 prior=3.42 H16_eval=0.62
[hyper|spectral|seed=0] epoch 54/200 total=0.35 prior=3.34 H16_eval=0.56
[hyper|spectral|seed=0] epoch 55/200 total=0.40 prior=3.31 H16_eval=0.40
[hyper|spectral|seed=0] epoch 56/200 total=0.43 prior=3.29 H16_eval=0.31
[hyper|spectral|seed=0] epoch 57/200 total=0.37 prior=3.24 H16_eval=0.89
[hyper|spectral|seed=0] epoch 58/200 total=0.30 prior=3.17 H16_eval=0.64
[hyper|spectral|seed=0] epoch 59/200 total=0.39 prior=3.13 H16_eval=0.48
[hyper|spectral|seed=0] epoch 60/200 total=0.33 prior=3.08 H16_eval=0.69
[hyper|spectral|seed=0] epoch 61/200 total=0.35 prior=3.01 H16_eval=0.42
[hyper|spectral|seed=0] epoch 62/200 total=0.33 prior=2.98 H16_eval=0.43
[hyper|spectral|seed=0] epoch 63/200 total=0.38 prior=2.91 H16_eval=0.81
[hyper|spectral|seed=0] epoch 64/200 total=0.31 prior=2.88 H16_eval=0.41
[hyper|spectral|seed=0] epoch 65/200 total=0.34 prior=2.84 H16_eval=0.39
[hyper|spectral|seed=0] epoch 66/200 total=0.34 prior=2.77 H16_eval=1.53
[hyper|spectral|seed=0] epoch 67/200 total=0.32 prior=2.74 H16_eval=1.35
[hyper|spectral|seed=0] epoch 68/200 total=0.32 prior=2.70 H16_eval=0.36
[hyper|spectral|seed=0] epoch 69/200 total=0.30 prior=2.66 H16_eval=0.50
[hyper|spectral|seed=0] epoch 70/200 total=0.30 prior=2.60 H16_eval=1.24
[hyper|spectral|seed=0] epoch 71/200 total=0.27 prior=2.56 H16_eval=0.68
[hyper|spectral|seed=0] epoch 72/200 total=0.30 prior=2.52 H16_eval=0.93
[hyper|spectral|seed=0] epoch 73/200 total=0.28 prior=2.47 H16_eval=0.90
[hyper|spectral|seed=0] epoch 74/200 total=0.29 prior=2.42 H16_eval=0.64
[hyper|spectral|seed=0] epoch 75/200 total=0.27 prior=2.38 H16_eval=0.36
[hyper|spectral|seed=0] epoch 76/200 total=0.29 prior=2.35 H16_eval=0.41
[hyper|spectral|seed=0] epoch 77/200 total=0.27 prior=2.31 H16_eval=0.64
[hyper|spectral|seed=0] epoch 78/200 total=0.30 prior=2.27 H16_eval=0.70
[hyper|spectral|seed=0] epoch 79/200 total=0.32 prior=2.25 H16_eval=0.69
[hyper|spectral|seed=0] epoch 80/200 total=0.26 prior=2.23 H16_eval=0.51
[hyper|spectral|seed=0] epoch 81/200 total=0.29 prior=2.19 H16_eval=0.45
[hyper|spectral|seed=0] epoch 82/200 total=0.25 prior=2.15 H16_eval=0.39
[hyper|spectral|seed=0] epoch 83/200 total=0.23 prior=2.10 H16_eval=1.60
[hyper|spectral|seed=0] epoch 84/200 total=0.23 prior=2.06 H16_eval=0.89
[hyper|spectral|seed=0] epoch 85/200 total=0.24 prior=2.02 H16_eval=0.26
[hyper|spectral|seed=0] epoch 86/200 total=0.31 prior=2.02 H16_eval=0.62
[hyper|spectral|seed=0] epoch 87/200 total=0.23 prior=2.00 H16_eval=0.49
[hyper|spectral|seed=0] epoch 88/200 total=0.19 prior=1.95 H16_eval=0.34
[hyper|spectral|seed=0] epoch 89/200 total=0.21 prior=1.90 H16_eval=0.72
[hyper|spectral|seed=0] epoch 90/200 total=0.20 prior=1.86 H16_eval=0.50
[hyper|spectral|seed=0] epoch 91/200 total=0.21 prior=1.82 H16_eval=0.36
[hyper|spectral|seed=0] epoch 92/200 total=0.26 prior=1.81 H16_eval=1.34
[hyper|spectral|seed=0] epoch 93/200 total=0.19 prior=1.78 H16_eval=0.59
[hyper|spectral|seed=0] epoch 94/200 total=0.18 prior=1.75 H16_eval=0.28
[hyper|spectral|seed=0] epoch 95/200 total=0.19 prior=1.72 H16_eval=0.56
[hyper|spectral|seed=0] epoch 96/200 total=0.22 prior=1.69 H16_eval=0.34
[hyper|spectral|seed=0] epoch 97/200 total=0.20 prior=1.66 H16_eval=0.44
[hyper|spectral|seed=0] epoch 98/200 total=0.23 prior=1.65 H16_eval=0.92
[hyper|spectral|seed=0] epoch 99/200 total=0.20 prior=1.64 H16_eval=1.35
[hyper|spectral|seed=0] epoch 100/200 total=0.21 prior=1.61 H16_eval=0.45
[hyper|spectral|seed=0] epoch 101/200 total=0.20 prior=1.60 H16_eval=0.37
[hyper|spectral|seed=0] epoch 102/200 total=0.20 prior=1.58 H16_eval=0.42
[hyper|spectral|seed=0] epoch 103/200 total=0.19 prior=1.55 H16_eval=0.77
[hyper|spectral|seed=0] epoch 104/200 total=0.19 prior=1.54 H16_eval=0.64
[hyper|spectral|seed=0] epoch 105/200 total=0.15 prior=1.51 H16_eval=1.06
[hyper|spectral|seed=0] epoch 106/200 total=0.17 prior=1.48 H16_eval=0.56
[hyper|spectral|seed=0] epoch 107/200 total=0.17 prior=1.47 H16_eval=1.01
[hyper|spectral|seed=0] epoch 108/200 total=0.20 prior=1.46 H16_eval=0.66
[hyper|spectral|seed=0] epoch 109/200 total=0.15 prior=1.45 H16_eval=0.30
[hyper|spectral|seed=0] epoch 110/200 total=0.16 prior=1.42 H16_eval=0.50
[hyper|spectral|seed=0] epoch 111/200 total=0.18 prior=1.42 H16_eval=0.37
[hyper|spectral|seed=0] epoch 112/200 total=0.15 prior=1.38 H16_eval=0.46
[hyper|spectral|seed=0] epoch 113/200 total=0.15 prior=1.36 H16_eval=1.22
[hyper|spectral|seed=0] epoch 114/200 total=0.19 prior=1.34 H16_eval=0.47
[hyper|spectral|seed=0] epoch 115/200 total=0.16 prior=1.34 H16_eval=0.58
[hyper|spectral|seed=0] epoch 116/200 total=0.14 prior=1.32 H16_eval=0.83
[hyper|spectral|seed=0] epoch 117/200 total=0.16 prior=1.29 H16_eval=0.88
[hyper|spectral|seed=0] epoch 118/200 total=0.12 prior=1.29 H16_eval=0.65
[hyper|spectral|seed=0] epoch 119/200 total=0.16 prior=1.26 H16_eval=1.21
[hyper|spectral|seed=0] epoch 120/200 total=0.15 prior=1.24 H16_eval=0.85
[hyper|spectral|seed=0] epoch 121/200 total=0.15 prior=1.24 H16_eval=1.39
[hyper|spectral|seed=0] epoch 122/200 total=0.11 prior=1.22 H16_eval=1.37
[hyper|spectral|seed=0] epoch 123/200 total=0.12 prior=1.19 H16_eval=1.01
[hyper|spectral|seed=0] epoch 124/200 total=0.12 prior=1.19 H16_eval=0.79
[hyper|spectral|seed=0] epoch 125/200 total=0.13 prior=1.17 H16_eval=1.08
[hyper|spectral|seed=0] epoch 126/200 total=0.16 prior=1.15 H16_eval=0.73
[hyper|spectral|seed=0] epoch 127/200 total=0.14 prior=1.16 H16_eval=1.16
[hyper|spectral|seed=0] epoch 128/200 total=0.13 prior=1.13 H16_eval=1.22
[hyper|spectral|seed=0] epoch 129/200 total=0.11 prior=1.12 H16_eval=0.88
[hyper|spectral|seed=0] epoch 130/200 total=0.11 prior=1.10 H16_eval=0.45
[hyper|spectral|seed=0] epoch 131/200 total=0.11 prior=1.09 H16_eval=1.51
[hyper|spectral|seed=0] epoch 132/200 total=0.14 prior=1.08 H16_eval=0.82
[hyper|spectral|seed=0] epoch 133/200 total=0.12 prior=1.06 H16_eval=0.61
[hyper|spectral|seed=0] epoch 134/200 total=0.15 prior=1.05 H16_eval=0.65
[hyper|spectral|seed=0] epoch 135/200 total=0.13 prior=1.05 H16_eval=0.62
[hyper|spectral|seed=0] epoch 136/200 total=0.13 prior=1.03 H16_eval=0.54
[hyper|spectral|seed=0] epoch 137/200 total=0.09 prior=1.02 H16_eval=1.50
[hyper|spectral|seed=0] epoch 138/200 total=0.08 prior=1.00 H16_eval=0.65
[hyper|spectral|seed=0] epoch 139/200 total=0.09 prior=0.98 H16_eval=0.54
[hyper|spectral|seed=0] epoch 140/200 total=0.10 prior=0.98 H16_eval=1.21
[hyper|spectral|seed=0] epoch 141/200 total=0.10 prior=0.95 H16_eval=0.99
[hyper|spectral|seed=0] epoch 142/200 total=0.10 prior=0.94 H16_eval=1.27
[hyper|spectral|seed=0] epoch 143/200 total=0.13 prior=0.93 H16_eval=0.44
[hyper|spectral|seed=0] epoch 144/200 total=0.12 prior=0.93 H16_eval=0.76
[hyper|spectral|seed=0] epoch 145/200 total=0.09 prior=0.92 H16_eval=0.36
[hyper|spectral|seed=0] epoch 146/200 total=0.13 prior=0.92 H16_eval=0.93
[hyper|spectral|seed=0] epoch 147/200 total=0.13 prior=0.92 H16_eval=0.35
[hyper|spectral|seed=0] epoch 148/200 total=0.07 prior=0.91 H16_eval=0.72
[hyper|spectral|seed=0] epoch 149/200 total=0.09 prior=0.89 H16_eval=0.64
[hyper|spectral|seed=0] epoch 150/200 total=0.10 prior=0.88 H16_eval=0.51
[hyper|spectral|seed=0] epoch 151/200 total=0.08 prior=0.86 H16_eval=1.53
[hyper|spectral|seed=0] epoch 152/200 total=0.09 prior=0.86 H16_eval=0.75
[hyper|spectral|seed=0] epoch 153/200 total=0.10 prior=0.85 H16_eval=1.34
[hyper|spectral|seed=0] epoch 154/200 total=0.09 prior=0.83 H16_eval=1.05
[hyper|spectral|seed=0] epoch 155/200 total=0.10 prior=0.85 H16_eval=1.55
[hyper|spectral|seed=0] epoch 156/200 total=0.17 prior=0.82 H16_eval=0.90
[hyper|spectral|seed=0] epoch 157/200 total=0.09 prior=0.81 H16_eval=0.66
[hyper|spectral|seed=0] epoch 158/200 total=0.07 prior=0.81 H16_eval=1.30
[hyper|spectral|seed=0] epoch 159/200 total=0.08 prior=0.80 H16_eval=0.62
[hyper|spectral|seed=0] epoch 160/200 total=0.09 prior=0.79 H16_eval=0.65
[hyper|spectral|seed=0] epoch 161/200 total=0.08 prior=0.78 H16_eval=0.65
[hyper|spectral|seed=0] epoch 162/200 total=0.08 prior=0.77 H16_eval=0.94
[hyper|spectral|seed=0] epoch 163/200 total=0.09 prior=0.77 H16_eval=0.64
[hyper|spectral|seed=0] epoch 164/200 total=0.08 prior=0.76 H16_eval=2.01
[hyper|spectral|seed=0] epoch 165/200 total=0.07 prior=0.75 H16_eval=1.59
[hyper|spectral|seed=0] epoch 166/200 total=0.07 prior=0.75 H16_eval=0.85
[hyper|spectral|seed=0] epoch 167/200 total=0.06 prior=0.74 H16_eval=0.83
[hyper|spectral|seed=0] epoch 168/200 total=0.10 prior=0.72 H16_eval=0.74
[hyper|spectral|seed=0] epoch 169/200 total=0.06 prior=0.71 H16_eval=1.58
[hyper|spectral|seed=0] epoch 170/200 total=0.07 prior=0.71 H16_eval=0.95
[hyper|spectral|seed=0] epoch 171/200 total=0.07 prior=0.70 H16_eval=1.41
[hyper|spectral|seed=0] epoch 172/200 total=0.06 prior=0.69 H16_eval=0.99
[hyper|spectral|seed=0] epoch 173/200 total=0.06 prior=0.69 H16_eval=0.74
[hyper|spectral|seed=0] epoch 174/200 total=0.07 prior=0.67 H16_eval=1.17
[hyper|spectral|seed=0] epoch 175/200 total=0.06 prior=0.67 H16_eval=1.91
[hyper|spectral|seed=0] epoch 176/200 total=0.09 prior=0.66 H16_eval=1.36
[hyper|spectral|seed=0] epoch 177/200 total=0.09 prior=0.66 H16_eval=1.00
[hyper|spectral|seed=0] epoch 178/200 total=0.05 prior=0.65 H16_eval=0.83
[hyper|spectral|seed=0] epoch 179/200 total=0.06 prior=0.65 H16_eval=1.65
[hyper|spectral|seed=0] epoch 180/200 total=0.06 prior=0.65 H16_eval=0.95
[hyper|spectral|seed=0] epoch 181/200 total=0.10 prior=0.64 H16_eval=0.87
[hyper|spectral|seed=0] epoch 182/200 total=0.07 prior=0.63 H16_eval=1.00
[hyper|spectral|seed=0] epoch 183/200 total=0.05 prior=0.63 H16_eval=2.10
[hyper|spectral|seed=0] epoch 184/200 total=0.04 prior=0.62 H16_eval=0.91
[hyper|spectral|seed=0] epoch 185/200 total=0.09 prior=0.63 H16_eval=0.81
[hyper|spectral|seed=0] epoch 186/200 total=0.05 prior=0.62 H16_eval=2.14
[hyper|spectral|seed=0] epoch 187/200 total=0.06 prior=0.61 H16_eval=1.29
[hyper|spectral|seed=0] epoch 188/200 total=0.15 prior=0.61 H16_eval=1.08
[hyper|spectral|seed=0] epoch 189/200 total=0.06 prior=0.60 H16_eval=1.24
[hyper|spectral|seed=0] epoch 190/200 total=0.05 prior=0.60 H16_eval=0.92
[hyper|spectral|seed=0] epoch 191/200 total=0.05 prior=0.59 H16_eval=1.18
[hyper|spectral|seed=0] epoch 192/200 total=0.05 prior=0.58 H16_eval=1.07
[hyper|spectral|seed=0] epoch 193/200 total=0.05 prior=0.58 H16_eval=1.60
[hyper|spectral|seed=0] epoch 194/200 total=0.06 prior=0.57 H16_eval=1.43
[hyper|spectral|seed=0] epoch 195/200 total=0.07 prior=0.57 H16_eval=3.93
[hyper|spectral|seed=0] epoch 196/200 total=0.04 prior=0.56 H16_eval=1.54
[hyper|spectral|seed=0] epoch 197/200 total=0.05 prior=0.55 H16_eval=0.93
[hyper|spectral|seed=0] epoch 198/200 total=0.05 prior=0.55 H16_eval=1.56
[hyper|spectral|seed=0] epoch 199/200 total=0.04 prior=0.54 H16_eval=0.85
[hyper|spectral|seed=0] epoch 200/200 total=0.06 prior=0.53 H16_eval=0.88
[hyper|none|seed=1] epoch 1/200 total=122.55 prior=0.00 H16_eval=1.40
[hyper|none|seed=1] epoch 2/200 total=3.78 prior=0.00 H16_eval=1.01
[hyper|none|seed=1] epoch 3/200 total=1.50 prior=0.00 H16_eval=1.03
[hyper|none|seed=1] epoch 4/200 total=1.32 prior=0.00 H16_eval=0.82
[hyper|none|seed=1] epoch 5/200 total=1.12 prior=0.00 H16_eval=0.78
[hyper|none|seed=1] epoch 6/200 total=1.11 prior=0.00 H16_eval=1.16
[hyper|none|seed=1] epoch 7/200 total=0.88 prior=0.00 H16_eval=1.06
[hyper|none|seed=1] epoch 8/200 total=0.86 prior=0.00 H16_eval=1.18
[hyper|none|seed=1] epoch 9/200 total=0.77 prior=0.00 H16_eval=0.81
[hyper|none|seed=1] epoch 10/200 total=0.69 prior=0.00 H16_eval=1.63
[hyper|none|seed=1] epoch 11/200 total=0.75 prior=0.00 H16_eval=0.77
[hyper|none|seed=1] epoch 12/200 total=0.67 prior=0.00 H16_eval=0.92
[hyper|none|seed=1] epoch 13/200 total=0.56 prior=0.00 H16_eval=0.90
[hyper|none|seed=1] epoch 14/200 total=0.58 prior=0.00 H16_eval=0.67
[hyper|none|seed=1] epoch 15/200 total=0.51 prior=0.00 H16_eval=0.61
[hyper|none|seed=1] epoch 16/200 total=0.53 prior=0.00 H16_eval=1.10
[hyper|none|seed=1] epoch 17/200 total=0.52 prior=0.00 H16_eval=1.41
[hyper|none|seed=1] epoch 18/200 total=0.51 prior=0.00 H16_eval=1.05
[hyper|none|seed=1] epoch 19/200 total=0.52 prior=0.00 H16_eval=0.76
[hyper|none|seed=1] epoch 20/200 total=0.49 prior=0.00 H16_eval=0.68
[hyper|none|seed=1] epoch 21/200 total=0.52 prior=0.00 H16_eval=0.95
[hyper|none|seed=1] epoch 22/200 total=0.43 prior=0.00 H16_eval=0.83
[hyper|none|seed=1] epoch 23/200 total=0.44 prior=0.00 H16_eval=0.86
[hyper|none|seed=1] epoch 24/200 total=0.50 prior=0.00 H16_eval=1.18
[hyper|none|seed=1] epoch 25/200 total=0.48 prior=0.00 H16_eval=0.65
[hyper|none|seed=1] epoch 26/200 total=0.46 prior=0.00 H16_eval=0.82
[hyper|none|seed=1] epoch 27/200 total=0.44 prior=0.00 H16_eval=0.77
[hyper|none|seed=1] epoch 28/200 total=0.42 prior=0.00 H16_eval=0.57
[hyper|none|seed=1] epoch 29/200 total=0.50 prior=0.00 H16_eval=1.01
[hyper|none|seed=1] epoch 30/200 total=0.40 prior=0.00 H16_eval=0.84
[hyper|none|seed=1] epoch 31/200 total=0.43 prior=0.00 H16_eval=0.49
[hyper|none|seed=1] epoch 32/200 total=0.38 prior=0.00 H16_eval=0.99
[hyper|none|seed=1] epoch 33/200 total=0.42 prior=0.00 H16_eval=1.01
[hyper|none|seed=1] epoch 34/200 total=0.40 prior=0.00 H16_eval=0.83
[hyper|none|seed=1] epoch 35/200 total=0.39 prior=0.00 H16_eval=0.78
[hyper|none|seed=1] epoch 36/200 total=0.38 prior=0.00 H16_eval=0.88
[hyper|none|seed=1] epoch 37/200 total=0.37 prior=0.00 H16_eval=0.75
[hyper|none|seed=1] epoch 38/200 total=0.40 prior=0.00 H16_eval=0.64
[hyper|none|seed=1] epoch 39/200 total=0.35 prior=0.00 H16_eval=1.00
[hyper|none|seed=1] epoch 40/200 total=0.36 prior=0.00 H16_eval=1.03
[hyper|none|seed=1] epoch 41/200 total=0.37 prior=0.00 H16_eval=0.91
[hyper|none|seed=1] epoch 42/200 total=0.37 prior=0.00 H16_eval=0.92
[hyper|none|seed=1] epoch 43/200 total=0.38 prior=0.00 H16_eval=0.93
[hyper|none|seed=1] epoch 44/200 total=0.35 prior=0.00 H16_eval=0.69
[hyper|none|seed=1] epoch 45/200 total=0.33 prior=0.00 H16_eval=1.15
[hyper|none|seed=1] epoch 46/200 total=0.35 prior=0.00 H16_eval=0.41
[hyper|none|seed=1] epoch 47/200 total=0.30 prior=0.00 H16_eval=0.76
[hyper|none|seed=1] epoch 48/200 total=0.32 prior=0.00 H16_eval=0.77
[hyper|none|seed=1] epoch 49/200 total=0.37 prior=0.00 H16_eval=0.64
[hyper|none|seed=1] epoch 50/200 total=0.30 prior=0.00 H16_eval=0.54
[hyper|none|seed=1] epoch 51/200 total=0.36 prior=0.00 H16_eval=0.87
[hyper|none|seed=1] epoch 52/200 total=0.35 prior=0.00 H16_eval=0.71
[hyper|none|seed=1] epoch 53/200 total=0.39 prior=0.00 H16_eval=0.78
[hyper|none|seed=1] epoch 54/200 total=0.32 prior=0.00 H16_eval=0.55
[hyper|none|seed=1] epoch 55/200 total=0.32 prior=0.00 H16_eval=0.89
[hyper|none|seed=1] epoch 56/200 total=0.29 prior=0.00 H16_eval=0.80
[hyper|none|seed=1] epoch 57/200 total=0.32 prior=0.00 H16_eval=1.29
[hyper|none|seed=1] epoch 58/200 total=0.32 prior=0.00 H16_eval=0.50
[hyper|none|seed=1] epoch 59/200 total=0.39 prior=0.00 H16_eval=0.82
[hyper|none|seed=1] epoch 60/200 total=0.30 prior=0.00 H16_eval=0.62
[hyper|none|seed=1] epoch 61/200 total=0.33 prior=0.00 H16_eval=0.53
[hyper|none|seed=1] epoch 62/200 total=0.34 prior=0.00 H16_eval=0.99
[hyper|none|seed=1] epoch 63/200 total=0.29 prior=0.00 H16_eval=0.70
[hyper|none|seed=1] epoch 64/200 total=0.31 prior=0.00 H16_eval=0.53
[hyper|none|seed=1] epoch 65/200 total=0.30 prior=0.00 H16_eval=0.79
[hyper|none|seed=1] epoch 66/200 total=0.28 prior=0.00 H16_eval=1.21
[hyper|none|seed=1] epoch 67/200 total=0.29 prior=0.00 H16_eval=1.01
[hyper|none|seed=1] epoch 68/200 total=0.30 prior=0.00 H16_eval=0.73
[hyper|none|seed=1] epoch 69/200 total=0.28 prior=0.00 H16_eval=0.52
[hyper|none|seed=1] epoch 70/200 total=0.27 prior=0.00 H16_eval=0.85
[hyper|none|seed=1] epoch 71/200 total=0.27 prior=0.00 H16_eval=0.84
