Verified ISO17 train source: ISO17Trajectory(split='reference', isomer='all', n_frames=404000, n_atoms=19, source='/workspace/causalworld/data/iso17_raw/iso17/reference.db', cutoff=5.0)
Verified ISO17 eval source:  ISO17Trajectory(split='test_within', isomer='all', n_frames=101000, n_atoms=19, source='/workspace/causalworld/data/iso17_raw/iso17/test_within.db', cutoff=5.0)
Verified ISO17 eval source:  ISO17Trajectory(split='test_other', isomer='all', n_frames=130000, n_atoms=19, source='/workspace/causalworld/data/iso17_raw/iso17/test_other.db', cutoff=5.0)
device=cuda (NVIDIA RTX PRO 4500 Blackwell)
Planned runs: 3 priors x 5 seeds = 15

=== Starting iso17|reference|none|seed=0 ===
[iso17:reference->test_within|flat|none|seed=0] epoch   5/50 loss=0.0812 H8_eval=0.2145
[iso17:reference->test_within|flat|none|seed=0] epoch  10/50 loss=0.0610 H8_eval=0.2524
[iso17:reference->test_within|flat|none|seed=0] epoch  15/50 loss=0.0473 H8_eval=0.3133
[iso17:reference->test_within|flat|none|seed=0] epoch  20/50 loss=0.0330 H8_eval=0.2772
[iso17:reference->test_within|flat|none|seed=0] epoch  25/50 loss=0.0237 H8_eval=0.1569
[iso17:reference->test_within|flat|none|seed=0] epoch  30/50 loss=0.0174 H8_eval=0.1319
[iso17:reference->test_within|flat|none|seed=0] epoch  35/50 loss=0.0130 H8_eval=0.1402
[iso17:reference->test_within|flat|none|seed=0] epoch  40/50 loss=0.0093 H8_eval=0.1267
[iso17:reference->test_within|flat|none|seed=0] epoch  45/50 loss=0.0074 H8_eval=0.1878
[iso17:reference->test_within|flat|none|seed=0] epoch  50/50 loss=0.0061 H8_eval=0.1281
[iso17|reference|none|seed=0] test_within_H16=0.217 test_other_H16=0.242
  -> saved partial results to iso17_split_eval_ablation.json

=== Starting iso17|reference|none|seed=1 ===
[iso17:reference->test_within|flat|none|seed=1] epoch   5/50 loss=0.1208 H8_eval=0.5465
