nohup: ignoring input
device=cuda (NVIDIA GeForce RTX 5060 Ti)
Resume: 20/20 runs pending
output: /home/user/projects/causalworld/lj_weight_sweep.json

=== Starting lj_N64|flat|spectral|w=0.001|seed=0 (1/20) ===
[lj_N64|flat|spectral|seed=0] epoch   1/50 loss=123.8817 H8_eval=7.4231
[lj_N64|flat|spectral|seed=0] epoch   5/50 loss=12.7929 H8_eval=0.3977
[lj_N64|flat|spectral|seed=0] epoch  10/50 loss=1.3096 H8_eval=0.1217
[lj_N64|flat|spectral|seed=0] epoch  15/50 loss=0.1151 H8_eval=0.0612
[lj_N64|flat|spectral|seed=0] epoch  20/50 loss=0.0064 H8_eval=0.0360
[lj_N64|flat|spectral|seed=0] epoch  25/50 loss=0.0007 H8_eval=0.0341
[lj_N64|flat|spectral|seed=0] epoch  30/50 loss=0.0004 H8_eval=0.0402
[lj_N64|flat|spectral|seed=0] epoch  35/50 loss=0.0003 H8_eval=0.0392
[lj_N64|flat|spectral|seed=0] epoch  40/50 loss=0.0003 H8_eval=0.0790
[lj_N64|flat|spectral|seed=0] epoch  45/50 loss=0.0003 H8_eval=0.0357
[lj_N64|flat|spectral|seed=0] epoch  50/50 loss=0.0003 H8_eval=0.0242
=== Finished lj_N64|flat|spectral|w=0.001|seed=0 | H1=0.0142 H8=0.0275 H16=0.0781 | r_eff=1.00 | wall=3496.1s ===
  -> saved partial results to lj_weight_sweep.json

=== Starting lj_N64|flat|spectral|w=0.001|seed=1 (2/20) ===
[lj_N64|flat|spectral|seed=1] epoch   1/50 loss=209.6649 H8_eval=10.1591
[lj_N64|flat|spectral|seed=1] epoch   5/50 loss=23.4738 H8_eval=0.7964
[lj_N64|flat|spectral|seed=1] epoch  10/50 loss=2.2315 H8_eval=0.2205
[lj_N64|flat|spectral|seed=1] epoch  15/50 loss=0.1370 H8_eval=0.1641
[lj_N64|flat|spectral|seed=1] epoch  20/50 loss=0.0152 H8_eval=0.1730
[lj_N64|flat|spectral|seed=1] epoch  25/50 loss=0.0632 H8_eval=0.7428
[lj_N64|flat|spectral|seed=1] epoch  30/50 loss=0.0616 H8_eval=0.4831
[lj_N64|flat|spectral|seed=1] epoch  35/50 loss=0.1178 H8_eval=1.8395
[lj_N64|flat|spectral|seed=1] epoch  40/50 loss=2.6902 H8_eval=1.2768
[lj_N64|flat|spectral|seed=1] epoch  45/50 loss=0.6142 H8_eval=0.6746
[lj_N64|flat|spectral|seed=1] epoch  50/50 loss=0.5516 H8_eval=1.3176
=== Finished lj_N64|flat|spectral|w=0.001|seed=1 | H1=0.2049 H8=1.3182 H16=2.3865 | r_eff=1.00 | wall=4946.2s ===
  -> saved partial results to lj_weight_sweep.json

=== Starting lj_N64|flat|spectral|w=0.001|seed=2 (3/20) ===
[lj_N64|flat|spectral|seed=2] epoch   1/50 loss=61.6479 H8_eval=7.2974
[lj_N64|flat|spectral|seed=2] epoch   5/50 loss=9.1483 H8_eval=0.4897
[lj_N64|flat|spectral|seed=2] epoch  10/50 loss=1.1133 H8_eval=0.1449
[lj_N64|flat|spectral|seed=2] epoch  15/50 loss=0.0783 H8_eval=0.0506
[lj_N64|flat|spectral|seed=2] epoch  20/50 loss=0.0037 H8_eval=0.0837
[lj_N64|flat|spectral|seed=2] epoch  25/50 loss=0.0009 H8_eval=0.0422
[lj_N64|flat|spectral|seed=2] epoch  30/50 loss=0.0686 H8_eval=0.7216
[lj_N64|flat|spectral|seed=2] epoch  35/50 loss=0.1629 H8_eval=0.3141
[lj_N64|flat|spectral|seed=2] epoch  40/50 loss=1.5017 H8_eval=2.6125
[lj_N64|flat|spectral|seed=2] epoch  45/50 loss=1.7304 H8_eval=1.9946
[lj_N64|flat|spectral|seed=2] epoch  50/50 loss=9.8643 H8_eval=1.0575
=== Finished lj_N64|flat|spectral|w=0.001|seed=2 | H1=0.2100 H8=1.0646 H16=2.1764 | r_eff=1.00 | wall=3699.4s ===
  -> saved partial results to lj_weight_sweep.json

=== Starting lj_N64|flat|spectral|w=0.001|seed=3 (4/20) ===
[lj_N64|flat|spectral|seed=3] epoch   1/50 loss=95.0205 H8_eval=5.5495
[lj_N64|flat|spectral|seed=3] epoch   5/50 loss=6.7933 H8_eval=0.2486
[lj_N64|flat|spectral|seed=3] epoch  10/50 loss=0.1239 H8_eval=0.0634
[lj_N64|flat|spectral|seed=3] epoch  15/50 loss=0.0024 H8_eval=0.0424
[lj_N64|flat|spectral|seed=3] epoch  20/50 loss=0.0009 H8_eval=0.0828
[lj_N64|flat|spectral|seed=3] epoch  25/50 loss=0.0007 H8_eval=0.0463
[lj_N64|flat|spectral|seed=3] epoch  30/50 loss=0.0006 H8_eval=0.0563
[lj_N64|flat|spectral|seed=3] epoch  35/50 loss=0.0006 H8_eval=0.0315
[lj_N64|flat|spectral|seed=3] epoch  40/50 loss=11.1611 H8_eval=2.7978
[lj_N64|flat|spectral|seed=3] epoch  45/50 loss=0.9705 H8_eval=0.3498
[lj_N64|flat|spectral|seed=3] epoch  50/50 loss=0.5983 H8_eval=0.9354
=== Finished lj_N64|flat|spectral|w=0.001|seed=3 | H1=0.1401 H8=0.9302 H16=1.7600 | r_eff=1.00 | wall=3915.4s ===
  -> saved partial results to lj_weight_sweep.json

=== Starting lj_N64|flat|spectral|w=0.001|seed=4 (5/20) ===
[lj_N64|flat|spectral|seed=4] epoch   1/50 loss=129.5595 H8_eval=9.5219
[lj_N64|flat|spectral|seed=4] epoch   5/50 loss=15.3598 H8_eval=0.3526
[lj_N64|flat|spectral|seed=4] epoch  10/50 loss=0.6893 H8_eval=0.1397
[lj_N64|flat|spectral|seed=4] epoch  15/50 loss=0.0350 H8_eval=0.3487
[lj_N64|flat|spectral|seed=4] epoch  20/50 loss=0.1373 H8_eval=0.6493
[lj_N64|flat|spectral|seed=4] epoch  25/50 loss=0.5854 H8_eval=1.4070
[lj_N64|flat|spectral|seed=4] epoch  30/50 loss=1.5310 H8_eval=2.8306
[lj_N64|flat|spectral|seed=4] epoch  35/50 loss=2.0327 H8_eval=1.4137
[lj_N64|flat|spectral|seed=4] epoch  40/50 loss=2.3655 H8_eval=1.3867
[lj_N64|flat|spectral|seed=4] epoch  45/50 loss=2.7311 H8_eval=4.8008
[lj_N64|flat|spectral|seed=4] epoch  50/50 loss=3.3199 H8_eval=0.8221
=== Finished lj_N64|flat|spectral|w=0.001|seed=4 | H1=0.1141 H8=0.8223 H16=1.5824 | r_eff=1.00 | wall=4939.4s ===
  -> saved partial results to lj_weight_sweep.json

=== Starting lj_N64|flat|spectral|w=0.01|seed=0 (6/20) ===
[lj_N64|flat|spectral|seed=0] epoch   1/50 loss=631.1026 H8_eval=7.0083
[lj_N64|flat|spectral|seed=0] epoch   5/50 loss=2.2312 H8_eval=0.0895
[lj_N64|flat|spectral|seed=0] epoch  10/50 loss=0.0036 H8_eval=0.0326
[lj_N64|flat|spectral|seed=0] epoch  15/50 loss=0.0014 H8_eval=0.0351
[lj_N64|flat|spectral|seed=0] epoch  20/50 loss=0.0009 H8_eval=0.0289
[lj_N64|flat|spectral|seed=0] epoch  25/50 loss=0.0007 H8_eval=0.0267
[lj_N64|flat|spectral|seed=0] epoch  30/50 loss=0.0006 H8_eval=0.0299
[lj_N64|flat|spectral|seed=0] epoch  35/50 loss=0.0005 H8_eval=0.0308
[lj_N64|flat|spectral|seed=0] epoch  40/50 loss=0.0004 H8_eval=0.0343
[lj_N64|flat|spectral|seed=0] epoch  45/50 loss=0.0004 H8_eval=0.0301
[lj_N64|flat|spectral|seed=0] epoch  50/50 loss=0.0004 H8_eval=0.0408
=== Finished lj_N64|flat|spectral|w=0.01|seed=0 | H1=0.0157 H8=0.0424 H16=0.1010 | r_eff=1.00 | wall=3147.6s ===
  -> saved partial results to lj_weight_sweep.json

=== Starting lj_N64|flat|spectral|w=0.01|seed=1 (7/20) ===
[lj_N64|flat|spectral|seed=1] epoch   1/50 loss=967.2843 H8_eval=12.5560
[lj_N64|flat|spectral|seed=1] epoch   5/50 loss=0.2926 H8_eval=0.0545
[lj_N64|flat|spectral|seed=1] epoch  10/50 loss=0.0015 H8_eval=0.0372
[lj_N64|flat|spectral|seed=1] epoch  15/50 loss=0.0008 H8_eval=0.0264
[lj_N64|flat|spectral|seed=1] epoch  20/50 loss=0.0006 H8_eval=0.0264
[lj_N64|flat|spectral|seed=1] epoch  25/50 loss=0.0006 H8_eval=0.0326
[lj_N64|flat|spectral|seed=1] epoch  30/50 loss=0.0005 H8_eval=0.0254
[lj_N64|flat|spectral|seed=1] epoch  35/50 loss=0.0006 H8_eval=0.0309
[lj_N64|flat|spectral|seed=1] epoch  40/50 loss=0.0597 H8_eval=0.7218
[lj_N64|flat|spectral|seed=1] epoch  45/50 loss=24.8278 H8_eval=3.7841
[lj_N64|flat|spectral|seed=1] epoch  50/50 loss=2.1605 H8_eval=1.5984
=== Finished lj_N64|flat|spectral|w=0.01|seed=1 | H1=0.1908 H8=1.5992 H16=56.1347 | r_eff=1.00 | wall=4244.8s ===
  -> saved partial results to lj_weight_sweep.json

=== Starting lj_N64|flat|spectral|w=0.01|seed=2 (8/20) ===
[lj_N64|flat|spectral|seed=2] epoch   1/50 loss=357.9308 H8_eval=8.5099
[lj_N64|flat|spectral|seed=2] epoch   5/50 loss=0.2854 H8_eval=0.0731
[lj_N64|flat|spectral|seed=2] epoch  10/50 loss=0.0034 H8_eval=0.0611
[lj_N64|flat|spectral|seed=2] epoch  15/50 loss=0.0018 H8_eval=0.0399
[lj_N64|flat|spectral|seed=2] epoch  20/50 loss=0.0013 H8_eval=0.0486
[lj_N64|flat|spectral|seed=2] epoch  25/50 loss=0.0010 H8_eval=0.0333
