device=cuda (NVIDIA GeForce RTX 4090)
Resume: 84/84 runs pending
output: /workspace/causalworld/rmd17_multimolecule_mechanism.json

=== Starting ethanol|flat|none|seed=0 (1/84) ===
[ethanol|flat|none|seed=0] epoch   1/50 loss=0.0584 H8_eval=0.0872
[ethanol|flat|none|seed=0] epoch   5/50 loss=0.0016 H8_eval=0.0375
[ethanol|flat|none|seed=0] epoch  10/50 loss=0.0013 H8_eval=0.0026
[ethanol|flat|none|seed=0] epoch  15/50 loss=0.0008 H8_eval=0.0001
[ethanol|flat|none|seed=0] epoch  20/50 loss=0.0006 H8_eval=0.0003
[ethanol|flat|none|seed=0] epoch  25/50 loss=0.0004 H8_eval=0.0472
[ethanol|flat|none|seed=0] epoch  30/50 loss=0.0003 H8_eval=0.0005
[ethanol|flat|none|seed=0] epoch  35/50 loss=0.0002 H8_eval=0.0002
[ethanol|flat|none|seed=0] epoch  40/50 loss=0.0002 H8_eval=0.0014
[ethanol|flat|none|seed=0] epoch  45/50 loss=0.0001 H8_eval=0.0136
[ethanol|flat|none|seed=0] epoch  50/50 loss=0.0001 H8_eval=0.0137
=== Finished ethanol|flat|none|seed=0 | H1=0.0016 H8=0.0137 H16=0.0355 | r_eff=16.00 | wall=294.1s ===
  -> saved partial; avg=294s/run; ETA=407min for 83 remaining

=== Starting ethanol|flat|none|seed=1 (2/84) ===
[ethanol|flat|none|seed=1] epoch   1/50 loss=0.0532 H8_eval=0.1032
[ethanol|flat|none|seed=1] epoch   5/50 loss=0.0021 H8_eval=0.0003
[ethanol|flat|none|seed=1] epoch  10/50 loss=0.0018 H8_eval=0.0123
[ethanol|flat|none|seed=1] epoch  15/50 loss=0.0012 H8_eval=0.0093
[ethanol|flat|none|seed=1] epoch  20/50 loss=0.0007 H8_eval=0.0005
[ethanol|flat|none|seed=1] epoch  25/50 loss=0.0005 H8_eval=0.0070
[ethanol|flat|none|seed=1] epoch  30/50 loss=0.0003 H8_eval=0.0010
[ethanol|flat|none|seed=1] epoch  35/50 loss=0.0003 H8_eval=0.0176
[ethanol|flat|none|seed=1] epoch  40/50 loss=0.0003 H8_eval=0.0541
[ethanol|flat|none|seed=1] epoch  45/50 loss=0.0001 H8_eval=0.0055
[ethanol|flat|none|seed=1] epoch  50/50 loss=0.0001 H8_eval=0.0420
=== Finished ethanol|flat|none|seed=1 | H1=0.0056 H8=0.0420 H16=0.0812 | r_eff=16.00 | wall=294.9s ===
  -> saved partial; avg=294s/run; ETA=402min for 82 remaining

=== Starting ethanol|flat|none|seed=2 (3/84) ===
[ethanol|flat|none|seed=2] epoch   1/50 loss=0.0607 H8_eval=0.0753
[ethanol|flat|none|seed=2] epoch   5/50 loss=0.0008 H8_eval=0.0007
[ethanol|flat|none|seed=2] epoch  10/50 loss=0.0006 H8_eval=0.0004
[ethanol|flat|none|seed=2] epoch  15/50 loss=0.0005 H8_eval=0.0000
[ethanol|flat|none|seed=2] epoch  20/50 loss=0.0004 H8_eval=0.0001
[ethanol|flat|none|seed=2] epoch  25/50 loss=0.0003 H8_eval=0.0012
[ethanol|flat|none|seed=2] epoch  30/50 loss=0.0002 H8_eval=0.0034
[ethanol|flat|none|seed=2] epoch  35/50 loss=0.0003 H8_eval=0.0276
[ethanol|flat|none|seed=2] epoch  40/50 loss=0.0001 H8_eval=0.0012
[ethanol|flat|none|seed=2] epoch  45/50 loss=0.0002 H8_eval=0.0065
[ethanol|flat|none|seed=2] epoch  50/50 loss=0.0002 H8_eval=0.0304
=== Finished ethanol|flat|none|seed=2 | H1=0.0037 H8=0.0304 H16=0.0631 | r_eff=16.00 | wall=298.1s ===
  -> saved partial; avg=296s/run; ETA=399min for 81 remaining

=== Starting ethanol|flat|variance|seed=0 (4/84) ===
[ethanol|flat|variance|seed=0] epoch   1/50 loss=0.1564 H8_eval=0.0872
[ethanol|flat|variance|seed=0] epoch   5/50 loss=0.0996 H8_eval=0.0060
[ethanol|flat|variance|seed=0] epoch  10/50 loss=0.0995 H8_eval=0.0042
[ethanol|flat|variance|seed=0] epoch  15/50 loss=0.0988 H8_eval=0.0002
[ethanol|flat|variance|seed=0] epoch  20/50 loss=0.0986 H8_eval=0.0259
[ethanol|flat|variance|seed=0] epoch  25/50 loss=0.0984 H8_eval=0.0003
[ethanol|flat|variance|seed=0] epoch  30/50 loss=0.0983 H8_eval=0.0001
[ethanol|flat|variance|seed=0] epoch  35/50 loss=0.0983 H8_eval=0.0046
[ethanol|flat|variance|seed=0] epoch  40/50 loss=0.0982 H8_eval=0.0004
[ethanol|flat|variance|seed=0] epoch  45/50 loss=0.0982 H8_eval=0.0151
[ethanol|flat|variance|seed=0] epoch  50/50 loss=0.0981 H8_eval=0.0317
=== Finished ethanol|flat|variance|seed=0 | H1=0.0036 H8=0.0317 H16=0.0849 | r_eff=16.00 | wall=309.1s ===
  -> saved partial; avg=299s/run; ETA=399min for 80 remaining

=== Starting ethanol|flat|variance|seed=1 (5/84) ===
[ethanol|flat|variance|seed=1] epoch   1/50 loss=0.1512 H8_eval=0.1032
[ethanol|flat|variance|seed=1] epoch   5/50 loss=0.1001 H8_eval=0.0003
[ethanol|flat|variance|seed=1] epoch  10/50 loss=0.0998 H8_eval=0.0323
[ethanol|flat|variance|seed=1] epoch  15/50 loss=0.0990 H8_eval=0.0102
[ethanol|flat|variance|seed=1] epoch  20/50 loss=0.0987 H8_eval=0.0001
[ethanol|flat|variance|seed=1] epoch  25/50 loss=0.0985 H8_eval=0.0004
[ethanol|flat|variance|seed=1] epoch  30/50 loss=0.0983 H8_eval=0.0021
[ethanol|flat|variance|seed=1] epoch  35/50 loss=0.0983 H8_eval=0.0112
[ethanol|flat|variance|seed=1] epoch  40/50 loss=0.0982 H8_eval=0.0063
[ethanol|flat|variance|seed=1] epoch  45/50 loss=0.0981 H8_eval=0.0018
[ethanol|flat|variance|seed=1] epoch  50/50 loss=0.0981 H8_eval=0.0702
=== Finished ethanol|flat|variance|seed=1 | H1=0.0079 H8=0.0702 H16=0.1658 | r_eff=16.00 | wall=311.2s ===
  -> saved partial; avg=301s/run; ETA=397min for 79 remaining

=== Starting ethanol|flat|variance|seed=2 (6/84) ===
[ethanol|flat|variance|seed=2] epoch   1/50 loss=0.1587 H8_eval=0.0753
[ethanol|flat|variance|seed=2] epoch   5/50 loss=0.0988 H8_eval=0.0009
[ethanol|flat|variance|seed=2] epoch  10/50 loss=0.0986 H8_eval=0.0015
[ethanol|flat|variance|seed=2] epoch  15/50 loss=0.0985 H8_eval=0.0003
[ethanol|flat|variance|seed=2] epoch  20/50 loss=0.0985 H8_eval=0.0117
[ethanol|flat|variance|seed=2] epoch  25/50 loss=0.0983 H8_eval=0.0002
[ethanol|flat|variance|seed=2] epoch  30/50 loss=0.0982 H8_eval=0.0021
[ethanol|flat|variance|seed=2] epoch  35/50 loss=0.0983 H8_eval=0.0152
[ethanol|flat|variance|seed=2] epoch  40/50 loss=0.0981 H8_eval=0.0002
[ethanol|flat|variance|seed=2] epoch  45/50 loss=0.0981 H8_eval=0.0317
[ethanol|flat|variance|seed=2] epoch  50/50 loss=0.0981 H8_eval=0.0199
=== Finished ethanol|flat|variance|seed=2 | H1=0.0025 H8=0.0199 H16=0.0427 | r_eff=16.00 | wall=307.5s ===
  -> saved partial; avg=303s/run; ETA=393min for 78 remaining

=== Starting ethanol|flat|covariance|seed=0 (7/84) ===
[ethanol|flat|euclidean|seed=0] epoch   1/50 loss=0.4584 H8_eval=0.0872
[ethanol|flat|euclidean|seed=0] epoch   5/50 loss=0.4016 H8_eval=0.0375
[ethanol|flat|euclidean|seed=0] epoch  10/50 loss=0.4013 H8_eval=0.0026
[ethanol|flat|euclidean|seed=0] epoch  15/50 loss=0.4008 H8_eval=0.0001
[ethanol|flat|euclidean|seed=0] epoch  20/50 loss=0.4006 H8_eval=0.0003
[ethanol|flat|euclidean|seed=0] epoch  25/50 loss=0.4004 H8_eval=0.0472
[ethanol|flat|euclidean|seed=0] epoch  30/50 loss=0.4003 H8_eval=0.0005
[ethanol|flat|euclidean|seed=0] epoch  35/50 loss=0.4002 H8_eval=0.0002
[ethanol|flat|euclidean|seed=0] epoch  40/50 loss=0.4002 H8_eval=0.0014
[ethanol|flat|euclidean|seed=0] epoch  45/50 loss=0.4001 H8_eval=0.0136
[ethanol|flat|euclidean|seed=0] epoch  50/50 loss=0.4001 H8_eval=0.0137
=== Finished ethanol|flat|covariance|seed=0 | H1=0.0016 H8=0.0137 H16=0.0355 | r_eff=16.00 | wall=311.0s ===
  -> saved partial; avg=304s/run; ETA=390min for 77 remaining

=== Starting ethanol|flat|covariance|seed=1 (8/84) ===
[ethanol|flat|euclidean|seed=1] epoch   1/50 loss=0.4532 H8_eval=0.1032
[ethanol|flat|euclidean|seed=1] epoch   5/50 loss=0.4021 H8_eval=0.0003
[ethanol|flat|euclidean|seed=1] epoch  10/50 loss=0.4018 H8_eval=0.0123
[ethanol|flat|euclidean|seed=1] epoch  15/50 loss=0.4012 H8_eval=0.0093
[ethanol|flat|euclidean|seed=1] epoch  20/50 loss=0.4007 H8_eval=0.0005
[ethanol|flat|euclidean|seed=1] epoch  25/50 loss=0.4005 H8_eval=0.0070
[ethanol|flat|euclidean|seed=1] epoch  30/50 loss=0.4003 H8_eval=0.0010
[ethanol|flat|euclidean|seed=1] epoch  35/50 loss=0.4003 H8_eval=0.0176
[ethanol|flat|euclidean|seed=1] epoch  40/50 loss=0.4003 H8_eval=0.0541
[ethanol|flat|euclidean|seed=1] epoch  45/50 loss=0.4001 H8_eval=0.0055
[ethanol|flat|euclidean|seed=1] epoch  50/50 loss=0.4001 H8_eval=0.0420
=== Finished ethanol|flat|covariance|seed=1 | H1=0.0056 H8=0.0420 H16=0.0812 | r_eff=16.00 | wall=305.3s ===
  -> saved partial; avg=304s/run; ETA=385min for 76 remaining

=== Starting ethanol|flat|covariance|seed=2 (9/84) ===
[ethanol|flat|euclidean|seed=2] epoch   1/50 loss=0.4607 H8_eval=0.0753
[ethanol|flat|euclidean|seed=2] epoch   5/50 loss=0.4008 H8_eval=0.0007
[ethanol|flat|euclidean|seed=2] epoch  10/50 loss=0.4006 H8_eval=0.0004
[ethanol|flat|euclidean|seed=2] epoch  15/50 loss=0.4005 H8_eval=0.0000
[ethanol|flat|euclidean|seed=2] epoch  20/50 loss=0.4004 H8_eval=0.0001
[ethanol|flat|euclidean|seed=2] epoch  25/50 loss=0.4003 H8_eval=0.0012
[ethanol|flat|euclidean|seed=2] epoch  30/50 loss=0.4002 H8_eval=0.0034
[ethanol|flat|euclidean|seed=2] epoch  35/50 loss=0.4003 H8_eval=0.0276
[ethanol|flat|euclidean|seed=2] epoch  40/50 loss=0.4001 H8_eval=0.0012
[ethanol|flat|euclidean|seed=2] epoch  45/50 loss=0.4002 H8_eval=0.0065
[ethanol|flat|euclidean|seed=2] epoch  50/50 loss=0.4002 H8_eval=0.0304
=== Finished ethanol|flat|covariance|seed=2 | H1=0.0037 H8=0.0304 H16=0.0631 | r_eff=16.00 | wall=310.3s ===
  -> saved partial; avg=305s/run; ETA=381min for 75 remaining

=== Starting ethanol|flat|sigreg|seed=0 (10/84) ===
[ethanol|flat|sigreg|seed=0] epoch   1/50 loss=0.2365 H8_eval=0.0866
[ethanol|flat|sigreg|seed=0] epoch   5/50 loss=0.0180 H8_eval=0.0119
[ethanol|flat|sigreg|seed=0] epoch  10/50 loss=0.0137 H8_eval=0.0044
[ethanol|flat|sigreg|seed=0] epoch  15/50 loss=0.0133 H8_eval=0.0015
[ethanol|flat|sigreg|seed=0] epoch  20/50 loss=0.0132 H8_eval=0.0009
[ethanol|flat|sigreg|seed=0] epoch  25/50 loss=0.0132 H8_eval=0.0090
[ethanol|flat|sigreg|seed=0] epoch  30/50 loss=0.0132 H8_eval=0.0056
[ethanol|flat|sigreg|seed=0] epoch  35/50 loss=0.0132 H8_eval=0.0207
[ethanol|flat|sigreg|seed=0] epoch  40/50 loss=0.0131 H8_eval=0.0047
[ethanol|flat|sigreg|seed=0] epoch  45/50 loss=0.0132 H8_eval=0.0084
[ethanol|flat|sigreg|seed=0] epoch  50/50 loss=0.0131 H8_eval=0.0076
=== Finished ethanol|flat|sigreg|seed=0 | H1=0.0008 H8=0.0076 H16=0.0185 | r_eff=16.00 | wall=338.4s ===
  -> saved partial; avg=308s/run; ETA=380min for 74 remaining

=== Starting ethanol|flat|sigreg|seed=1 (11/84) ===
[ethanol|flat|sigreg|seed=1] epoch   1/50 loss=0.2539 H8_eval=0.0679
[ethanol|flat|sigreg|seed=1] epoch   5/50 loss=0.0172 H8_eval=0.0096
[ethanol|flat|sigreg|seed=1] epoch  10/50 loss=0.0135 H8_eval=0.0049
[ethanol|flat|sigreg|seed=1] epoch  15/50 loss=0.0132 H8_eval=0.0031
[ethanol|flat|sigreg|seed=1] epoch  20/50 loss=0.0132 H8_eval=0.0014
[ethanol|flat|sigreg|seed=1] epoch  25/50 loss=0.0132 H8_eval=0.0044
[ethanol|flat|sigreg|seed=1] epoch  30/50 loss=0.0132 H8_eval=0.0089
[ethanol|flat|sigreg|seed=1] epoch  35/50 loss=0.0131 H8_eval=0.0128
[ethanol|flat|sigreg|seed=1] epoch  40/50 loss=0.0131 H8_eval=0.0052
[ethanol|flat|sigreg|seed=1] epoch  45/50 loss=0.0132 H8_eval=0.0615
[ethanol|flat|sigreg|seed=1] epoch  50/50 loss=0.0133 H8_eval=0.1239
=== Finished ethanol|flat|sigreg|seed=1 | H1=0.0140 H8=0.1239 H16=0.3007 | r_eff=16.00 | wall=326.8s ===
  -> saved partial; avg=310s/run; ETA=377min for 73 remaining

=== Starting ethanol|flat|sigreg|seed=2 (12/84) ===
[ethanol|flat|sigreg|seed=2] epoch   1/50 loss=0.1853 H8_eval=0.0459
[ethanol|flat|sigreg|seed=2] epoch   5/50 loss=0.0166 H8_eval=0.0058
[ethanol|flat|sigreg|seed=2] epoch  10/50 loss=0.0137 H8_eval=0.0048
[ethanol|flat|sigreg|seed=2] epoch  15/50 loss=0.0133 H8_eval=0.0031
[ethanol|flat|sigreg|seed=2] epoch  20/50 loss=0.0132 H8_eval=0.0056
[ethanol|flat|sigreg|seed=2] epoch  25/50 loss=0.0132 H8_eval=0.0314
[ethanol|flat|sigreg|seed=2] epoch  30/50 loss=0.0131 H8_eval=0.0013
[ethanol|flat|sigreg|seed=2] epoch  35/50 loss=0.0132 H8_eval=0.0247
[ethanol|flat|sigreg|seed=2] epoch  40/50 loss=0.0132 H8_eval=0.0126
[ethanol|flat|sigreg|seed=2] epoch  45/50 loss=0.0132 H8_eval=0.0235
[ethanol|flat|sigreg|seed=2] epoch  50/50 loss=0.0132 H8_eval=0.0391
=== Finished ethanol|flat|sigreg|seed=2 | H1=0.0031 H8=0.0391 H16=0.1283 | r_eff=16.00 | wall=332.2s ===
  -> saved partial; avg=312s/run; ETA=374min for 72 remaining

=== Starting ethanol|flat|spectral|seed=0 (13/84) ===
[ethanol|flat|spectral|seed=0] epoch   1/50 loss=5.2357 H8_eval=0.0610
[ethanol|flat|spectral|seed=0] epoch   5/50 loss=0.0009 H8_eval=0.0046
[ethanol|flat|spectral|seed=0] epoch  10/50 loss=0.0009 H8_eval=0.0114
[ethanol|flat|spectral|seed=0] epoch  15/50 loss=0.0008 H8_eval=0.0017
[ethanol|flat|spectral|seed=0] epoch  20/50 loss=0.0007 H8_eval=0.0029
[ethanol|flat|spectral|seed=0] epoch  25/50 loss=0.0004 H8_eval=0.0086
[ethanol|flat|spectral|seed=0] epoch  30/50 loss=0.0004 H8_eval=0.0015
[ethanol|flat|spectral|seed=0] epoch  35/50 loss=0.0004 H8_eval=0.0226
[ethanol|flat|spectral|seed=0] epoch  40/50 loss=0.0003 H8_eval=0.0284
[ethanol|flat|spectral|seed=0] epoch  45/50 loss=0.0003 H8_eval=0.0136
[ethanol|flat|spectral|seed=0] epoch  50/50 loss=0.0002 H8_eval=0.0183
=== Finished ethanol|flat|spectral|seed=0 | H1=0.0025 H8=0.0183 H16=0.0391 | r_eff=nan | wall=430.8s ===
  -> saved partial; avg=321s/run; ETA=380min for 71 remaining

=== Starting ethanol|flat|spectral|seed=1 (14/84) ===
[ethanol|flat|spectral|seed=1] epoch   1/50 loss=4.7031 H8_eval=0.0723
[ethanol|flat|spectral|seed=1] epoch   5/50 loss=0.0015 H8_eval=0.0006
[ethanol|flat|spectral|seed=1] epoch  10/50 loss=0.0010 H8_eval=0.0012
[ethanol|flat|spectral|seed=1] epoch  15/50 loss=0.0007 H8_eval=0.0022
[ethanol|flat|spectral|seed=1] epoch  20/50 loss=0.0005 H8_eval=0.0072
[ethanol|flat|spectral|seed=1] epoch  25/50 loss=0.0004 H8_eval=0.0166
[ethanol|flat|spectral|seed=1] epoch  30/50 loss=0.0003 H8_eval=0.0098
[ethanol|flat|spectral|seed=1] epoch  35/50 loss=0.0002 H8_eval=0.0090
[ethanol|flat|spectral|seed=1] epoch  40/50 loss=0.0002 H8_eval=0.0068
[ethanol|flat|spectral|seed=1] epoch  45/50 loss=0.0019 H8_eval=0.1104
[ethanol|flat|spectral|seed=1] epoch  50/50 loss=0.0001 H8_eval=0.0016
=== Finished ethanol|flat|spectral|seed=1 | H1=0.0002 H8=0.0016 H16=0.0036 | r_eff=16.00 | wall=429.9s ===
  -> saved partial; avg=329s/run; ETA=383min for 70 remaining

=== Starting ethanol|flat|spectral|seed=2 (15/84) ===
[ethanol|flat|spectral|seed=2] epoch   1/50 loss=1.3370 H8_eval=0.0566
[ethanol|flat|spectral|seed=2] epoch   5/50 loss=0.0005 H8_eval=0.0029
