nohup: ignoring input
device=cuda (NVIDIA GeForce RTX 4090)
Resume: 20/20 runs pending
output: /workspace/causalworld/rmd17_naphthalene_identity_weight.json

=== Starting naphthalene|flat|identity_quadratic|w=0.001|seed=0 (1/20) ===
[naphthalene|flat|identity_quadratic|seed=0] epoch   1/50 loss=1.4335 H8_eval=0.2168
[naphthalene|flat|identity_quadratic|seed=0] epoch   5/50 loss=0.0033 H8_eval=0.0437
[naphthalene|flat|identity_quadratic|seed=0] epoch  10/50 loss=0.0010 H8_eval=0.0693
[naphthalene|flat|identity_quadratic|seed=0] epoch  15/50 loss=0.0066 H8_eval=0.3019
[naphthalene|flat|identity_quadratic|seed=0] epoch  20/50 loss=0.1337 H8_eval=0.0571
[naphthalene|flat|identity_quadratic|seed=0] epoch  25/50 loss=0.0081 H8_eval=0.0457
[naphthalene|flat|identity_quadratic|seed=0] epoch  30/50 loss=0.0008 H8_eval=0.0261
[naphthalene|flat|identity_quadratic|seed=0] epoch  35/50 loss=0.0005 H8_eval=0.0164
[naphthalene|flat|identity_quadratic|seed=0] epoch  40/50 loss=0.0004 H8_eval=0.0356
[naphthalene|flat|identity_quadratic|seed=0] epoch  45/50 loss=0.0004 H8_eval=0.0266
[naphthalene|flat|identity_quadratic|seed=0] epoch  50/50 loss=0.0003 H8_eval=0.0252
=== Finished naphthalene|flat|identity_quadratic|w=0.001|seed=0 | H1=0.0122 H8=0.0247 H16=0.0416 | r_eff=1.00 | wall=954.7s ===
  -> saved partial results to rmd17_naphthalene_identity_weight.json

=== Starting naphthalene|flat|identity_quadratic|w=0.001|seed=1 (2/20) ===
[naphthalene|flat|identity_quadratic|seed=1] epoch   1/50 loss=1.9592 H8_eval=0.2681
[naphthalene|flat|identity_quadratic|seed=1] epoch   5/50 loss=0.0026 H8_eval=0.0481
[naphthalene|flat|identity_quadratic|seed=1] epoch  10/50 loss=0.0010 H8_eval=0.0794
[naphthalene|flat|identity_quadratic|seed=1] epoch  15/50 loss=0.0014 H8_eval=0.0335
[naphthalene|flat|identity_quadratic|seed=1] epoch  20/50 loss=0.0006 H8_eval=0.0313
[naphthalene|flat|identity_quadratic|seed=1] epoch  25/50 loss=0.0005 H8_eval=0.0295
[naphthalene|flat|identity_quadratic|seed=1] epoch  30/50 loss=0.0005 H8_eval=0.0349
[naphthalene|flat|identity_quadratic|seed=1] epoch  35/50 loss=0.0006 H8_eval=0.1140
[naphthalene|flat|identity_quadratic|seed=1] epoch  40/50 loss=0.0537 H8_eval=0.5439
[naphthalene|flat|identity_quadratic|seed=1] epoch  45/50 loss=0.0871 H8_eval=0.6049
[naphthalene|flat|identity_quadratic|seed=1] epoch  50/50 loss=0.0056 H8_eval=0.3961
=== Finished naphthalene|flat|identity_quadratic|w=0.001|seed=1 | H1=0.0754 H8=0.3981 H16=0.6016 | r_eff=1.00 | wall=965.0s ===
  -> saved partial results to rmd17_naphthalene_identity_weight.json

=== Starting naphthalene|flat|identity_quadratic|w=0.001|seed=2 (3/20) ===
[naphthalene|flat|identity_quadratic|seed=2] epoch   1/50 loss=0.7175 H8_eval=0.1114
[naphthalene|flat|identity_quadratic|seed=2] epoch   5/50 loss=0.0040 H8_eval=0.0401
[naphthalene|flat|identity_quadratic|seed=2] epoch  10/50 loss=0.0013 H8_eval=0.0445
[naphthalene|flat|identity_quadratic|seed=2] epoch  15/50 loss=0.0008 H8_eval=0.0796
[naphthalene|flat|identity_quadratic|seed=2] epoch  20/50 loss=0.0042 H8_eval=0.3278
[naphthalene|flat|identity_quadratic|seed=2] epoch  25/50 loss=0.0005 H8_eval=0.0211
[naphthalene|flat|identity_quadratic|seed=2] epoch  30/50 loss=0.0005 H8_eval=0.0366
[naphthalene|flat|identity_quadratic|seed=2] epoch  35/50 loss=0.0005 H8_eval=0.0447
[naphthalene|flat|identity_quadratic|seed=2] epoch  40/50 loss=0.0005 H8_eval=0.0256
[naphthalene|flat|identity_quadratic|seed=2] epoch  45/50 loss=0.0005 H8_eval=0.0451
[naphthalene|flat|identity_quadratic|seed=2] epoch  50/50 loss=0.0034 H8_eval=0.0807
=== Finished naphthalene|flat|identity_quadratic|w=0.001|seed=2 | H1=0.0239 H8=0.0808 H16=0.1253 | r_eff=1.00 | wall=963.3s ===
  -> saved partial results to rmd17_naphthalene_identity_weight.json

=== Starting naphthalene|flat|identity_quadratic|w=0.001|seed=3 (4/20) ===
[naphthalene|flat|identity_quadratic|seed=3] epoch   1/50 loss=1.0980 H8_eval=0.1933
[naphthalene|flat|identity_quadratic|seed=3] epoch   5/50 loss=0.0037 H8_eval=0.0456
[naphthalene|flat|identity_quadratic|seed=3] epoch  10/50 loss=0.0014 H8_eval=0.0423
[naphthalene|flat|identity_quadratic|seed=3] epoch  15/50 loss=0.0009 H8_eval=0.0623
[naphthalene|flat|identity_quadratic|seed=3] epoch  20/50 loss=0.0008 H8_eval=0.0782
[naphthalene|flat|identity_quadratic|seed=3] epoch  25/50 loss=0.0006 H8_eval=0.0484
[naphthalene|flat|identity_quadratic|seed=3] epoch  30/50 loss=0.0009 H8_eval=0.1177
[naphthalene|flat|identity_quadratic|seed=3] epoch  35/50 loss=0.6613 H8_eval=0.1554
[naphthalene|flat|identity_quadratic|seed=3] epoch  40/50 loss=0.1405 H8_eval=0.0557
[naphthalene|flat|identity_quadratic|seed=3] epoch  45/50 loss=0.0368 H8_eval=0.0712
[naphthalene|flat|identity_quadratic|seed=3] epoch  50/50 loss=0.0091 H8_eval=0.0347
=== Finished naphthalene|flat|identity_quadratic|w=0.001|seed=3 | H1=0.0238 H8=0.0320 H16=0.0512 | r_eff=1.00 | wall=971.0s ===
  -> saved partial results to rmd17_naphthalene_identity_weight.json

=== Starting naphthalene|flat|identity_quadratic|w=0.001|seed=4 (5/20) ===
[naphthalene|flat|identity_quadratic|seed=4] epoch   1/50 loss=1.7284 H8_eval=0.1949
[naphthalene|flat|identity_quadratic|seed=4] epoch   5/50 loss=0.0025 H8_eval=0.0856
[naphthalene|flat|identity_quadratic|seed=4] epoch  10/50 loss=0.0315 H8_eval=0.2948
[naphthalene|flat|identity_quadratic|seed=4] epoch  15/50 loss=0.0888 H8_eval=1.0978
[naphthalene|flat|identity_quadratic|seed=4] epoch  20/50 loss=0.0289 H8_eval=0.0785
[naphthalene|flat|identity_quadratic|seed=4] epoch  25/50 loss=0.0030 H8_eval=0.0261
[naphthalene|flat|identity_quadratic|seed=4] epoch  30/50 loss=0.0008 H8_eval=0.0276
[naphthalene|flat|identity_quadratic|seed=4] epoch  35/50 loss=0.0006 H8_eval=0.0220
[naphthalene|flat|identity_quadratic|seed=4] epoch  40/50 loss=0.0005 H8_eval=0.0252
[naphthalene|flat|identity_quadratic|seed=4] epoch  45/50 loss=0.0005 H8_eval=0.0299
[naphthalene|flat|identity_quadratic|seed=4] epoch  50/50 loss=0.0005 H8_eval=0.0184
=== Finished naphthalene|flat|identity_quadratic|w=0.001|seed=4 | H1=0.0169 H8=0.0185 H16=0.0184 | r_eff=1.00 | wall=1060.5s ===
  -> saved partial results to rmd17_naphthalene_identity_weight.json

=== Starting naphthalene|flat|identity_quadratic|w=0.005|seed=0 (6/20) ===
[naphthalene|flat|identity_quadratic|seed=0] epoch   1/50 loss=4.1433 H8_eval=0.1392
[naphthalene|flat|identity_quadratic|seed=0] epoch   5/50 loss=0.0048 H8_eval=0.0939
[naphthalene|flat|identity_quadratic|seed=0] epoch  10/50 loss=0.0359 H8_eval=0.1484
[naphthalene|flat|identity_quadratic|seed=0] epoch  15/50 loss=0.0235 H8_eval=0.1872
[naphthalene|flat|identity_quadratic|seed=0] epoch  20/50 loss=0.0647 H8_eval=0.5350
[naphthalene|flat|identity_quadratic|seed=0] epoch  25/50 loss=0.1644 H8_eval=0.2834
[naphthalene|flat|identity_quadratic|seed=0] epoch  30/50 loss=0.0005 H8_eval=0.0269
[naphthalene|flat|identity_quadratic|seed=0] epoch  35/50 loss=0.0005 H8_eval=0.0287
[naphthalene|flat|identity_quadratic|seed=0] epoch  40/50 loss=0.0005 H8_eval=0.0241
[naphthalene|flat|identity_quadratic|seed=0] epoch  45/50 loss=0.0005 H8_eval=0.0380
[naphthalene|flat|identity_quadratic|seed=0] epoch  50/50 loss=0.0005 H8_eval=0.0370
=== Finished naphthalene|flat|identity_quadratic|w=0.005|seed=0 | H1=0.0153 H8=0.0361 H16=0.0601 | r_eff=1.00 | wall=1717.9s ===
  -> saved partial results to rmd17_naphthalene_identity_weight.json

=== Starting naphthalene|flat|identity_quadratic|w=0.005|seed=1 (7/20) ===
[naphthalene|flat|identity_quadratic|seed=1] epoch   1/50 loss=5.4986 H8_eval=0.1662
[naphthalene|flat|identity_quadratic|seed=1] epoch   5/50 loss=0.0125 H8_eval=0.2383
[naphthalene|flat|identity_quadratic|seed=1] epoch  10/50 loss=0.0038 H8_eval=0.1231
[naphthalene|flat|identity_quadratic|seed=1] epoch  15/50 loss=0.1103 H8_eval=0.5148
[naphthalene|flat|identity_quadratic|seed=1] epoch  20/50 loss=0.0466 H8_eval=0.6481
[naphthalene|flat|identity_quadratic|seed=1] epoch  25/50 loss=0.0357 H8_eval=0.4682
[naphthalene|flat|identity_quadratic|seed=1] epoch  30/50 loss=0.0279 H8_eval=0.2900
[naphthalene|flat|identity_quadratic|seed=1] epoch  35/50 loss=0.0345 H8_eval=0.3390
[naphthalene|flat|identity_quadratic|seed=1] epoch  40/50 loss=0.0324 H8_eval=0.4048
[naphthalene|flat|identity_quadratic|seed=1] epoch  45/50 loss=0.0729 H8_eval=0.5960
[naphthalene|flat|identity_quadratic|seed=1] epoch  50/50 loss=0.0146 H8_eval=0.1365
=== Finished naphthalene|flat|identity_quadratic|w=0.005|seed=1 | H1=0.0253 H8=0.1373 H16=0.2639 | r_eff=1.00 | wall=1618.1s ===
  -> saved partial results to rmd17_naphthalene_identity_weight.json

=== Starting naphthalene|flat|identity_quadratic|w=0.005|seed=2 (8/20) ===
[naphthalene|flat|identity_quadratic|seed=2] epoch   1/50 loss=2.0866 H8_eval=0.1496
[naphthalene|flat|identity_quadratic|seed=2] epoch   5/50 loss=0.0045 H8_eval=0.0343
[naphthalene|flat|identity_quadratic|seed=2] epoch  10/50 loss=0.0014 H8_eval=0.0477
[naphthalene|flat|identity_quadratic|seed=2] epoch  15/50 loss=0.0008 H8_eval=0.0776
[naphthalene|flat|identity_quadratic|seed=2] epoch  20/50 loss=0.0006 H8_eval=0.0431
[naphthalene|flat|identity_quadratic|seed=2] epoch  25/50 loss=0.0005 H8_eval=0.0415
[naphthalene|flat|identity_quadratic|seed=2] epoch  30/50 loss=0.0005 H8_eval=0.0302
[naphthalene|flat|identity_quadratic|seed=2] epoch  35/50 loss=0.0006 H8_eval=0.0736
[naphthalene|flat|identity_quadratic|seed=2] epoch  40/50 loss=0.0018 H8_eval=0.0980
[naphthalene|flat|identity_quadratic|seed=2] epoch  45/50 loss=0.0005 H8_eval=0.0305
[naphthalene|flat|identity_quadratic|seed=2] epoch  50/50 loss=0.0005 H8_eval=0.0261
=== Finished naphthalene|flat|identity_quadratic|w=0.005|seed=2 | H1=0.0153 H8=0.0266 H16=0.0562 | r_eff=1.00 | wall=1621.4s ===
  -> saved partial results to rmd17_naphthalene_identity_weight.json

=== Starting naphthalene|flat|identity_quadratic|w=0.005|seed=3 (9/20) ===
[naphthalene|flat|identity_quadratic|seed=3] epoch   1/50 loss=3.3843 H8_eval=0.1100
[naphthalene|flat|identity_quadratic|seed=3] epoch   5/50 loss=0.0042 H8_eval=0.0494
[naphthalene|flat|identity_quadratic|seed=3] epoch  10/50 loss=0.0015 H8_eval=0.0507
[naphthalene|flat|identity_quadratic|seed=3] epoch  15/50 loss=0.0009 H8_eval=0.0505
[naphthalene|flat|identity_quadratic|seed=3] epoch  20/50 loss=0.0008 H8_eval=0.1002
[naphthalene|flat|identity_quadratic|seed=3] epoch  25/50 loss=0.0007 H8_eval=0.0940
[naphthalene|flat|identity_quadratic|seed=3] epoch  30/50 loss=0.0007 H8_eval=0.0223
[naphthalene|flat|identity_quadratic|seed=3] epoch  35/50 loss=0.0005 H8_eval=0.0209
[naphthalene|flat|identity_quadratic|seed=3] epoch  40/50 loss=0.0005 H8_eval=0.0349
[naphthalene|flat|identity_quadratic|seed=3] epoch  45/50 loss=0.0005 H8_eval=0.0269
[naphthalene|flat|identity_quadratic|seed=3] epoch  50/50 loss=0.0005 H8_eval=0.0217
=== Finished naphthalene|flat|identity_quadratic|w=0.005|seed=3 | H1=0.0165 H8=0.0203 H16=0.0366 | r_eff=1.00 | wall=1583.0s ===
  -> saved partial results to rmd17_naphthalene_identity_weight.json

=== Starting naphthalene|flat|identity_quadratic|w=0.005|seed=4 (10/20) ===
[naphthalene|flat|identity_quadratic|seed=4] epoch   1/50 loss=4.7862 H8_eval=0.1458
[naphthalene|flat|identity_quadratic|seed=4] epoch   5/50 loss=0.0041 H8_eval=0.0544
[naphthalene|flat|identity_quadratic|seed=4] epoch  10/50 loss=0.0015 H8_eval=0.0494
[naphthalene|flat|identity_quadratic|seed=4] epoch  15/50 loss=0.0010 H8_eval=0.0523
[naphthalene|flat|identity_quadratic|seed=4] epoch  20/50 loss=0.0007 H8_eval=0.0456
[naphthalene|flat|identity_quadratic|seed=4] epoch  25/50 loss=0.0006 H8_eval=0.0257
[naphthalene|flat|identity_quadratic|seed=4] epoch  30/50 loss=0.0005 H8_eval=0.0251
[naphthalene|flat|identity_quadratic|seed=4] epoch  35/50 loss=0.0005 H8_eval=0.0209
[naphthalene|flat|identity_quadratic|seed=4] epoch  40/50 loss=0.0005 H8_eval=0.0264
[naphthalene|flat|identity_quadratic|seed=4] epoch  45/50 loss=0.0005 H8_eval=0.0227
[naphthalene|flat|identity_quadratic|seed=4] epoch  50/50 loss=0.0005 H8_eval=0.0572
=== Finished naphthalene|flat|identity_quadratic|w=0.005|seed=4 | H1=0.0178 H8=0.0575 H16=0.1660 | r_eff=1.00 | wall=1623.2s ===
  -> saved partial results to rmd17_naphthalene_identity_weight.json

=== Starting naphthalene|flat|identity_quadratic|w=0.01|seed=0 (11/20) ===
[naphthalene|flat|identity_quadratic|seed=0] epoch   1/50 loss=7.4583 H8_eval=0.1881
[naphthalene|flat|identity_quadratic|seed=0] epoch   5/50 loss=0.0070 H8_eval=0.2269
[naphthalene|flat|identity_quadratic|seed=0] epoch  10/50 loss=0.0017 H8_eval=0.0437
[naphthalene|flat|identity_quadratic|seed=0] epoch  15/50 loss=0.0009 H8_eval=0.0262
[naphthalene|flat|identity_quadratic|seed=0] epoch  20/50 loss=0.0007 H8_eval=0.0391
[naphthalene|flat|identity_quadratic|seed=0] epoch  25/50 loss=0.0006 H8_eval=0.0363
[naphthalene|flat|identity_quadratic|seed=0] epoch  30/50 loss=0.0006 H8_eval=0.0747
[naphthalene|flat|identity_quadratic|seed=0] epoch  35/50 loss=0.0380 H8_eval=0.3199
[naphthalene|flat|identity_quadratic|seed=0] epoch  40/50 loss=0.0223 H8_eval=0.8021
[naphthalene|flat|identity_quadratic|seed=0] epoch  45/50 loss=0.0428 H8_eval=0.3563
[naphthalene|flat|identity_quadratic|seed=0] epoch  50/50 loss=0.0051 H8_eval=0.1686
=== Finished naphthalene|flat|identity_quadratic|w=0.01|seed=0 | H1=0.0289 H8=0.1665 H16=0.5540 | r_eff=1.00 | wall=1552.7s ===
  -> saved partial results to rmd17_naphthalene_identity_weight.json

=== Starting naphthalene|flat|identity_quadratic|w=0.01|seed=1 (12/20) ===
[naphthalene|flat|identity_quadratic|seed=1] epoch   1/50 loss=10.1060 H8_eval=0.2296
[naphthalene|flat|identity_quadratic|seed=1] epoch   5/50 loss=0.0055 H8_eval=0.1054
[naphthalene|flat|identity_quadratic|seed=1] epoch  10/50 loss=0.0303 H8_eval=0.3427
[naphthalene|flat|identity_quadratic|seed=1] epoch  15/50 loss=0.0258 H8_eval=0.3238
[naphthalene|flat|identity_quadratic|seed=1] epoch  20/50 loss=0.0091 H8_eval=0.1742
[naphthalene|flat|identity_quadratic|seed=1] epoch  25/50 loss=0.0246 H8_eval=0.2960
[naphthalene|flat|identity_quadratic|seed=1] epoch  30/50 loss=0.0090 H8_eval=0.2222
[naphthalene|flat|identity_quadratic|seed=1] epoch  35/50 loss=0.0054 H8_eval=0.1249
[naphthalene|flat|identity_quadratic|seed=1] epoch  40/50 loss=0.0196 H8_eval=0.2936
[naphthalene|flat|identity_quadratic|seed=1] epoch  45/50 loss=0.0024 H8_eval=0.1397
[naphthalene|flat|identity_quadratic|seed=1] epoch  50/50 loss=0.0356 H8_eval=0.7089
=== Finished naphthalene|flat|identity_quadratic|w=0.01|seed=1 | H1=0.0606 H8=0.7053 H16=18.8795 | r_eff=1.00 | wall=1488.3s ===
  -> saved partial results to rmd17_naphthalene_identity_weight.json

=== Starting naphthalene|flat|identity_quadratic|w=0.01|seed=2 (13/20) ===
[naphthalene|flat|identity_quadratic|seed=2] epoch   1/50 loss=3.7105 H8_eval=0.1546
[naphthalene|flat|identity_quadratic|seed=2] epoch   5/50 loss=0.0050 H8_eval=0.0393
[naphthalene|flat|identity_quadratic|seed=2] epoch  10/50 loss=0.0014 H8_eval=0.0431
[naphthalene|flat|identity_quadratic|seed=2] epoch  15/50 loss=0.0008 H8_eval=0.0606
[naphthalene|flat|identity_quadratic|seed=2] epoch  20/50 loss=0.0006 H8_eval=0.0261
[naphthalene|flat|identity_quadratic|seed=2] epoch  25/50 loss=0.0006 H8_eval=0.0338
[naphthalene|flat|identity_quadratic|seed=2] epoch  30/50 loss=0.0007 H8_eval=0.0302
[naphthalene|flat|identity_quadratic|seed=2] epoch  35/50 loss=0.0006 H8_eval=0.0436
[naphthalene|flat|identity_quadratic|seed=2] epoch  40/50 loss=0.0022 H8_eval=0.0946
[naphthalene|flat|identity_quadratic|seed=2] epoch  45/50 loss=0.0005 H8_eval=0.0303
[naphthalene|flat|identity_quadratic|seed=2] epoch  50/50 loss=0.0005 H8_eval=0.0566
=== Finished naphthalene|flat|identity_quadratic|w=0.01|seed=2 | H1=0.0154 H8=0.0567 H16=0.3646 | r_eff=1.00 | wall=1393.3s ===
  -> saved partial results to rmd17_naphthalene_identity_weight.json

=== Starting naphthalene|flat|identity_quadratic|w=0.01|seed=3 (14/20) ===
[naphthalene|flat|identity_quadratic|seed=3] epoch   1/50 loss=6.3391 H8_eval=0.1417
[naphthalene|flat|identity_quadratic|seed=3] epoch   5/50 loss=0.0043 H8_eval=0.0546
[naphthalene|flat|identity_quadratic|seed=3] epoch  10/50 loss=0.0014 H8_eval=0.0563
[naphthalene|flat|identity_quadratic|seed=3] epoch  15/50 loss=0.0008 H8_eval=0.0665
[naphthalene|flat|identity_quadratic|seed=3] epoch  20/50 loss=0.0007 H8_eval=0.1391
[naphthalene|flat|identity_quadratic|seed=3] epoch  25/50 loss=0.0008 H8_eval=0.0902
[naphthalene|flat|identity_quadratic|seed=3] epoch  30/50 loss=0.0010 H8_eval=0.0226
[naphthalene|flat|identity_quadratic|seed=3] epoch  35/50 loss=0.0007 H8_eval=0.0230
[naphthalene|flat|identity_quadratic|seed=3] epoch  40/50 loss=0.0007 H8_eval=0.0267
[naphthalene|flat|identity_quadratic|seed=3] epoch  45/50 loss=0.0006 H8_eval=0.0303
[naphthalene|flat|identity_quadratic|seed=3] epoch  50/50 loss=0.0006 H8_eval=0.0247
=== Finished naphthalene|flat|identity_quadratic|w=0.01|seed=3 | H1=0.0179 H8=0.0231 H16=0.0420 | r_eff=1.00 | wall=1096.5s ===
  -> saved partial results to rmd17_naphthalene_identity_weight.json

=== Starting naphthalene|flat|identity_quadratic|w=0.01|seed=4 (15/20) ===
[naphthalene|flat|identity_quadratic|seed=4] epoch   1/50 loss=8.5581 H8_eval=0.1779
[naphthalene|flat|identity_quadratic|seed=4] epoch   5/50 loss=0.0045 H8_eval=0.0528
[naphthalene|flat|identity_quadratic|seed=4] epoch  10/50 loss=0.0025 H8_eval=0.0974
[naphthalene|flat|identity_quadratic|seed=4] epoch  15/50 loss=0.2003 H8_eval=0.1268
[naphthalene|flat|identity_quadratic|seed=4] epoch  20/50 loss=0.0009 H8_eval=0.0618
[naphthalene|flat|identity_quadratic|seed=4] epoch  25/50 loss=0.0009 H8_eval=0.0615
[naphthalene|flat|identity_quadratic|seed=4] epoch  30/50 loss=0.1124 H8_eval=1.2084
[naphthalene|flat|identity_quadratic|seed=4] epoch  35/50 loss=0.0974 H8_eval=0.8551
[naphthalene|flat|identity_quadratic|seed=4] epoch  40/50 loss=0.0513 H8_eval=0.2739
[naphthalene|flat|identity_quadratic|seed=4] epoch  45/50 loss=0.0281 H8_eval=0.5064
[naphthalene|flat|identity_quadratic|seed=4] epoch  50/50 loss=0.0227 H8_eval=0.6053
=== Finished naphthalene|flat|identity_quadratic|w=0.01|seed=4 | H1=0.0623 H8=0.6137 H16=19.6669 | r_eff=1.00 | wall=932.1s ===
  -> saved partial results to rmd17_naphthalene_identity_weight.json

=== Starting naphthalene|flat|identity_quadratic|w=0.1|seed=0 (16/20) ===
[naphthalene|flat|identity_quadratic|seed=0] epoch   1/50 loss=68.9848 H8_eval=0.2170
[naphthalene|flat|identity_quadratic|seed=0] epoch   5/50 loss=0.0057 H8_eval=0.0217
[naphthalene|flat|identity_quadratic|seed=0] epoch  10/50 loss=0.0014 H8_eval=0.0696
