device=cuda (NVIDIA RTX PRO 4500 Blackwell)

=== Starting aspirin|flat|none|epochs=50|seed=0 ===
[aspirin|flat|none|seed=0] epoch   5/50 loss=0.2011 H8_eval=0.4964
[aspirin|flat|none|seed=0] epoch  10/50 loss=0.0952 H8_eval=0.2722
[aspirin|flat|none|seed=0] epoch  15/50 loss=0.0479 H8_eval=0.1453
[aspirin|flat|none|seed=0] epoch  20/50 loss=0.0282 H8_eval=0.1133
[aspirin|flat|none|seed=0] epoch  25/50 loss=0.0201 H8_eval=0.1960
[aspirin|flat|none|seed=0] epoch  30/50 loss=0.0120 H8_eval=0.1060
[aspirin|flat|none|seed=0] epoch  35/50 loss=0.0123 H8_eval=0.1510
[aspirin|flat|none|seed=0] epoch  40/50 loss=0.0090 H8_eval=0.2045
[aspirin|flat|none|seed=0] epoch  45/50 loss=0.0134 H8_eval=0.1212
[aspirin|flat|none|seed=0] epoch  50/50 loss=0.0078 H8_eval=0.1121
  -> saved partial results to rmd17_num_epochs_ablation.json

=== Starting aspirin|flat|none|epochs=50|seed=1 ===
[aspirin|flat|none|seed=1] epoch   5/50 loss=0.2372 H8_eval=0.6208
[aspirin|flat|none|seed=1] epoch  10/50 loss=0.1066 H8_eval=0.2823
[aspirin|flat|none|seed=1] epoch  15/50 loss=0.0481 H8_eval=0.2401
[aspirin|flat|none|seed=1] epoch  20/50 loss=0.0258 H8_eval=0.2794
[aspirin|flat|none|seed=1] epoch  25/50 loss=0.0192 H8_eval=0.2910
[aspirin|flat|none|seed=1] epoch  30/50 loss=0.0504 H8_eval=0.3632
[aspirin|flat|none|seed=1] epoch  35/50 loss=0.0189 H8_eval=0.2037
[aspirin|flat|none|seed=1] epoch  40/50 loss=0.0420 H8_eval=0.3977
[aspirin|flat|none|seed=1] epoch  45/50 loss=0.0111 H8_eval=0.1975
[aspirin|flat|none|seed=1] epoch  50/50 loss=0.1004 H8_eval=0.4039
  -> saved partial results to rmd17_num_epochs_ablation.json

=== Starting aspirin|flat|none|epochs=50|seed=2 ===
[aspirin|flat|none|seed=2] epoch   5/50 loss=0.0896 H8_eval=0.2287
[aspirin|flat|none|seed=2] epoch  10/50 loss=0.0448 H8_eval=0.2053
[aspirin|flat|none|seed=2] epoch  15/50 loss=0.0322 H8_eval=0.1773
[aspirin|flat|none|seed=2] epoch  20/50 loss=0.0210 H8_eval=0.1711
[aspirin|flat|none|seed=2] epoch  25/50 loss=0.0164 H8_eval=0.2172
[aspirin|flat|none|seed=2] epoch  30/50 loss=0.0091 H8_eval=0.1142
[aspirin|flat|none|seed=2] epoch  35/50 loss=0.0236 H8_eval=0.6764
[aspirin|flat|none|seed=2] epoch  40/50 loss=0.0101 H8_eval=0.1478
[aspirin|flat|none|seed=2] epoch  45/50 loss=0.0197 H8_eval=0.0974
[aspirin|flat|none|seed=2] epoch  50/50 loss=0.0163 H8_eval=0.3133
  -> saved partial results to rmd17_num_epochs_ablation.json

=== Starting aspirin|flat|none|epochs=50|seed=3 ===
[aspirin|flat|none|seed=3] epoch   5/50 loss=0.1490 H8_eval=0.5805
[aspirin|flat|none|seed=3] epoch  10/50 loss=0.0707 H8_eval=0.1562
[aspirin|flat|none|seed=3] epoch  15/50 loss=0.0575 H8_eval=0.1953
[aspirin|flat|none|seed=3] epoch  20/50 loss=0.0362 H8_eval=0.4100
[aspirin|flat|none|seed=3] epoch  25/50 loss=0.0287 H8_eval=0.2607
[aspirin|flat|none|seed=3] epoch  30/50 loss=0.0160 H8_eval=0.1564
[aspirin|flat|none|seed=3] epoch  35/50 loss=0.0098 H8_eval=0.1131
[aspirin|flat|none|seed=3] epoch  40/50 loss=0.0082 H8_eval=0.0883
[aspirin|flat|none|seed=3] epoch  45/50 loss=0.0070 H8_eval=0.0767
[aspirin|flat|none|seed=3] epoch  50/50 loss=0.0060 H8_eval=0.0845
  -> saved partial results to rmd17_num_epochs_ablation.json

=== Starting aspirin|flat|none|epochs=50|seed=4 ===
[aspirin|flat|none|seed=4] epoch   5/50 loss=0.2142 H8_eval=0.3169
[aspirin|flat|none|seed=4] epoch  10/50 loss=0.0661 H8_eval=0.1840
[aspirin|flat|none|seed=4] epoch  15/50 loss=0.0343 H8_eval=0.1480
[aspirin|flat|none|seed=4] epoch  20/50 loss=0.0211 H8_eval=0.1359
[aspirin|flat|none|seed=4] epoch  25/50 loss=0.0142 H8_eval=0.2862
[aspirin|flat|none|seed=4] epoch  30/50 loss=0.0510 H8_eval=0.4054
[aspirin|flat|none|seed=4] epoch  35/50 loss=0.0223 H8_eval=0.1632
[aspirin|flat|none|seed=4] epoch  40/50 loss=0.0605 H8_eval=0.7407
[aspirin|flat|none|seed=4] epoch  45/50 loss=0.0293 H8_eval=0.1467
[aspirin|flat|none|seed=4] epoch  50/50 loss=0.0113 H8_eval=0.0793
  -> saved partial results to rmd17_num_epochs_ablation.json

=== Starting aspirin|flat|none|epochs=100|seed=0 ===
[aspirin|flat|none|seed=0] epoch   5/100 loss=0.2011 H8_eval=0.4964
[aspirin|flat|none|seed=0] epoch  10/100 loss=0.0952 H8_eval=0.2722
[aspirin|flat|none|seed=0] epoch  15/100 loss=0.0479 H8_eval=0.1453
[aspirin|flat|none|seed=0] epoch  20/100 loss=0.0282 H8_eval=0.1133
[aspirin|flat|none|seed=0] epoch  25/100 loss=0.0201 H8_eval=0.1960
[aspirin|flat|none|seed=0] epoch  30/100 loss=0.0120 H8_eval=0.1060
[aspirin|flat|none|seed=0] epoch  35/100 loss=0.0123 H8_eval=0.1510
[aspirin|flat|none|seed=0] epoch  40/100 loss=0.0090 H8_eval=0.2045
[aspirin|flat|none|seed=0] epoch  45/100 loss=0.0134 H8_eval=0.1212
[aspirin|flat|none|seed=0] epoch  50/100 loss=0.0078 H8_eval=0.1121
[aspirin|flat|none|seed=0] epoch  55/100 loss=0.0288 H8_eval=0.2586
[aspirin|flat|none|seed=0] epoch  60/100 loss=0.0538 H8_eval=0.3626
[aspirin|flat|none|seed=0] epoch  65/100 loss=0.0179 H8_eval=0.1208
[aspirin|flat|none|seed=0] epoch  70/100 loss=0.0101 H8_eval=0.1504
[aspirin|flat|none|seed=0] epoch  75/100 loss=0.0062 H8_eval=0.0772
[aspirin|flat|none|seed=0] epoch  80/100 loss=0.0166 H8_eval=0.2716
[aspirin|flat|none|seed=0] epoch  85/100 loss=0.0082 H8_eval=0.0903
[aspirin|flat|none|seed=0] epoch  90/100 loss=0.0053 H8_eval=0.0997
[aspirin|flat|none|seed=0] epoch  95/100 loss=0.0052 H8_eval=0.1191
[aspirin|flat|none|seed=0] epoch 100/100 loss=0.0630 H8_eval=0.2215
  -> saved partial results to rmd17_num_epochs_ablation.json

=== Starting aspirin|flat|none|epochs=100|seed=1 ===
