=== Starting scripts/run_rmd17_weight_sweep.py at Thu Apr 23 21:26:15 PDT 2026 ===
=== Python: /home/user/miniforge3/envs/causalworld/bin/python
=== GPU: NVIDIA GeForce RTX 5060 Ti
device=cuda (NVIDIA GeForce RTX 5060 Ti)

=== Starting aspirin|flat|none|w=0.0|seed=0 ===
[aspirin|flat|none|seed=0] epoch   5/50 loss=0.2011 H8_eval=0.5182
[aspirin|flat|none|seed=0] epoch  10/50 loss=0.0952 H8_eval=0.2888
[aspirin|flat|none|seed=0] epoch  15/50 loss=0.0479 H8_eval=0.1749
[aspirin|flat|none|seed=0] epoch  20/50 loss=0.0282 H8_eval=0.1388
[aspirin|flat|none|seed=0] epoch  25/50 loss=0.0201 H8_eval=0.2045
[aspirin|flat|none|seed=0] epoch  30/50 loss=0.0120 H8_eval=0.1194
[aspirin|flat|none|seed=0] epoch  35/50 loss=0.0123 H8_eval=0.1586
[aspirin|flat|none|seed=0] epoch  40/50 loss=0.0090 H8_eval=0.2074
[aspirin|flat|none|seed=0] epoch  45/50 loss=0.0134 H8_eval=0.1329
[aspirin|flat|none|seed=0] epoch  50/50 loss=0.0078 H8_eval=0.1200
  -> saved partial results to rmd17_aspirin_weight_sweep.json

=== Starting aspirin|flat|euclidean|w=0.001|seed=0 ===
[aspirin|flat|euclidean|seed=0] epoch   5/50 loss=0.2041 H8_eval=0.5162
[aspirin|flat|euclidean|seed=0] epoch  10/50 loss=0.0984 H8_eval=0.2892
[aspirin|flat|euclidean|seed=0] epoch  15/50 loss=0.0516 H8_eval=0.1747
[aspirin|flat|euclidean|seed=0] epoch  20/50 loss=0.0321 H8_eval=0.1387
[aspirin|flat|euclidean|seed=0] epoch  25/50 loss=0.0242 H8_eval=0.2052
[aspirin|flat|euclidean|seed=0] epoch  30/50 loss=0.0160 H8_eval=0.1221
[aspirin|flat|euclidean|seed=0] epoch  35/50 loss=0.0164 H8_eval=0.1604
[aspirin|flat|euclidean|seed=0] epoch  40/50 loss=0.0148 H8_eval=0.3539
[aspirin|flat|euclidean|seed=0] epoch  45/50 loss=0.0186 H8_eval=0.6024
[aspirin|flat|euclidean|seed=0] epoch  50/50 loss=0.0122 H8_eval=0.1540
  -> saved partial results to rmd17_aspirin_weight_sweep.json

=== Starting aspirin|flat|euclidean|w=0.01|seed=0 ===
[aspirin|flat|euclidean|seed=0] epoch   5/50 loss=0.2313 H8_eval=0.4992
[aspirin|flat|euclidean|seed=0] epoch  10/50 loss=0.1285 H8_eval=0.2976
[aspirin|flat|euclidean|seed=0] epoch  15/50 loss=0.0842 H8_eval=0.1743
[aspirin|flat|euclidean|seed=0] epoch  20/50 loss=0.0674 H8_eval=0.1387
[aspirin|flat|euclidean|seed=0] epoch  25/50 loss=0.0604 H8_eval=0.2057
[aspirin|flat|euclidean|seed=0] epoch  30/50 loss=0.0523 H8_eval=0.1285
[aspirin|flat|euclidean|seed=0] epoch  35/50 loss=0.0534 H8_eval=0.1755
[aspirin|flat|euclidean|seed=0] epoch  40/50 loss=0.0507 H8_eval=0.2585
[aspirin|flat|euclidean|seed=0] epoch  45/50 loss=0.0670 H8_eval=0.2339
[aspirin|flat|euclidean|seed=0] epoch  50/50 loss=0.0551 H8_eval=0.1252
  -> saved partial results to rmd17_aspirin_weight_sweep.json

=== Starting aspirin|flat|euclidean|w=0.1|seed=0 ===
[aspirin|flat|euclidean|seed=0] epoch   5/50 loss=0.5300 H8_eval=0.4162
[aspirin|flat|euclidean|seed=0] epoch  10/50 loss=0.4592 H8_eval=0.2922
[aspirin|flat|euclidean|seed=0] epoch  15/50 loss=0.4344 H8_eval=0.1819
[aspirin|flat|euclidean|seed=0] epoch  20/50 loss=0.4274 H8_eval=0.1577
[aspirin|flat|euclidean|seed=0] epoch  25/50 loss=0.4260 H8_eval=0.1718
[aspirin|flat|euclidean|seed=0] epoch  30/50 loss=0.4267 H8_eval=0.1683
[aspirin|flat|euclidean|seed=0] epoch  35/50 loss=0.4224 H8_eval=0.1665
[aspirin|flat|euclidean|seed=0] epoch  40/50 loss=0.4201 H8_eval=0.2748
[aspirin|flat|euclidean|seed=0] epoch  45/50 loss=0.4187 H8_eval=0.1983
[aspirin|flat|euclidean|seed=0] epoch  50/50 loss=0.4291 H8_eval=0.2110
  -> saved partial results to rmd17_aspirin_weight_sweep.json

=== Starting aspirin|flat|euclidean|w=1.0|seed=0 ===
[aspirin|flat|euclidean|seed=0] epoch   5/50 loss=3.9768 H8_eval=0.3020
[aspirin|flat|euclidean|seed=0] epoch  10/50 loss=3.9613 H8_eval=0.2311
[aspirin|flat|euclidean|seed=0] epoch  15/50 loss=3.9551 H8_eval=0.2712
[aspirin|flat|euclidean|seed=0] epoch  20/50 loss=3.9528 H8_eval=0.2098
[aspirin|flat|euclidean|seed=0] epoch  25/50 loss=3.9458 H8_eval=0.2164
[aspirin|flat|euclidean|seed=0] epoch  30/50 loss=3.9510 H8_eval=0.2104
[aspirin|flat|euclidean|seed=0] epoch  35/50 loss=3.9438 H8_eval=0.2331
[aspirin|flat|euclidean|seed=0] epoch  40/50 loss=3.9441 H8_eval=0.3497
[aspirin|flat|euclidean|seed=0] epoch  45/50 loss=3.9687 H8_eval=0.2789
[aspirin|flat|euclidean|seed=0] epoch  50/50 loss=3.9416 H8_eval=0.2510
  -> saved partial results to rmd17_aspirin_weight_sweep.json

=== Starting aspirin|flat|spectral|w=0.001|seed=0 ===
[aspirin|flat|spectral|seed=0] epoch   5/50 loss=0.0089 H8_eval=0.2312
[aspirin|flat|spectral|seed=0] epoch  10/50 loss=0.0036 H8_eval=0.2009
[aspirin|flat|spectral|seed=0] epoch  15/50 loss=0.0040 H8_eval=0.2510
[aspirin|flat|spectral|seed=0] epoch  20/50 loss=0.0163 H8_eval=0.3766
[aspirin|flat|spectral|seed=0] epoch  25/50 loss=0.0488 H8_eval=0.6394
[aspirin|flat|spectral|seed=0] epoch  30/50 loss=0.0512 H8_eval=0.5080
[aspirin|flat|spectral|seed=0] epoch  35/50 loss=0.0106 H8_eval=0.2952
[aspirin|flat|spectral|seed=0] epoch  40/50 loss=0.0229 H8_eval=0.2998
[aspirin|flat|spectral|seed=0] epoch  45/50 loss=0.0030 H8_eval=0.0486
[aspirin|flat|spectral|seed=0] epoch  50/50 loss=0.0016 H8_eval=0.0380
  -> saved partial results to rmd17_aspirin_weight_sweep.json

=== Starting aspirin|flat|spectral|w=0.01|seed=0 ===
[aspirin|flat|spectral|seed=0] epoch   5/50 loss=0.0237 H8_eval=0.1639
[aspirin|flat|spectral|seed=0] epoch  10/50 loss=0.0077 H8_eval=0.0937
[aspirin|flat|spectral|seed=0] epoch  15/50 loss=0.0045 H8_eval=0.1521
[aspirin|flat|spectral|seed=0] epoch  20/50 loss=0.0572 H8_eval=0.3125
[aspirin|flat|spectral|seed=0] epoch  25/50 loss=0.0443 H8_eval=0.2395
[aspirin|flat|spectral|seed=0] epoch  30/50 loss=0.0148 H8_eval=0.3170
[aspirin|flat|spectral|seed=0] epoch  35/50 loss=0.0166 H8_eval=0.2534
[aspirin|flat|spectral|seed=0] epoch  40/50 loss=0.0022 H8_eval=0.0662
[aspirin|flat|spectral|seed=0] epoch  45/50 loss=0.0016 H8_eval=0.0346
