=== Starting scripts/run_rmd17_extended_molecules.py at Sun Apr 26 12:38:01 PDT 2026 ===
=== Python: /home/user/miniforge3/envs/causalworld/bin/python
=== GPU: NVIDIA GeForce RTX 5060 Ti
Verified molecules in scripts.rmd17_loader.MOLECULES: benzene, toluene, naphthalene, salicylic
Verified npz files in /home/user/projects/causalworld/data/rmd17_raw/rmd17/npz_data:
  - rmd17_benzene.npz
  - rmd17_toluene.npz
  - rmd17_naphthalene.npz
  - rmd17_salicylic.npz
device=cuda (NVIDIA GeForce RTX 5060 Ti)
Planned runs: 4 molecules x 2 priors x 5 seeds = 40
SKIP existing benzene|flat|none|seed=0
SKIP existing benzene|flat|none|seed=1
SKIP existing benzene|flat|none|seed=2
SKIP existing benzene|flat|none|seed=3
SKIP existing benzene|flat|none|seed=4
SKIP existing benzene|flat|spectral|seed=0
SKIP existing benzene|flat|spectral|seed=1
SKIP existing benzene|flat|spectral|seed=2
SKIP existing benzene|flat|spectral|seed=3
SKIP existing benzene|flat|spectral|seed=4
SKIP existing toluene|flat|none|seed=0
SKIP existing toluene|flat|none|seed=1
SKIP existing toluene|flat|none|seed=2
SKIP existing toluene|flat|none|seed=3

=== Starting toluene|flat|none|seed=4 ===
[toluene|flat|none|seed=4] epoch   5/50 loss=0.0386 H8_eval=0.2463
[toluene|flat|none|seed=4] epoch  10/50 loss=0.0205 H8_eval=0.2508
[toluene|flat|none|seed=4] epoch  15/50 loss=0.0094 H8_eval=0.1185
[toluene|flat|none|seed=4] epoch  20/50 loss=0.0044 H8_eval=0.0702
[toluene|flat|none|seed=4] epoch  25/50 loss=0.0024 H8_eval=0.0745
[toluene|flat|none|seed=4] epoch  30/50 loss=0.0090 H8_eval=0.2561
[toluene|flat|none|seed=4] epoch  35/50 loss=0.0252 H8_eval=0.2869
[toluene|flat|none|seed=4] epoch  40/50 loss=0.0032 H8_eval=0.1926
[toluene|flat|none|seed=4] epoch  45/50 loss=0.0042 H8_eval=0.1487
[toluene|flat|none|seed=4] epoch  50/50 loss=0.0015 H8_eval=0.0454
[toluene|flat|none|seed=4] H16=0.075
  -> saved partial results to rmd17_extended_molecules.json

=== Starting toluene|flat|spectral|seed=0 ===
[toluene|flat|spectral|seed=0] epoch   5/50 loss=0.0103 H8_eval=0.1346
[toluene|flat|spectral|seed=0] epoch  10/50 loss=0.0094 H8_eval=0.0865
[toluene|flat|spectral|seed=0] epoch  15/50 loss=0.0087 H8_eval=0.1370
[toluene|flat|spectral|seed=0] epoch  20/50 loss=0.0072 H8_eval=0.1818
[toluene|flat|spectral|seed=0] epoch  25/50 loss=0.0065 H8_eval=0.0744
[toluene|flat|spectral|seed=0] epoch  30/50 loss=0.0060 H8_eval=0.0371
[toluene|flat|spectral|seed=0] epoch  35/50 loss=0.0052 H8_eval=0.0678
[toluene|flat|spectral|seed=0] epoch  40/50 loss=0.0050 H8_eval=0.0534
[toluene|flat|spectral|seed=0] epoch  45/50 loss=0.0044 H8_eval=0.0970
[toluene|flat|spectral|seed=0] epoch  50/50 loss=0.0054 H8_eval=0.1148
[toluene|flat|spectral|seed=0] H16=0.244
  -> saved partial results to rmd17_extended_molecules.json

=== Starting toluene|flat|spectral|seed=1 ===
[toluene|flat|spectral|seed=1] epoch   5/50 loss=0.0047 H8_eval=0.1494
[toluene|flat|spectral|seed=1] epoch  10/50 loss=0.0037 H8_eval=0.0409
[toluene|flat|spectral|seed=1] epoch  15/50 loss=0.0027 H8_eval=0.0654
[toluene|flat|spectral|seed=1] epoch  20/50 loss=0.0019 H8_eval=0.0464
[toluene|flat|spectral|seed=1] epoch  25/50 loss=0.0017 H8_eval=0.0328
[toluene|flat|spectral|seed=1] epoch  30/50 loss=0.0016 H8_eval=0.0615
[toluene|flat|spectral|seed=1] epoch  35/50 loss=0.0013 H8_eval=0.0370
[toluene|flat|spectral|seed=1] epoch  40/50 loss=0.0011 H8_eval=0.0208
[toluene|flat|spectral|seed=1] epoch  45/50 loss=0.0011 H8_eval=0.0641
[toluene|flat|spectral|seed=1] epoch  50/50 loss=0.0010 H8_eval=0.0302
[toluene|flat|spectral|seed=1] H16=0.062
  -> saved partial results to rmd17_extended_molecules.json

=== Starting toluene|flat|spectral|seed=2 ===
[toluene|flat|spectral|seed=2] epoch   5/50 loss=0.0041 H8_eval=0.1236
[toluene|flat|spectral|seed=2] epoch  10/50 loss=0.0035 H8_eval=0.0748
[toluene|flat|spectral|seed=2] epoch  15/50 loss=0.0030 H8_eval=0.1185
[toluene|flat|spectral|seed=2] epoch  20/50 loss=0.0023 H8_eval=0.0889
[toluene|flat|spectral|seed=2] epoch  25/50 loss=0.0019 H8_eval=0.0539
[toluene|flat|spectral|seed=2] epoch  30/50 loss=0.0019 H8_eval=0.0675
[toluene|flat|spectral|seed=2] epoch  35/50 loss=0.0018 H8_eval=0.0817
[toluene|flat|spectral|seed=2] epoch  40/50 loss=0.0018 H8_eval=0.0748
[toluene|flat|spectral|seed=2] epoch  45/50 loss=0.0061 H8_eval=0.1668
[toluene|flat|spectral|seed=2] epoch  50/50 loss=0.0017 H8_eval=0.0711
[toluene|flat|spectral|seed=2] H16=0.135
  -> saved partial results to rmd17_extended_molecules.json

=== Starting toluene|flat|spectral|seed=3 ===
[toluene|flat|spectral|seed=3] epoch   5/50 loss=0.0249 H8_eval=0.2680
[toluene|flat|spectral|seed=3] epoch  10/50 loss=0.0229 H8_eval=0.1101
