device=cuda (NVIDIA GeForce RTX 5060 Ti)

=== Starting aspirin|flat|none|w=0.0|seed=0 ===
[aspirin|flat|none|seed=0] epoch   5/50 loss=0.2011 H8_eval=0.5182
[aspirin|flat|none|seed=0] epoch  10/50 loss=0.0952 H8_eval=0.2888
[aspirin|flat|none|seed=0] epoch  15/50 loss=0.0479 H8_eval=0.1749
[aspirin|flat|none|seed=0] epoch  20/50 loss=0.0282 H8_eval=0.1388
[aspirin|flat|none|seed=0] epoch  25/50 loss=0.0201 H8_eval=0.2045
[aspirin|flat|none|seed=0] epoch  30/50 loss=0.0120 H8_eval=0.1194
[aspirin|flat|none|seed=0] epoch  35/50 loss=0.0123 H8_eval=0.1586
[aspirin|flat|none|seed=0] epoch  40/50 loss=0.0090 H8_eval=0.2074
[aspirin|flat|none|seed=0] epoch  45/50 loss=0.0134 H8_eval=0.1329
[aspirin|flat|none|seed=0] epoch  50/50 loss=0.0078 H8_eval=0.1200
  -> saved partial results to rmd17_aspirin_weight_sweep.json

=== Starting aspirin|flat|euclidean|w=0.001|seed=0 ===
[aspirin|flat|euclidean|seed=0] epoch   5/50 loss=0.2041 H8_eval=0.5162
[aspirin|flat|euclidean|seed=0] epoch  10/50 loss=0.0984 H8_eval=0.2892
[aspirin|flat|euclidean|seed=0] epoch  15/50 loss=0.0516 H8_eval=0.1747
[aspirin|flat|euclidean|seed=0] epoch  20/50 loss=0.0321 H8_eval=0.1387
[aspirin|flat|euclidean|seed=0] epoch  25/50 loss=0.0242 H8_eval=0.2052
[aspirin|flat|euclidean|seed=0] epoch  30/50 loss=0.0160 H8_eval=0.1221
[aspirin|flat|euclidean|seed=0] epoch  35/50 loss=0.0164 H8_eval=0.1604
[aspirin|flat|euclidean|seed=0] epoch  40/50 loss=0.0148 H8_eval=0.3539
[aspirin|flat|euclidean|seed=0] epoch  45/50 loss=0.0186 H8_eval=0.6024
[aspirin|flat|euclidean|seed=0] epoch  50/50 loss=0.0122 H8_eval=0.1540
  -> saved partial results to rmd17_aspirin_weight_sweep.json

=== Starting aspirin|flat|euclidean|w=0.01|seed=0 ===
[aspirin|flat|euclidean|seed=0] epoch   5/50 loss=0.2313 H8_eval=0.4992
[aspirin|flat|euclidean|seed=0] epoch  10/50 loss=0.1285 H8_eval=0.2976
[aspirin|flat|euclidean|seed=0] epoch  15/50 loss=0.0842 H8_eval=0.1743
[aspirin|flat|euclidean|seed=0] epoch  20/50 loss=0.0674 H8_eval=0.1387
[aspirin|flat|euclidean|seed=0] epoch  25/50 loss=0.0604 H8_eval=0.2057
[aspirin|flat|euclidean|seed=0] epoch  30/50 loss=0.0523 H8_eval=0.1285
[aspirin|flat|euclidean|seed=0] epoch  35/50 loss=0.0534 H8_eval=0.1755
[aspirin|flat|euclidean|seed=0] epoch  40/50 loss=0.0507 H8_eval=0.2585
[aspirin|flat|euclidean|seed=0] epoch  45/50 loss=0.0670 H8_eval=0.2339
[aspirin|flat|euclidean|seed=0] epoch  50/50 loss=0.0551 H8_eval=0.1252
  -> saved partial results to rmd17_aspirin_weight_sweep.json

=== Starting aspirin|flat|euclidean|w=0.1|seed=0 ===
[aspirin|flat|euclidean|seed=0] epoch   5/50 loss=0.5300 H8_eval=0.4162
[aspirin|flat|euclidean|seed=0] epoch  10/50 loss=0.4592 H8_eval=0.2922
[aspirin|flat|euclidean|seed=0] epoch  15/50 loss=0.4344 H8_eval=0.1819
[aspirin|flat|euclidean|seed=0] epoch  20/50 loss=0.4274 H8_eval=0.1577
[aspirin|flat|euclidean|seed=0] epoch  25/50 loss=0.4260 H8_eval=0.1718
[aspirin|flat|euclidean|seed=0] epoch  30/50 loss=0.4267 H8_eval=0.1683
[aspirin|flat|euclidean|seed=0] epoch  35/50 loss=0.4224 H8_eval=0.1665
[aspirin|flat|euclidean|seed=0] epoch  40/50 loss=0.4201 H8_eval=0.2748
[aspirin|flat|euclidean|seed=0] epoch  45/50 loss=0.4187 H8_eval=0.1983
[aspirin|flat|euclidean|seed=0] epoch  50/50 loss=0.4291 H8_eval=0.2110
  -> saved partial results to rmd17_aspirin_weight_sweep.json

=== Starting aspirin|flat|euclidean|w=1.0|seed=0 ===
[aspirin|flat|euclidean|seed=0] epoch   5/50 loss=3.9768 H8_eval=0.3020
[aspirin|flat|euclidean|seed=0] epoch  10/50 loss=3.9613 H8_eval=0.2311
[aspirin|flat|euclidean|seed=0] epoch  15/50 loss=3.9551 H8_eval=0.2712
[aspirin|flat|euclidean|seed=0] epoch  20/50 loss=3.9528 H8_eval=0.2098
[aspirin|flat|euclidean|seed=0] epoch  25/50 loss=3.9458 H8_eval=0.2164
[aspirin|flat|euclidean|seed=0] epoch  30/50 loss=3.9510 H8_eval=0.2104
[aspirin|flat|euclidean|seed=0] epoch  35/50 loss=3.9438 H8_eval=0.2331
[aspirin|flat|euclidean|seed=0] epoch  40/50 loss=3.9441 H8_eval=0.3497
[aspirin|flat|euclidean|seed=0] epoch  45/50 loss=3.9687 H8_eval=0.2789
[aspirin|flat|euclidean|seed=0] epoch  50/50 loss=3.9416 H8_eval=0.2510
  -> saved partial results to rmd17_aspirin_weight_sweep.json

=== Starting aspirin|flat|spectral|w=0.001|seed=0 ===
[aspirin|flat|spectral|seed=0] epoch   5/50 loss=0.0089 H8_eval=0.2312
[aspirin|flat|spectral|seed=0] epoch  10/50 loss=0.0036 H8_eval=0.2009
[aspirin|flat|spectral|seed=0] epoch  15/50 loss=0.0040 H8_eval=0.2510
[aspirin|flat|spectral|seed=0] epoch  20/50 loss=0.0163 H8_eval=0.3766
[aspirin|flat|spectral|seed=0] epoch  25/50 loss=0.0488 H8_eval=0.6394
[aspirin|flat|spectral|seed=0] epoch  30/50 loss=0.0512 H8_eval=0.5080
[aspirin|flat|spectral|seed=0] epoch  35/50 loss=0.0106 H8_eval=0.2952
[aspirin|flat|spectral|seed=0] epoch  40/50 loss=0.0229 H8_eval=0.2998
[aspirin|flat|spectral|seed=0] epoch  45/50 loss=0.0030 H8_eval=0.0486
[aspirin|flat|spectral|seed=0] epoch  50/50 loss=0.0016 H8_eval=0.0380
  -> saved partial results to rmd17_aspirin_weight_sweep.json

=== Starting aspirin|flat|spectral|w=0.01|seed=0 ===
[aspirin|flat|spectral|seed=0] epoch   5/50 loss=0.0237 H8_eval=0.1639
[aspirin|flat|spectral|seed=0] epoch  10/50 loss=0.0077 H8_eval=0.0937
[aspirin|flat|spectral|seed=0] epoch  15/50 loss=0.0045 H8_eval=0.1521
[aspirin|flat|spectral|seed=0] epoch  20/50 loss=0.0572 H8_eval=0.3125
[aspirin|flat|spectral|seed=0] epoch  25/50 loss=0.0443 H8_eval=0.2395
[aspirin|flat|spectral|seed=0] epoch  30/50 loss=0.0148 H8_eval=0.3170
[aspirin|flat|spectral|seed=0] epoch  35/50 loss=0.0166 H8_eval=0.2534
[aspirin|flat|spectral|seed=0] epoch  40/50 loss=0.0022 H8_eval=0.0662
[aspirin|flat|spectral|seed=0] epoch  45/50 loss=0.0016 H8_eval=0.0346
[aspirin|flat|spectral|seed=0] epoch  50/50 loss=0.0019 H8_eval=0.0550
  -> saved partial results to rmd17_aspirin_weight_sweep.json

=== Starting aspirin|flat|spectral|w=0.1|seed=0 ===
[aspirin|flat|spectral|seed=0] epoch   5/50 loss=0.1252 H8_eval=0.1568
[aspirin|flat|spectral|seed=0] epoch  10/50 loss=0.0301 H8_eval=0.0896
[aspirin|flat|spectral|seed=0] epoch  15/50 loss=0.0076 H8_eval=0.0551
[aspirin|flat|spectral|seed=0] epoch  20/50 loss=0.0043 H8_eval=0.0505
[aspirin|flat|spectral|seed=0] epoch  25/50 loss=0.0035 H8_eval=0.0402
[aspirin|flat|spectral|seed=0] epoch  30/50 loss=0.0032 H8_eval=0.0479
[aspirin|flat|spectral|seed=0] epoch  35/50 loss=0.0031 H8_eval=0.0447
[aspirin|flat|spectral|seed=0] epoch  40/50 loss=0.0030 H8_eval=0.0352
[aspirin|flat|spectral|seed=0] epoch  45/50 loss=0.0030 H8_eval=0.0745
[aspirin|flat|spectral|seed=0] epoch  50/50 loss=0.0030 H8_eval=0.0476
  -> saved partial results to rmd17_aspirin_weight_sweep.json

=== Starting aspirin|flat|spectral|w=1.0|seed=0 ===
[aspirin|flat|spectral|seed=0] epoch   5/50 loss=1.0969 H8_eval=0.1457
[aspirin|flat|spectral|seed=0] epoch  10/50 loss=0.2547 H8_eval=0.0872
[aspirin|flat|spectral|seed=0] epoch  15/50 loss=0.0467 H8_eval=0.0486
[aspirin|flat|spectral|seed=0] epoch  20/50 loss=0.0216 H8_eval=0.0500
[aspirin|flat|spectral|seed=0] epoch  25/50 loss=0.0195 H8_eval=0.0512
[aspirin|flat|spectral|seed=0] epoch  30/50 loss=0.0189 H8_eval=0.0554
[aspirin|flat|spectral|seed=0] epoch  35/50 loss=0.0187 H8_eval=0.0582
[aspirin|flat|spectral|seed=0] epoch  40/50 loss=0.0181 H8_eval=0.0404
[aspirin|flat|spectral|seed=0] epoch  45/50 loss=0.0176 H8_eval=0.0501
[aspirin|flat|spectral|seed=0] epoch  50/50 loss=0.0170 H8_eval=0.0447
  -> saved partial results to rmd17_aspirin_weight_sweep.json

=== Starting aspirin|flat|none|w=0.0|seed=1 ===
[aspirin|flat|none|seed=1] epoch   5/50 loss=0.2372 H8_eval=0.6040
[aspirin|flat|none|seed=1] epoch  10/50 loss=0.1066 H8_eval=0.2587
[aspirin|flat|none|seed=1] epoch  15/50 loss=0.0481 H8_eval=0.2198
[aspirin|flat|none|seed=1] epoch  20/50 loss=0.0258 H8_eval=0.2771
[aspirin|flat|none|seed=1] epoch  25/50 loss=0.0192 H8_eval=0.2937
[aspirin|flat|none|seed=1] epoch  30/50 loss=0.0504 H8_eval=0.3694
[aspirin|flat|none|seed=1] epoch  35/50 loss=0.0189 H8_eval=0.2032
[aspirin|flat|none|seed=1] epoch  40/50 loss=0.0420 H8_eval=0.3815
[aspirin|flat|none|seed=1] epoch  45/50 loss=0.0111 H8_eval=0.1963
[aspirin|flat|none|seed=1] epoch  50/50 loss=0.1004 H8_eval=0.3841
  -> saved partial results to rmd17_aspirin_weight_sweep.json

=== Starting aspirin|flat|euclidean|w=0.001|seed=1 ===
[aspirin|flat|euclidean|seed=1] epoch   5/50 loss=0.2397 H8_eval=0.6020
[aspirin|flat|euclidean|seed=1] epoch  10/50 loss=0.1091 H8_eval=0.2555
[aspirin|flat|euclidean|seed=1] epoch  15/50 loss=0.0515 H8_eval=0.2189
[aspirin|flat|euclidean|seed=1] epoch  20/50 loss=0.0293 H8_eval=0.2629
[aspirin|flat|euclidean|seed=1] epoch  25/50 loss=0.0223 H8_eval=0.3433
[aspirin|flat|euclidean|seed=1] epoch  30/50 loss=0.0334 H8_eval=0.3816
[aspirin|flat|euclidean|seed=1] epoch  35/50 loss=0.0523 H8_eval=0.2671
[aspirin|flat|euclidean|seed=1] epoch  40/50 loss=0.0473 H8_eval=0.4306
[aspirin|flat|euclidean|seed=1] epoch  45/50 loss=0.0158 H8_eval=0.1446
[aspirin|flat|euclidean|seed=1] epoch  50/50 loss=0.0111 H8_eval=0.0875
  -> saved partial results to rmd17_aspirin_weight_sweep.json

=== Starting aspirin|flat|euclidean|w=0.01|seed=1 ===
[aspirin|flat|euclidean|seed=1] epoch   5/50 loss=0.2623 H8_eval=0.5844
[aspirin|flat|euclidean|seed=1] epoch  10/50 loss=0.1337 H8_eval=0.2400
[aspirin|flat|euclidean|seed=1] epoch  15/50 loss=0.0833 H8_eval=0.2117
[aspirin|flat|euclidean|seed=1] epoch  20/50 loss=0.0617 H8_eval=0.2362
[aspirin|flat|euclidean|seed=1] epoch  25/50 loss=0.0548 H8_eval=0.2725
[aspirin|flat|euclidean|seed=1] epoch  30/50 loss=0.0684 H8_eval=1.4610
[aspirin|flat|euclidean|seed=1] epoch  35/50 loss=0.0680 H8_eval=0.2397
[aspirin|flat|euclidean|seed=1] epoch  40/50 loss=0.0530 H8_eval=0.1498
[aspirin|flat|euclidean|seed=1] epoch  45/50 loss=0.0572 H8_eval=0.1965
[aspirin|flat|euclidean|seed=1] epoch  50/50 loss=0.0541 H8_eval=0.1782
  -> saved partial results to rmd17_aspirin_weight_sweep.json

=== Starting aspirin|flat|euclidean|w=0.1|seed=1 ===
[aspirin|flat|euclidean|seed=1] epoch   5/50 loss=0.5346 H8_eval=0.4794
[aspirin|flat|euclidean|seed=1] epoch  10/50 loss=0.4490 H8_eval=0.1894
[aspirin|flat|euclidean|seed=1] epoch  15/50 loss=0.4311 H8_eval=0.2268
[aspirin|flat|euclidean|seed=1] epoch  20/50 loss=0.4233 H8_eval=0.2007
[aspirin|flat|euclidean|seed=1] epoch  25/50 loss=0.4220 H8_eval=0.1606
[aspirin|flat|euclidean|seed=1] epoch  30/50 loss=0.4262 H8_eval=0.6972
[aspirin|flat|euclidean|seed=1] epoch  35/50 loss=0.4196 H8_eval=0.1868
[aspirin|flat|euclidean|seed=1] epoch  40/50 loss=0.4193 H8_eval=0.1883
[aspirin|flat|euclidean|seed=1] epoch  45/50 loss=0.4506 H8_eval=0.7281
[aspirin|flat|euclidean|seed=1] epoch  50/50 loss=0.4321 H8_eval=0.1895
  -> saved partial results to rmd17_aspirin_weight_sweep.json

=== Starting aspirin|flat|euclidean|w=1.0|seed=1 ===
[aspirin|flat|euclidean|seed=1] epoch   5/50 loss=3.9722 H8_eval=0.4468
[aspirin|flat|euclidean|seed=1] epoch  10/50 loss=3.9620 H8_eval=0.2267
[aspirin|flat|euclidean|seed=1] epoch  15/50 loss=3.9569 H8_eval=0.3082
[aspirin|flat|euclidean|seed=1] epoch  20/50 loss=3.9625 H8_eval=0.2679
[aspirin|flat|euclidean|seed=1] epoch  25/50 loss=3.9484 H8_eval=0.2858
[aspirin|flat|euclidean|seed=1] epoch  30/50 loss=3.9464 H8_eval=0.2834
[aspirin|flat|euclidean|seed=1] epoch  35/50 loss=3.9789 H8_eval=0.3950
[aspirin|flat|euclidean|seed=1] epoch  40/50 loss=4.0019 H8_eval=0.4911
[aspirin|flat|euclidean|seed=1] epoch  45/50 loss=3.9433 H8_eval=0.2755
[aspirin|flat|euclidean|seed=1] epoch  50/50 loss=3.9564 H8_eval=0.3511
  -> saved partial results to rmd17_aspirin_weight_sweep.json

=== Starting aspirin|flat|spectral|w=0.001|seed=1 ===
[aspirin|flat|spectral|seed=1] epoch   5/50 loss=0.0114 H8_eval=0.0879
[aspirin|flat|spectral|seed=1] epoch  10/50 loss=0.0043 H8_eval=0.1600
[aspirin|flat|spectral|seed=1] epoch  15/50 loss=0.0563 H8_eval=0.4613
[aspirin|flat|spectral|seed=1] epoch  20/50 loss=0.0954 H8_eval=0.4946
[aspirin|flat|spectral|seed=1] epoch  25/50 loss=0.1104 H8_eval=0.4736
[aspirin|flat|spectral|seed=1] epoch  30/50 loss=0.2063 H8_eval=0.2328
[aspirin|flat|spectral|seed=1] epoch  35/50 loss=0.0501 H8_eval=0.1425
[aspirin|flat|spectral|seed=1] epoch  40/50 loss=0.0264 H8_eval=0.1493
[aspirin|flat|spectral|seed=1] epoch  45/50 loss=0.0168 H8_eval=0.1213
[aspirin|flat|spectral|seed=1] epoch  50/50 loss=0.0105 H8_eval=0.0990
  -> saved partial results to rmd17_aspirin_weight_sweep.json

=== Starting aspirin|flat|spectral|w=0.01|seed=1 ===
[aspirin|flat|spectral|seed=1] epoch   5/50 loss=0.0078 H8_eval=0.1270
[aspirin|flat|spectral|seed=1] epoch  10/50 loss=0.0034 H8_eval=0.0688
[aspirin|flat|spectral|seed=1] epoch  15/50 loss=0.0027 H8_eval=0.0813
[aspirin|flat|spectral|seed=1] epoch  20/50 loss=0.1806 H8_eval=1.2061
[aspirin|flat|spectral|seed=1] epoch  25/50 loss=0.0722 H8_eval=0.4955
[aspirin|flat|spectral|seed=1] epoch  30/50 loss=0.0325 H8_eval=0.2792
[aspirin|flat|spectral|seed=1] epoch  35/50 loss=0.0447 H8_eval=0.5924
[aspirin|flat|spectral|seed=1] epoch  40/50 loss=0.0065 H8_eval=0.2160
[aspirin|flat|spectral|seed=1] epoch  45/50 loss=0.0224 H8_eval=0.2771
[aspirin|flat|spectral|seed=1] epoch  50/50 loss=0.0123 H8_eval=0.2854
  -> saved partial results to rmd17_aspirin_weight_sweep.json

=== Starting aspirin|flat|spectral|w=0.1|seed=1 ===
[aspirin|flat|spectral|seed=1] epoch   5/50 loss=0.0125 H8_eval=0.0870
[aspirin|flat|spectral|seed=1] epoch  10/50 loss=0.0065 H8_eval=0.0485
[aspirin|flat|spectral|seed=1] epoch  15/50 loss=0.0060 H8_eval=0.0758
[aspirin|flat|spectral|seed=1] epoch  20/50 loss=0.0057 H8_eval=0.1397
[aspirin|flat|spectral|seed=1] epoch  25/50 loss=0.0054 H8_eval=0.1131
[aspirin|flat|spectral|seed=1] epoch  30/50 loss=0.0056 H8_eval=0.0812
[aspirin|flat|spectral|seed=1] epoch  35/50 loss=0.0048 H8_eval=0.0668
[aspirin|flat|spectral|seed=1] epoch  40/50 loss=0.0051 H8_eval=0.0924
[aspirin|flat|spectral|seed=1] epoch  45/50 loss=0.0048 H8_eval=0.0592
[aspirin|flat|spectral|seed=1] epoch  50/50 loss=0.0048 H8_eval=0.0934
  -> saved partial results to rmd17_aspirin_weight_sweep.json

=== Starting aspirin|flat|spectral|w=1.0|seed=1 ===
[aspirin|flat|spectral|seed=1] epoch   5/50 loss=0.0637 H8_eval=0.0831
[aspirin|flat|spectral|seed=1] epoch  10/50 loss=0.0406 H8_eval=0.0513
[aspirin|flat|spectral|seed=1] epoch  15/50 loss=0.0370 H8_eval=0.0486
[aspirin|flat|spectral|seed=1] epoch  20/50 loss=0.0363 H8_eval=0.0624
[aspirin|flat|spectral|seed=1] epoch  25/50 loss=0.0338 H8_eval=0.0871
[aspirin|flat|spectral|seed=1] epoch  30/50 loss=0.0329 H8_eval=0.0898
[aspirin|flat|spectral|seed=1] epoch  35/50 loss=0.0311 H8_eval=0.0577
[aspirin|flat|spectral|seed=1] epoch  40/50 loss=0.0317 H8_eval=0.0657
[aspirin|flat|spectral|seed=1] epoch  45/50 loss=0.0295 H8_eval=0.1032
[aspirin|flat|spectral|seed=1] epoch  50/50 loss=0.0276 H8_eval=0.0994
  -> saved partial results to rmd17_aspirin_weight_sweep.json

=== Starting aspirin|flat|none|w=0.0|seed=2 ===
[aspirin|flat|none|seed=2] epoch   5/50 loss=0.0896 H8_eval=0.1901
[aspirin|flat|none|seed=2] epoch  10/50 loss=0.0448 H8_eval=0.1662
[aspirin|flat|none|seed=2] epoch  15/50 loss=0.0322 H8_eval=0.1474
[aspirin|flat|none|seed=2] epoch  20/50 loss=0.0210 H8_eval=0.1547
[aspirin|flat|none|seed=2] epoch  25/50 loss=0.0164 H8_eval=0.2091
[aspirin|flat|none|seed=2] epoch  30/50 loss=0.0091 H8_eval=0.0993
[aspirin|flat|none|seed=2] epoch  35/50 loss=0.0236 H8_eval=0.6701
[aspirin|flat|none|seed=2] epoch  40/50 loss=0.0101 H8_eval=0.1348
[aspirin|flat|none|seed=2] epoch  45/50 loss=0.0197 H8_eval=0.0749
[aspirin|flat|none|seed=2] epoch  50/50 loss=0.0163 H8_eval=0.3080
  -> saved partial results to rmd17_aspirin_weight_sweep.json

=== Starting aspirin|flat|euclidean|w=0.001|seed=2 ===
[aspirin|flat|euclidean|seed=2] epoch   5/50 loss=0.0934 H8_eval=0.1901
[aspirin|flat|euclidean|seed=2] epoch  10/50 loss=0.0488 H8_eval=0.1659
[aspirin|flat|euclidean|seed=2] epoch  15/50 loss=0.0363 H8_eval=0.1492
[aspirin|flat|euclidean|seed=2] epoch  20/50 loss=0.0253 H8_eval=0.1947
[aspirin|flat|euclidean|seed=2] epoch  25/50 loss=0.0193 H8_eval=0.2377
[aspirin|flat|euclidean|seed=2] epoch  30/50 loss=0.0190 H8_eval=0.2108
[aspirin|flat|euclidean|seed=2] epoch  35/50 loss=0.0381 H8_eval=1.1065
[aspirin|flat|euclidean|seed=2] epoch  40/50 loss=0.0342 H8_eval=0.1608
[aspirin|flat|euclidean|seed=2] epoch  45/50 loss=0.0223 H8_eval=0.0848
[aspirin|flat|euclidean|seed=2] epoch  50/50 loss=0.0180 H8_eval=0.0937
  -> saved partial results to rmd17_aspirin_weight_sweep.json

=== Starting aspirin|flat|euclidean|w=0.01|seed=2 ===
[aspirin|flat|euclidean|seed=2] epoch   5/50 loss=0.1277 H8_eval=0.1891
[aspirin|flat|euclidean|seed=2] epoch  10/50 loss=0.0843 H8_eval=0.1617
[aspirin|flat|euclidean|seed=2] epoch  15/50 loss=0.0730 H8_eval=0.1625
[aspirin|flat|euclidean|seed=2] epoch  20/50 loss=0.0617 H8_eval=0.2724
[aspirin|flat|euclidean|seed=2] epoch  25/50 loss=0.0531 H8_eval=0.1126
[aspirin|flat|euclidean|seed=2] epoch  30/50 loss=0.0511 H8_eval=0.1122
[aspirin|flat|euclidean|seed=2] epoch  35/50 loss=0.0503 H8_eval=0.1342
[aspirin|flat|euclidean|seed=2] epoch  40/50 loss=0.0497 H8_eval=0.1638
[aspirin|flat|euclidean|seed=2] epoch  45/50 loss=0.0661 H8_eval=0.0986
[aspirin|flat|euclidean|seed=2] epoch  50/50 loss=0.0536 H8_eval=0.0716
  -> saved partial results to rmd17_aspirin_weight_sweep.json

=== Starting aspirin|flat|euclidean|w=0.1|seed=2 ===
[aspirin|flat|euclidean|seed=2] epoch   5/50 loss=0.4730 H8_eval=0.1809
[aspirin|flat|euclidean|seed=2] epoch  10/50 loss=0.4397 H8_eval=0.1238
[aspirin|flat|euclidean|seed=2] epoch  15/50 loss=0.4367 H8_eval=0.1730
[aspirin|flat|euclidean|seed=2] epoch  20/50 loss=0.4367 H8_eval=0.3303
[aspirin|flat|euclidean|seed=2] epoch  25/50 loss=0.4282 H8_eval=0.1515
[aspirin|flat|euclidean|seed=2] epoch  30/50 loss=0.4177 H8_eval=0.1962
[aspirin|flat|euclidean|seed=2] epoch  35/50 loss=0.4228 H8_eval=0.1387
[aspirin|flat|euclidean|seed=2] epoch  40/50 loss=0.4275 H8_eval=0.1579
[aspirin|flat|euclidean|seed=2] epoch  45/50 loss=0.4378 H8_eval=0.1469
[aspirin|flat|euclidean|seed=2] epoch  50/50 loss=0.4300 H8_eval=0.1234
  -> saved partial results to rmd17_aspirin_weight_sweep.json

=== Starting aspirin|flat|euclidean|w=1.0|seed=2 ===
[aspirin|flat|euclidean|seed=2] epoch   5/50 loss=3.9684 H8_eval=0.2734
[aspirin|flat|euclidean|seed=2] epoch  10/50 loss=3.9515 H8_eval=0.1301
[aspirin|flat|euclidean|seed=2] epoch  15/50 loss=3.9492 H8_eval=0.1786
[aspirin|flat|euclidean|seed=2] epoch  20/50 loss=3.9554 H8_eval=0.2170
[aspirin|flat|euclidean|seed=2] epoch  25/50 loss=3.9465 H8_eval=0.1329
[aspirin|flat|euclidean|seed=2] epoch  30/50 loss=3.9476 H8_eval=0.3703
[aspirin|flat|euclidean|seed=2] epoch  35/50 loss=3.9434 H8_eval=0.2372
[aspirin|flat|euclidean|seed=2] epoch  40/50 loss=3.9433 H8_eval=0.1866
[aspirin|flat|euclidean|seed=2] epoch  45/50 loss=3.9778 H8_eval=0.2442
[aspirin|flat|euclidean|seed=2] epoch  50/50 loss=3.9535 H8_eval=0.1478
  -> saved partial results to rmd17_aspirin_weight_sweep.json

=== Starting aspirin|flat|spectral|w=0.001|seed=2 ===
[aspirin|flat|spectral|seed=2] epoch   5/50 loss=0.0109 H8_eval=0.0903
[aspirin|flat|spectral|seed=2] epoch  10/50 loss=0.0045 H8_eval=0.0934
[aspirin|flat|spectral|seed=2] epoch  15/50 loss=0.0158 H8_eval=0.2214
[aspirin|flat|spectral|seed=2] epoch  20/50 loss=0.0143 H8_eval=0.1539
[aspirin|flat|spectral|seed=2] epoch  25/50 loss=0.0053 H8_eval=0.0668
[aspirin|flat|spectral|seed=2] epoch  30/50 loss=0.0852 H8_eval=0.1620
[aspirin|flat|spectral|seed=2] epoch  35/50 loss=0.0159 H8_eval=0.4926
[aspirin|flat|spectral|seed=2] epoch  40/50 loss=0.0032 H8_eval=0.1540
[aspirin|flat|spectral|seed=2] epoch  45/50 loss=0.0056 H8_eval=0.2424
[aspirin|flat|spectral|seed=2] epoch  50/50 loss=0.0608 H8_eval=0.4390
  -> saved partial results to rmd17_aspirin_weight_sweep.json

=== Starting aspirin|flat|spectral|w=0.01|seed=2 ===
[aspirin|flat|spectral|seed=2] epoch   5/50 loss=0.0113 H8_eval=0.0679
[aspirin|flat|spectral|seed=2] epoch  10/50 loss=0.0051 H8_eval=0.0494
[aspirin|flat|spectral|seed=2] epoch  15/50 loss=0.0044 H8_eval=0.1211
[aspirin|flat|spectral|seed=2] epoch  20/50 loss=0.0133 H8_eval=0.1565
[aspirin|flat|spectral|seed=2] epoch  25/50 loss=0.0779 H8_eval=0.7470
[aspirin|flat|spectral|seed=2] epoch  30/50 loss=0.0670 H8_eval=1.2577
[aspirin|flat|spectral|seed=2] epoch  35/50 loss=0.0054 H8_eval=1.0812
[aspirin|flat|spectral|seed=2] epoch  40/50 loss=0.0053 H8_eval=0.2934
[aspirin|flat|spectral|seed=2] epoch  45/50 loss=0.0035 H8_eval=0.3710
[aspirin|flat|spectral|seed=2] epoch  50/50 loss=0.0081 H8_eval=0.2186
  -> saved partial results to rmd17_aspirin_weight_sweep.json

=== Starting aspirin|flat|spectral|w=0.1|seed=2 ===
[aspirin|flat|spectral|seed=2] epoch   5/50 loss=0.0221 H8_eval=0.0899
[aspirin|flat|spectral|seed=2] epoch  10/50 loss=0.0094 H8_eval=0.0513
[aspirin|flat|spectral|seed=2] epoch  15/50 loss=0.0074 H8_eval=0.0840
[aspirin|flat|spectral|seed=2] epoch  20/50 loss=0.0067 H8_eval=0.0510
[aspirin|flat|spectral|seed=2] epoch  25/50 loss=0.0061 H8_eval=0.0444
[aspirin|flat|spectral|seed=2] epoch  30/50 loss=0.0065 H8_eval=0.0972
[aspirin|flat|spectral|seed=2] epoch  35/50 loss=0.0060 H8_eval=0.1065
[aspirin|flat|spectral|seed=2] epoch  40/50 loss=0.0058 H8_eval=0.1360
[aspirin|flat|spectral|seed=2] epoch  45/50 loss=0.0050 H8_eval=0.0387
[aspirin|flat|spectral|seed=2] epoch  50/50 loss=0.0046 H8_eval=0.0503
  -> saved partial results to rmd17_aspirin_weight_sweep.json

=== Starting aspirin|flat|spectral|w=1.0|seed=2 ===
[aspirin|flat|spectral|seed=2] epoch   5/50 loss=0.1318 H8_eval=0.0907
[aspirin|flat|spectral|seed=2] epoch  10/50 loss=0.0512 H8_eval=0.0553
[aspirin|flat|spectral|seed=2] epoch  15/50 loss=0.0377 H8_eval=0.0664
[aspirin|flat|spectral|seed=2] epoch  20/50 loss=0.0355 H8_eval=0.0491
[aspirin|flat|spectral|seed=2] epoch  25/50 loss=0.0333 H8_eval=0.0530
[aspirin|flat|spectral|seed=2] epoch  30/50 loss=0.0317 H8_eval=0.0395
[aspirin|flat|spectral|seed=2] epoch  35/50 loss=0.0295 H8_eval=0.1195
[aspirin|flat|spectral|seed=2] epoch  40/50 loss=0.0279 H8_eval=0.1546
[aspirin|flat|spectral|seed=2] epoch  45/50 loss=0.0250 H8_eval=0.0598
[aspirin|flat|spectral|seed=2] epoch  50/50 loss=0.0235 H8_eval=0.0745
  -> saved partial results to rmd17_aspirin_weight_sweep.json
