device=cuda (NVIDIA GeForce RTX 5060 Ti)
SKIP existing ethanol|flat|none|seed=0
SKIP existing ethanol|flat|none|seed=1
SKIP existing ethanol|flat|none|seed=2
SKIP existing ethanol|flat|none|seed=3
SKIP existing ethanol|flat|none|seed=4
SKIP existing ethanol|flat|euclidean|seed=0
SKIP existing ethanol|flat|euclidean|seed=1
SKIP existing ethanol|flat|euclidean|seed=2
SKIP existing ethanol|flat|euclidean|seed=3

=== Starting ethanol|flat|euclidean|seed=4 ===
[ethanol|flat|euclidean|seed=4] epoch   5/50 loss=0.4023 H8_eval=0.0004
[ethanol|flat|euclidean|seed=4] epoch  10/50 loss=0.4014 H8_eval=0.0059
[ethanol|flat|euclidean|seed=4] epoch  15/50 loss=0.4012 H8_eval=0.0449
[ethanol|flat|euclidean|seed=4] epoch  20/50 loss=0.4006 H8_eval=0.0524
[ethanol|flat|euclidean|seed=4] epoch  25/50 loss=0.4005 H8_eval=0.0013
[ethanol|flat|euclidean|seed=4] epoch  30/50 loss=0.4003 H8_eval=0.0045
[ethanol|flat|euclidean|seed=4] epoch  35/50 loss=0.4002 H8_eval=0.0022
[ethanol|flat|euclidean|seed=4] epoch  40/50 loss=0.4002 H8_eval=0.0079
[ethanol|flat|euclidean|seed=4] epoch  45/50 loss=0.4001 H8_eval=0.0000
[ethanol|flat|euclidean|seed=4] epoch  50/50 loss=0.4001 H8_eval=0.0191
  -> saved partial results to rmd17_multimolecule_disjoint_checkpointed.json

=== Starting ethanol|flat|spectral|seed=0 ===
[ethanol|flat|spectral|seed=0] epoch   5/50 loss=0.0009 H8_eval=0.0051
[ethanol|flat|spectral|seed=0] epoch  10/50 loss=0.0007 H8_eval=0.0033
[ethanol|flat|spectral|seed=0] epoch  15/50 loss=0.0007 H8_eval=0.0198
[ethanol|flat|spectral|seed=0] epoch  20/50 loss=0.0006 H8_eval=0.0870
[ethanol|flat|spectral|seed=0] epoch  25/50 loss=0.0005 H8_eval=0.0776
[ethanol|flat|spectral|seed=0] epoch  30/50 loss=0.0004 H8_eval=0.0013
[ethanol|flat|spectral|seed=0] epoch  35/50 loss=0.0004 H8_eval=0.0027
[ethanol|flat|spectral|seed=0] epoch  40/50 loss=0.0003 H8_eval=0.0051
[ethanol|flat|spectral|seed=0] epoch  45/50 loss=0.0003 H8_eval=0.0028
[ethanol|flat|spectral|seed=0] epoch  50/50 loss=0.0002 H8_eval=0.0172
  -> saved partial results to rmd17_multimolecule_disjoint_checkpointed.json

=== Starting ethanol|flat|spectral|seed=1 ===
[ethanol|flat|spectral|seed=1] epoch   5/50 loss=0.0015 H8_eval=0.0006
[ethanol|flat|spectral|seed=1] epoch  10/50 loss=0.0010 H8_eval=0.0009
[ethanol|flat|spectral|seed=1] epoch  15/50 loss=0.0007 H8_eval=0.0057
[ethanol|flat|spectral|seed=1] epoch  20/50 loss=0.0005 H8_eval=0.0058
[ethanol|flat|spectral|seed=1] epoch  25/50 loss=0.0004 H8_eval=0.0072
[ethanol|flat|spectral|seed=1] epoch  30/50 loss=0.0003 H8_eval=0.0192
[ethanol|flat|spectral|seed=1] epoch  35/50 loss=0.0003 H8_eval=0.0363
[ethanol|flat|spectral|seed=1] epoch  40/50 loss=0.0002 H8_eval=0.0023
[ethanol|flat|spectral|seed=1] epoch  45/50 loss=0.0002 H8_eval=0.0169
[ethanol|flat|spectral|seed=1] epoch  50/50 loss=0.0001 H8_eval=0.0032
  -> saved partial results to rmd17_multimolecule_disjoint_checkpointed.json

=== Starting ethanol|flat|spectral|seed=2 ===
[ethanol|flat|spectral|seed=2] epoch   5/50 loss=0.0006 H8_eval=0.0717
[ethanol|flat|spectral|seed=2] epoch  10/50 loss=0.0007 H8_eval=0.0183
[ethanol|flat|spectral|seed=2] epoch  15/50 loss=0.0004 H8_eval=0.0021
[ethanol|flat|spectral|seed=2] epoch  20/50 loss=0.0003 H8_eval=0.0024
[ethanol|flat|spectral|seed=2] epoch  25/50 loss=0.0003 H8_eval=0.0672
[ethanol|flat|spectral|seed=2] epoch  30/50 loss=0.0002 H8_eval=0.0139
[ethanol|flat|spectral|seed=2] epoch  35/50 loss=0.0003 H8_eval=0.0354
[ethanol|flat|spectral|seed=2] epoch  40/50 loss=0.0002 H8_eval=0.0034
[ethanol|flat|spectral|seed=2] epoch  45/50 loss=0.0002 H8_eval=0.0057
[ethanol|flat|spectral|seed=2] epoch  50/50 loss=0.0001 H8_eval=0.0203
  -> saved partial results to rmd17_multimolecule_disjoint_checkpointed.json

=== Starting ethanol|flat|spectral|seed=3 ===
[ethanol|flat|spectral|seed=3] epoch   5/50 loss=0.0015 H8_eval=0.0165
[ethanol|flat|spectral|seed=3] epoch  10/50 loss=0.0013 H8_eval=0.0014
[ethanol|flat|spectral|seed=3] epoch  15/50 loss=0.0012 H8_eval=0.0549
[ethanol|flat|spectral|seed=3] epoch  20/50 loss=0.0011 H8_eval=0.0688
[ethanol|flat|spectral|seed=3] epoch  25/50 loss=0.0010 H8_eval=0.0102
[ethanol|flat|spectral|seed=3] epoch  30/50 loss=0.0009 H8_eval=0.0230
[ethanol|flat|spectral|seed=3] epoch  35/50 loss=0.0008 H8_eval=0.0141
[ethanol|flat|spectral|seed=3] epoch  40/50 loss=0.0006 H8_eval=0.0400
[ethanol|flat|spectral|seed=3] epoch  45/50 loss=0.0006 H8_eval=0.0144
[ethanol|flat|spectral|seed=3] epoch  50/50 loss=0.0005 H8_eval=0.0120
  -> saved partial results to rmd17_multimolecule_disjoint_checkpointed.json

=== Starting ethanol|flat|spectral|seed=4 ===
[ethanol|flat|spectral|seed=4] epoch   5/50 loss=0.0017 H8_eval=0.0003
[ethanol|flat|spectral|seed=4] epoch  10/50 loss=0.0012 H8_eval=0.0003
[ethanol|flat|spectral|seed=4] epoch  15/50 loss=0.0009 H8_eval=0.0009
[ethanol|flat|spectral|seed=4] epoch  20/50 loss=0.0007 H8_eval=0.0191
[ethanol|flat|spectral|seed=4] epoch  25/50 loss=0.0005 H8_eval=0.0019
[ethanol|flat|spectral|seed=4] epoch  30/50 loss=0.0004 H8_eval=0.0113
[ethanol|flat|spectral|seed=4] epoch  35/50 loss=0.0003 H8_eval=0.0314
[ethanol|flat|spectral|seed=4] epoch  40/50 loss=0.0002 H8_eval=0.0008
[ethanol|flat|spectral|seed=4] epoch  45/50 loss=0.0002 H8_eval=0.0086
[ethanol|flat|spectral|seed=4] epoch  50/50 loss=0.0001 H8_eval=0.0108
  -> saved partial results to rmd17_multimolecule_disjoint_checkpointed.json

=== Starting malonaldehyde|flat|none|seed=0 ===
[malonaldehyde|flat|none|seed=0] epoch   5/50 loss=0.0016 H8_eval=0.0327
[malonaldehyde|flat|none|seed=0] epoch  10/50 loss=0.0015 H8_eval=0.0100
[malonaldehyde|flat|none|seed=0] epoch  15/50 loss=0.0008 H8_eval=0.0004
[malonaldehyde|flat|none|seed=0] epoch  20/50 loss=0.0006 H8_eval=0.0538
[malonaldehyde|flat|none|seed=0] epoch  25/50 loss=0.0006 H8_eval=0.0006
[malonaldehyde|flat|none|seed=0] epoch  30/50 loss=0.0004 H8_eval=0.0085
[malonaldehyde|flat|none|seed=0] epoch  35/50 loss=0.0002 H8_eval=0.0005
[malonaldehyde|flat|none|seed=0] epoch  40/50 loss=0.0002 H8_eval=0.0021
[malonaldehyde|flat|none|seed=0] epoch  45/50 loss=0.0001 H8_eval=0.0129
[malonaldehyde|flat|none|seed=0] epoch  50/50 loss=0.0001 H8_eval=0.0253
  -> saved partial results to rmd17_multimolecule_disjoint_checkpointed.json

=== Starting malonaldehyde|flat|none|seed=1 ===
[malonaldehyde|flat|none|seed=1] epoch   5/50 loss=0.0021 H8_eval=0.0140
[malonaldehyde|flat|none|seed=1] epoch  10/50 loss=0.0017 H8_eval=0.0078
[malonaldehyde|flat|none|seed=1] epoch  15/50 loss=0.0011 H8_eval=0.0257
[malonaldehyde|flat|none|seed=1] epoch  20/50 loss=0.0008 H8_eval=0.0253
[malonaldehyde|flat|none|seed=1] epoch  25/50 loss=0.0005 H8_eval=0.0316
[malonaldehyde|flat|none|seed=1] epoch  30/50 loss=0.0003 H8_eval=0.0281
[malonaldehyde|flat|none|seed=1] epoch  35/50 loss=0.0003 H8_eval=0.0410
[malonaldehyde|flat|none|seed=1] epoch  40/50 loss=0.0002 H8_eval=0.0230
[malonaldehyde|flat|none|seed=1] epoch  45/50 loss=0.0001 H8_eval=0.0315
[malonaldehyde|flat|none|seed=1] epoch  50/50 loss=0.0003 H8_eval=0.0811
  -> saved partial results to rmd17_multimolecule_disjoint_checkpointed.json

=== Starting malonaldehyde|flat|none|seed=2 ===
[malonaldehyde|flat|none|seed=2] epoch   5/50 loss=0.0008 H8_eval=0.0002
[malonaldehyde|flat|none|seed=2] epoch  10/50 loss=0.0006 H8_eval=0.0003
[malonaldehyde|flat|none|seed=2] epoch  15/50 loss=0.0005 H8_eval=0.0001
[malonaldehyde|flat|none|seed=2] epoch  20/50 loss=0.0004 H8_eval=0.0000
[malonaldehyde|flat|none|seed=2] epoch  25/50 loss=0.0004 H8_eval=0.0550
[malonaldehyde|flat|none|seed=2] epoch  30/50 loss=0.0003 H8_eval=0.0085
[malonaldehyde|flat|none|seed=2] epoch  35/50 loss=0.0002 H8_eval=0.0145
[malonaldehyde|flat|none|seed=2] epoch  40/50 loss=0.0002 H8_eval=0.0028
[malonaldehyde|flat|none|seed=2] epoch  45/50 loss=0.0001 H8_eval=0.0319
[malonaldehyde|flat|none|seed=2] epoch  50/50 loss=0.0001 H8_eval=0.0469
  -> saved partial results to rmd17_multimolecule_disjoint_checkpointed.json

=== Starting malonaldehyde|flat|none|seed=3 ===
[malonaldehyde|flat|none|seed=3] epoch   5/50 loss=0.0014 H8_eval=0.0046
[malonaldehyde|flat|none|seed=3] epoch  10/50 loss=0.0010 H8_eval=0.0043
[malonaldehyde|flat|none|seed=3] epoch  15/50 loss=0.0007 H8_eval=0.0126
[malonaldehyde|flat|none|seed=3] epoch  20/50 loss=0.0005 H8_eval=0.0142
[malonaldehyde|flat|none|seed=3] epoch  25/50 loss=0.0005 H8_eval=0.0083
[malonaldehyde|flat|none|seed=3] epoch  30/50 loss=0.0003 H8_eval=0.0071
[malonaldehyde|flat|none|seed=3] epoch  35/50 loss=0.0002 H8_eval=0.0539
[malonaldehyde|flat|none|seed=3] epoch  40/50 loss=0.0003 H8_eval=0.0407
[malonaldehyde|flat|none|seed=3] epoch  45/50 loss=0.0001 H8_eval=0.0278
[malonaldehyde|flat|none|seed=3] epoch  50/50 loss=0.0001 H8_eval=0.0098
  -> saved partial results to rmd17_multimolecule_disjoint_checkpointed.json

=== Starting malonaldehyde|flat|none|seed=4 ===
[malonaldehyde|flat|none|seed=4] epoch   5/50 loss=0.0023 H8_eval=0.0004
[malonaldehyde|flat|none|seed=4] epoch  10/50 loss=0.0014 H8_eval=0.0059
[malonaldehyde|flat|none|seed=4] epoch  15/50 loss=0.0012 H8_eval=0.0449
[malonaldehyde|flat|none|seed=4] epoch  20/50 loss=0.0006 H8_eval=0.0524
[malonaldehyde|flat|none|seed=4] epoch  25/50 loss=0.0005 H8_eval=0.0013
[malonaldehyde|flat|none|seed=4] epoch  30/50 loss=0.0003 H8_eval=0.0045
[malonaldehyde|flat|none|seed=4] epoch  35/50 loss=0.0002 H8_eval=0.0022
[malonaldehyde|flat|none|seed=4] epoch  40/50 loss=0.0002 H8_eval=0.0079
[malonaldehyde|flat|none|seed=4] epoch  45/50 loss=0.0001 H8_eval=0.0000
[malonaldehyde|flat|none|seed=4] epoch  50/50 loss=0.0001 H8_eval=0.0191
  -> saved partial results to rmd17_multimolecule_disjoint_checkpointed.json

=== Starting malonaldehyde|flat|euclidean|seed=0 ===
[malonaldehyde|flat|euclidean|seed=0] epoch   5/50 loss=0.4016 H8_eval=0.0327
[malonaldehyde|flat|euclidean|seed=0] epoch  10/50 loss=0.4015 H8_eval=0.0100
[malonaldehyde|flat|euclidean|seed=0] epoch  15/50 loss=0.4008 H8_eval=0.0004
[malonaldehyde|flat|euclidean|seed=0] epoch  20/50 loss=0.4006 H8_eval=0.0538
[malonaldehyde|flat|euclidean|seed=0] epoch  25/50 loss=0.4006 H8_eval=0.0006
[malonaldehyde|flat|euclidean|seed=0] epoch  30/50 loss=0.4004 H8_eval=0.0085
[malonaldehyde|flat|euclidean|seed=0] epoch  35/50 loss=0.4002 H8_eval=0.0005
[malonaldehyde|flat|euclidean|seed=0] epoch  40/50 loss=0.4002 H8_eval=0.0021
[malonaldehyde|flat|euclidean|seed=0] epoch  45/50 loss=0.4001 H8_eval=0.0129
[malonaldehyde|flat|euclidean|seed=0] epoch  50/50 loss=0.4001 H8_eval=0.0253
  -> saved partial results to rmd17_multimolecule_disjoint_checkpointed.json

=== Starting malonaldehyde|flat|euclidean|seed=1 ===
[malonaldehyde|flat|euclidean|seed=1] epoch   5/50 loss=0.4021 H8_eval=0.0140
[malonaldehyde|flat|euclidean|seed=1] epoch  10/50 loss=0.4017 H8_eval=0.0078
[malonaldehyde|flat|euclidean|seed=1] epoch  15/50 loss=0.4011 H8_eval=0.0257
[malonaldehyde|flat|euclidean|seed=1] epoch  20/50 loss=0.4008 H8_eval=0.0253
[malonaldehyde|flat|euclidean|seed=1] epoch  25/50 loss=0.4005 H8_eval=0.0316
[malonaldehyde|flat|euclidean|seed=1] epoch  30/50 loss=0.4003 H8_eval=0.0281
[malonaldehyde|flat|euclidean|seed=1] epoch  35/50 loss=0.4003 H8_eval=0.0410
[malonaldehyde|flat|euclidean|seed=1] epoch  40/50 loss=0.4002 H8_eval=0.0230
[malonaldehyde|flat|euclidean|seed=1] epoch  45/50 loss=0.4001 H8_eval=0.0315
[malonaldehyde|flat|euclidean|seed=1] epoch  50/50 loss=0.4003 H8_eval=0.0811
  -> saved partial results to rmd17_multimolecule_disjoint_checkpointed.json

=== Starting malonaldehyde|flat|euclidean|seed=2 ===
[malonaldehyde|flat|euclidean|seed=2] epoch   5/50 loss=0.4008 H8_eval=0.0002
[malonaldehyde|flat|euclidean|seed=2] epoch  10/50 loss=0.4006 H8_eval=0.0003
[malonaldehyde|flat|euclidean|seed=2] epoch  15/50 loss=0.4005 H8_eval=0.0001
[malonaldehyde|flat|euclidean|seed=2] epoch  20/50 loss=0.4004 H8_eval=0.0000
[malonaldehyde|flat|euclidean|seed=2] epoch  25/50 loss=0.4004 H8_eval=0.0550
[malonaldehyde|flat|euclidean|seed=2] epoch  30/50 loss=0.4003 H8_eval=0.0085
[malonaldehyde|flat|euclidean|seed=2] epoch  35/50 loss=0.4002 H8_eval=0.0145
[malonaldehyde|flat|euclidean|seed=2] epoch  40/50 loss=0.4002 H8_eval=0.0028
[malonaldehyde|flat|euclidean|seed=2] epoch  45/50 loss=0.4001 H8_eval=0.0319
[malonaldehyde|flat|euclidean|seed=2] epoch  50/50 loss=0.4001 H8_eval=0.0469
  -> saved partial results to rmd17_multimolecule_disjoint_checkpointed.json

=== Starting malonaldehyde|flat|euclidean|seed=3 ===
[malonaldehyde|flat|euclidean|seed=3] epoch   5/50 loss=0.4013 H8_eval=0.0408
[malonaldehyde|flat|euclidean|seed=3] epoch  10/50 loss=0.4011 H8_eval=0.0093
[malonaldehyde|flat|euclidean|seed=3] epoch  15/50 loss=0.4007 H8_eval=0.0119
[malonaldehyde|flat|euclidean|seed=3] epoch  20/50 loss=0.4005 H8_eval=0.0106
[malonaldehyde|flat|euclidean|seed=3] epoch  25/50 loss=0.4004 H8_eval=0.0127
[malonaldehyde|flat|euclidean|seed=3] epoch  30/50 loss=0.4003 H8_eval=0.0096
[malonaldehyde|flat|euclidean|seed=3] epoch  35/50 loss=0.4003 H8_eval=0.0298
[malonaldehyde|flat|euclidean|seed=3] epoch  40/50 loss=0.4002 H8_eval=0.0730
[malonaldehyde|flat|euclidean|seed=3] epoch  45/50 loss=0.4002 H8_eval=0.0210
[malonaldehyde|flat|euclidean|seed=3] epoch  50/50 loss=0.4001 H8_eval=0.0208
  -> saved partial results to rmd17_multimolecule_disjoint_checkpointed.json

=== Starting malonaldehyde|flat|euclidean|seed=4 ===
[malonaldehyde|flat|euclidean|seed=4] epoch   5/50 loss=0.4023 H8_eval=0.0004
[malonaldehyde|flat|euclidean|seed=4] epoch  10/50 loss=0.4014 H8_eval=0.0059
[malonaldehyde|flat|euclidean|seed=4] epoch  15/50 loss=0.4012 H8_eval=0.0449
[malonaldehyde|flat|euclidean|seed=4] epoch  20/50 loss=0.4006 H8_eval=0.0524
[malonaldehyde|flat|euclidean|seed=4] epoch  25/50 loss=0.4005 H8_eval=0.0013
[malonaldehyde|flat|euclidean|seed=4] epoch  30/50 loss=0.4003 H8_eval=0.0045
[malonaldehyde|flat|euclidean|seed=4] epoch  35/50 loss=0.4002 H8_eval=0.0022
[malonaldehyde|flat|euclidean|seed=4] epoch  40/50 loss=0.4002 H8_eval=0.0079
[malonaldehyde|flat|euclidean|seed=4] epoch  45/50 loss=0.4001 H8_eval=0.0000
[malonaldehyde|flat|euclidean|seed=4] epoch  50/50 loss=0.4001 H8_eval=0.0191
  -> saved partial results to rmd17_multimolecule_disjoint_checkpointed.json

=== Starting malonaldehyde|flat|spectral|seed=0 ===
[malonaldehyde|flat|spectral|seed=0] epoch   5/50 loss=0.0009 H8_eval=0.0029
[malonaldehyde|flat|spectral|seed=0] epoch  10/50 loss=0.0009 H8_eval=0.0123
[malonaldehyde|flat|spectral|seed=0] epoch  15/50 loss=0.0007 H8_eval=0.0163
[malonaldehyde|flat|spectral|seed=0] epoch  20/50 loss=0.0005 H8_eval=0.0006
[malonaldehyde|flat|spectral|seed=0] epoch  25/50 loss=0.0005 H8_eval=0.0024
[malonaldehyde|flat|spectral|seed=0] epoch  30/50 loss=0.0005 H8_eval=0.0022
[malonaldehyde|flat|spectral|seed=0] epoch  35/50 loss=0.0003 H8_eval=0.0057
[malonaldehyde|flat|spectral|seed=0] epoch  40/50 loss=0.0003 H8_eval=0.0111
[malonaldehyde|flat|spectral|seed=0] epoch  45/50 loss=0.0003 H8_eval=0.0036
[malonaldehyde|flat|spectral|seed=0] epoch  50/50 loss=0.0002 H8_eval=0.0330
  -> saved partial results to rmd17_multimolecule_disjoint_checkpointed.json

=== Starting malonaldehyde|flat|spectral|seed=1 ===
[malonaldehyde|flat|spectral|seed=1] epoch   5/50 loss=0.0015 H8_eval=0.0125
[malonaldehyde|flat|spectral|seed=1] epoch  10/50 loss=0.0011 H8_eval=0.0037
[malonaldehyde|flat|spectral|seed=1] epoch  15/50 loss=0.0008 H8_eval=0.0050
[malonaldehyde|flat|spectral|seed=1] epoch  20/50 loss=0.0006 H8_eval=0.0282
[malonaldehyde|flat|spectral|seed=1] epoch  25/50 loss=0.0004 H8_eval=0.0281
[malonaldehyde|flat|spectral|seed=1] epoch  30/50 loss=0.0003 H8_eval=0.0277
[malonaldehyde|flat|spectral|seed=1] epoch  35/50 loss=0.0002 H8_eval=0.0296
[malonaldehyde|flat|spectral|seed=1] epoch  40/50 loss=0.0004 H8_eval=0.0415
[malonaldehyde|flat|spectral|seed=1] epoch  45/50 loss=0.0001 H8_eval=0.0081
[malonaldehyde|flat|spectral|seed=1] epoch  50/50 loss=0.0001 H8_eval=0.0060
  -> saved partial results to rmd17_multimolecule_disjoint_checkpointed.json

=== Starting malonaldehyde|flat|spectral|seed=2 ===
[malonaldehyde|flat|spectral|seed=2] epoch   5/50 loss=0.0007 H8_eval=0.0093
[malonaldehyde|flat|spectral|seed=2] epoch  10/50 loss=0.0007 H8_eval=0.0033
[malonaldehyde|flat|spectral|seed=2] epoch  15/50 loss=0.0004 H8_eval=0.0010
[malonaldehyde|flat|spectral|seed=2] epoch  20/50 loss=0.0003 H8_eval=0.0156
[malonaldehyde|flat|spectral|seed=2] epoch  25/50 loss=0.0003 H8_eval=0.0054
[malonaldehyde|flat|spectral|seed=2] epoch  30/50 loss=0.0003 H8_eval=0.0152
[malonaldehyde|flat|spectral|seed=2] epoch  35/50 loss=0.0003 H8_eval=0.0292
[malonaldehyde|flat|spectral|seed=2] epoch  40/50 loss=0.0002 H8_eval=0.0119
[malonaldehyde|flat|spectral|seed=2] epoch  45/50 loss=0.0001 H8_eval=0.0049
[malonaldehyde|flat|spectral|seed=2] epoch  50/50 loss=0.0001 H8_eval=0.0094
  -> saved partial results to rmd17_multimolecule_disjoint_checkpointed.json

=== Starting malonaldehyde|flat|spectral|seed=3 ===
[malonaldehyde|flat|spectral|seed=3] epoch   5/50 loss=0.0014 H8_eval=0.0071
[malonaldehyde|flat|spectral|seed=3] epoch  10/50 loss=0.0012 H8_eval=0.0146
[malonaldehyde|flat|spectral|seed=3] epoch  15/50 loss=0.0011 H8_eval=0.0113
[malonaldehyde|flat|spectral|seed=3] epoch  20/50 loss=0.0010 H8_eval=0.0272
[malonaldehyde|flat|spectral|seed=3] epoch  25/50 loss=0.0009 H8_eval=0.0173
[malonaldehyde|flat|spectral|seed=3] epoch  30/50 loss=0.0008 H8_eval=0.0133
[malonaldehyde|flat|spectral|seed=3] epoch  35/50 loss=0.0007 H8_eval=0.0516
[malonaldehyde|flat|spectral|seed=3] epoch  40/50 loss=0.0007 H8_eval=0.0358
[malonaldehyde|flat|spectral|seed=3] epoch  45/50 loss=0.0006 H8_eval=0.0228
[malonaldehyde|flat|spectral|seed=3] epoch  50/50 loss=0.0005 H8_eval=0.0053
  -> saved partial results to rmd17_multimolecule_disjoint_checkpointed.json

=== Starting malonaldehyde|flat|spectral|seed=4 ===
[malonaldehyde|flat|spectral|seed=4] epoch   5/50 loss=0.0017 H8_eval=0.0008
[malonaldehyde|flat|spectral|seed=4] epoch  10/50 loss=0.0012 H8_eval=0.0010
[malonaldehyde|flat|spectral|seed=4] epoch  15/50 loss=0.0010 H8_eval=0.0036
[malonaldehyde|flat|spectral|seed=4] epoch  20/50 loss=0.0006 H8_eval=0.0017
[malonaldehyde|flat|spectral|seed=4] epoch  25/50 loss=0.0005 H8_eval=0.0289
[malonaldehyde|flat|spectral|seed=4] epoch  30/50 loss=0.0004 H8_eval=0.0141
[malonaldehyde|flat|spectral|seed=4] epoch  35/50 loss=0.0002 H8_eval=0.0080
[malonaldehyde|flat|spectral|seed=4] epoch  40/50 loss=0.0002 H8_eval=0.0207
[malonaldehyde|flat|spectral|seed=4] epoch  45/50 loss=0.0001 H8_eval=0.0246
[malonaldehyde|flat|spectral|seed=4] epoch  50/50 loss=0.0001 H8_eval=0.0179
  -> saved partial results to rmd17_multimolecule_disjoint_checkpointed.json
wrote analysis_out/aggregate_rmd17_multimolecule_disjoint_checkpointed.csv
wrote analysis_out/RMD17_MULTIMOLECULE_DISJOINT_CHECKPOINTED.md
