device=cuda (NVIDIA GeForce RTX 4090)
Resume: 15/15 runs pending
output: /workspace/causalworld/rmd17_spectral_weight_sweep.json

=== Starting aspirin|flat|spectral|w=0.001|seed=0 (1/15) ===
[aspirin|flat|spectral|seed=0] epoch   1/50 loss=1.8971 H8_eval=0.2608
[aspirin|flat|spectral|seed=0] epoch   5/50 loss=0.0089 H8_eval=0.2312
[aspirin|flat|spectral|seed=0] epoch  10/50 loss=0.0036 H8_eval=0.2009
[aspirin|flat|spectral|seed=0] epoch  15/50 loss=0.0040 H8_eval=0.2503
[aspirin|flat|spectral|seed=0] epoch  20/50 loss=0.0876 H8_eval=0.3538
[aspirin|flat|spectral|seed=0] epoch  25/50 loss=0.0403 H8_eval=0.6578
[aspirin|flat|spectral|seed=0] epoch  30/50 loss=0.0983 H8_eval=0.2912
[aspirin|flat|spectral|seed=0] epoch  35/50 loss=0.0067 H8_eval=0.1225
[aspirin|flat|spectral|seed=0] epoch  40/50 loss=0.0202 H8_eval=0.3493
[aspirin|flat|spectral|seed=0] epoch  45/50 loss=0.0110 H8_eval=0.4760
[aspirin|flat|spectral|seed=0] epoch  50/50 loss=0.0331 H8_eval=0.1014
=== Finished aspirin|flat|spectral|w=0.001|seed=0 | H1=0.0527 H8=0.0946 H16=0.1446 | r_eff=1.00 | wall=1331.0s ===
  -> saved partial results to rmd17_spectral_weight_sweep.json

=== Starting aspirin|flat|spectral|w=0.001|seed=1 (2/15) ===
[aspirin|flat|spectral|seed=1] epoch   1/50 loss=2.7253 H8_eval=0.4045
[aspirin|flat|spectral|seed=1] epoch   5/50 loss=0.0114 H8_eval=0.0879
[aspirin|flat|spectral|seed=1] epoch  10/50 loss=0.0043 H8_eval=0.1600
[aspirin|flat|spectral|seed=1] epoch  15/50 loss=0.0534 H8_eval=0.4094
[aspirin|flat|spectral|seed=1] epoch  20/50 loss=0.0414 H8_eval=0.5963
[aspirin|flat|spectral|seed=1] epoch  25/50 loss=0.0979 H8_eval=0.8466
[aspirin|flat|spectral|seed=1] epoch  30/50 loss=0.0686 H8_eval=0.6259
[aspirin|flat|spectral|seed=1] epoch  35/50 loss=0.0466 H8_eval=0.3719
[aspirin|flat|spectral|seed=1] epoch  40/50 loss=0.0193 H8_eval=0.2135
[aspirin|flat|spectral|seed=1] epoch  45/50 loss=0.0224 H8_eval=0.2392
[aspirin|flat|spectral|seed=1] epoch  50/50 loss=0.0222 H8_eval=0.3314
=== Finished aspirin|flat|spectral|w=0.001|seed=1 | H1=0.0862 H8=0.3347 H16=0.5463 | r_eff=1.00 | wall=1351.7s ===
  -> saved partial results to rmd17_spectral_weight_sweep.json

=== Starting aspirin|flat|spectral|w=0.001|seed=2 (3/15) ===
[aspirin|flat|spectral|seed=2] epoch   1/50 loss=0.9936 H8_eval=0.1699
[aspirin|flat|spectral|seed=2] epoch   5/50 loss=0.0109 H8_eval=0.0903
[aspirin|flat|spectral|seed=2] epoch  10/50 loss=0.0045 H8_eval=0.0934
[aspirin|flat|spectral|seed=2] epoch  15/50 loss=0.0088 H8_eval=0.3559
[aspirin|flat|spectral|seed=2] epoch  20/50 loss=0.0185 H8_eval=0.4468
[aspirin|flat|spectral|seed=2] epoch  25/50 loss=0.0060 H8_eval=0.0951
[aspirin|flat|spectral|seed=2] epoch  30/50 loss=0.0116 H8_eval=0.2214
[aspirin|flat|spectral|seed=2] epoch  35/50 loss=0.0075 H8_eval=0.5305
[aspirin|flat|spectral|seed=2] epoch  40/50 loss=0.0155 H8_eval=0.3064
[aspirin|flat|spectral|seed=2] epoch  45/50 loss=0.0359 H8_eval=0.4526
[aspirin|flat|spectral|seed=2] epoch  50/50 loss=0.0418 H8_eval=0.5248
=== Finished aspirin|flat|spectral|w=0.001|seed=2 | H1=0.0927 H8=0.5268 H16=0.9301 | r_eff=1.00 | wall=1336.4s ===
  -> saved partial results to rmd17_spectral_weight_sweep.json

=== Starting aspirin|flat|spectral|w=0.001|seed=3 (4/15) ===
[aspirin|flat|spectral|seed=3] epoch   1/50 loss=1.4145 H8_eval=0.2805
[aspirin|flat|spectral|seed=3] epoch   5/50 loss=0.0244 H8_eval=0.1994
[aspirin|flat|spectral|seed=3] epoch  10/50 loss=0.0114 H8_eval=0.0702
[aspirin|flat|spectral|seed=3] epoch  15/50 loss=0.0439 H8_eval=0.3710
[aspirin|flat|spectral|seed=3] epoch  20/50 loss=0.0075 H8_eval=0.0548
