device=cuda
gpu=NVIDIA GeForce RTX 5060 Ti
[flat|none|seed=6] epoch 20/200 total=0.001 trans=0.000 prior=0.000 rollout_H8=0.07
[flat|none|seed=6] epoch 40/200 total=0.001 trans=0.000 prior=0.000 rollout_H8=0.08
[flat|none|seed=6] epoch 60/200 total=0.000 trans=0.000 prior=0.000 rollout_H8=0.06
[flat|none|seed=6] epoch 80/200 total=0.001 trans=0.000 prior=0.000 rollout_H8=0.02
[flat|none|seed=6] epoch 100/200 total=0.000 trans=0.000 prior=0.000 rollout_H8=0.05
[flat|none|seed=6] epoch 120/200 total=0.000 trans=0.000 prior=0.000 rollout_H8=0.05
[flat|none|seed=6] epoch 140/200 total=0.000 trans=0.000 prior=0.000 rollout_H8=0.05
[flat|none|seed=6] epoch 160/200 total=0.000 trans=0.000 prior=0.000 rollout_H8=0.02
[flat|none|seed=6] epoch 180/200 total=0.000 trans=0.000 prior=0.000 rollout_H8=0.02
[flat|none|seed=6] epoch 200/200 total=0.000 trans=0.000 prior=0.000 rollout_H8=0.02
[flat|euclidean|seed=6] epoch 20/200 total=0.039 trans=0.000 prior=3.834 rollout_H8=0.07
[flat|euclidean|seed=6] epoch 40/200 total=0.038 trans=0.000 prior=3.754 rollout_H8=0.06
[flat|euclidean|seed=6] epoch 60/200 total=0.037 trans=0.000 prior=3.692 rollout_H8=0.04
[flat|euclidean|seed=6] epoch 80/200 total=0.037 trans=0.000 prior=3.651 rollout_H8=0.02
[flat|euclidean|seed=6] epoch 100/200 total=0.037 trans=0.000 prior=3.651 rollout_H8=0.02
[flat|euclidean|seed=6] epoch 120/200 total=0.037 trans=0.000 prior=3.646 rollout_H8=0.02
[flat|euclidean|seed=6] epoch 140/200 total=0.037 trans=0.000 prior=3.636 rollout_H8=0.02
[flat|euclidean|seed=6] epoch 160/200 total=0.036 trans=0.000 prior=3.625 rollout_H8=0.03
[flat|euclidean|seed=6] epoch 180/200 total=0.036 trans=0.000 prior=3.568 rollout_H8=0.03
[flat|euclidean|seed=6] epoch 200/200 total=0.036 trans=0.000 prior=3.544 rollout_H8=0.01
[flat|spectral|seed=6] epoch 20/200 total=0.003 trans=0.000 prior=0.172 rollout_H8=0.03
[flat|spectral|seed=6] epoch 40/200 total=0.001 trans=0.000 prior=0.039 rollout_H8=0.03
[flat|spectral|seed=6] epoch 60/200 total=0.000 trans=0.000 prior=0.017 rollout_H8=0.02
[flat|spectral|seed=6] epoch 80/200 total=0.000 trans=0.000 prior=0.009 rollout_H8=0.02
[flat|spectral|seed=6] epoch 100/200 total=0.001 trans=0.000 prior=0.030 rollout_H8=0.16
[flat|spectral|seed=6] epoch 120/200 total=0.000 trans=0.000 prior=0.011 rollout_H8=0.22
[flat|spectral|seed=6] epoch 140/200 total=0.000 trans=0.000 prior=0.006 rollout_H8=0.05
[flat|spectral|seed=6] epoch 160/200 total=0.000 trans=0.000 prior=0.005 rollout_H8=0.05
[flat|spectral|seed=6] epoch 180/200 total=0.000 trans=0.000 prior=0.004 rollout_H8=0.12
[flat|spectral|seed=6] epoch 200/200 total=0.036 trans=0.000 prior=2.937 rollout_H8=0.09
[seed=6] saved partial results to validation_wolfram_flat_10seed_200ep.json
[flat|none|seed=7] epoch 20/200 total=0.001 trans=0.000 prior=0.000 rollout_H8=0.08
[flat|none|seed=7] epoch 40/200 total=0.001 trans=0.000 prior=0.000 rollout_H8=0.07
[flat|none|seed=7] epoch 60/200 total=0.000 trans=0.000 prior=0.000 rollout_H8=0.03
[flat|none|seed=7] epoch 80/200 total=0.000 trans=0.000 prior=0.000 rollout_H8=0.03
[flat|none|seed=7] epoch 100/200 total=0.000 trans=0.000 prior=0.000 rollout_H8=0.07
[flat|none|seed=7] epoch 120/200 total=0.000 trans=0.000 prior=0.000 rollout_H8=0.01
[flat|none|seed=7] epoch 140/200 total=0.000 trans=0.000 prior=0.000 rollout_H8=0.06
[flat|none|seed=7] epoch 160/200 total=0.002 trans=0.000 prior=0.000 rollout_H8=0.03
[flat|none|seed=7] epoch 180/200 total=0.000 trans=0.000 prior=0.000 rollout_H8=0.03
[flat|none|seed=7] epoch 200/200 total=0.000 trans=0.000 prior=0.000 rollout_H8=0.06
[flat|euclidean|seed=7] epoch 20/200 total=0.039 trans=0.000 prior=3.817 rollout_H8=0.10
[flat|euclidean|seed=7] epoch 40/200 total=0.038 trans=0.000 prior=3.758 rollout_H8=0.09
[flat|euclidean|seed=7] epoch 60/200 total=0.038 trans=0.000 prior=3.756 rollout_H8=0.05
[flat|euclidean|seed=7] epoch 80/200 total=0.037 trans=0.000 prior=3.663 rollout_H8=0.03
[flat|euclidean|seed=7] epoch 100/200 total=0.037 trans=0.000 prior=3.669 rollout_H8=0.08
[flat|euclidean|seed=7] epoch 120/200 total=0.037 trans=0.000 prior=3.649 rollout_H8=0.11
[flat|euclidean|seed=7] epoch 140/200 total=0.037 trans=0.000 prior=3.660 rollout_H8=0.14
[flat|euclidean|seed=7] epoch 160/200 total=0.037 trans=0.000 prior=3.643 rollout_H8=0.02
[flat|euclidean|seed=7] epoch 180/200 total=0.036 trans=0.000 prior=3.622 rollout_H8=0.08
[flat|euclidean|seed=7] epoch 200/200 total=0.036 trans=0.000 prior=3.569 rollout_H8=0.11
[flat|spectral|seed=7] epoch 20/200 total=0.001 trans=0.000 prior=0.068 rollout_H8=0.04
[flat|spectral|seed=7] epoch 40/200 total=0.000 trans=0.000 prior=0.030 rollout_H8=0.03
[flat|spectral|seed=7] epoch 60/200 total=0.000 trans=0.000 prior=0.016 rollout_H8=0.17
[flat|spectral|seed=7] epoch 80/200 total=0.000 trans=0.000 prior=0.008 rollout_H8=0.19
[flat|spectral|seed=7] epoch 100/200 total=0.001 trans=0.000 prior=0.071 rollout_H8=0.12
[flat|spectral|seed=7] epoch 120/200 total=0.001 trans=0.000 prior=0.042 rollout_H8=0.04
[flat|spectral|seed=7] epoch 140/200 total=0.000 trans=0.000 prior=0.019 rollout_H8=0.05
[flat|spectral|seed=7] epoch 160/200 total=0.000 trans=0.000 prior=0.012 rollout_H8=0.18
[flat|spectral|seed=7] epoch 180/200 total=0.000 trans=0.000 prior=0.006 rollout_H8=0.06
[flat|spectral|seed=7] epoch 200/200 total=0.002 trans=0.000 prior=0.104 rollout_H8=0.05
[seed=7] saved partial results to validation_wolfram_flat_10seed_200ep.json
[flat|none|seed=8] epoch 20/200 total=0.001 trans=0.000 prior=0.000 rollout_H8=0.08
[flat|none|seed=8] epoch 40/200 total=0.001 trans=0.000 prior=0.000 rollout_H8=0.05
[flat|none|seed=8] epoch 60/200 total=0.000 trans=0.000 prior=0.000 rollout_H8=0.07
[flat|none|seed=8] epoch 80/200 total=0.000 trans=0.000 prior=0.000 rollout_H8=0.04
[flat|none|seed=8] epoch 100/200 total=0.000 trans=0.000 prior=0.000 rollout_H8=0.02
[flat|none|seed=8] epoch 120/200 total=0.000 trans=0.000 prior=0.000 rollout_H8=0.04
[flat|none|seed=8] epoch 140/200 total=0.000 trans=0.000 prior=0.000 rollout_H8=0.02
[flat|none|seed=8] epoch 160/200 total=0.000 trans=0.000 prior=0.000 rollout_H8=0.02
[flat|none|seed=8] epoch 180/200 total=0.000 trans=0.000 prior=0.000 rollout_H8=0.02
[flat|none|seed=8] epoch 200/200 total=0.000 trans=0.000 prior=0.000 rollout_H8=0.02
[flat|euclidean|seed=8] epoch 20/200 total=0.040 trans=0.000 prior=3.846 rollout_H8=0.16
[flat|euclidean|seed=8] epoch 40/200 total=0.038 trans=0.000 prior=3.757 rollout_H8=0.03
[flat|euclidean|seed=8] epoch 60/200 total=0.038 trans=0.000 prior=3.753 rollout_H8=0.09
[flat|euclidean|seed=8] epoch 80/200 total=0.038 trans=0.000 prior=3.730 rollout_H8=0.04
[flat|euclidean|seed=8] epoch 100/200 total=0.037 trans=0.000 prior=3.652 rollout_H8=0.01
[flat|euclidean|seed=8] epoch 120/200 total=0.037 trans=0.000 prior=3.648 rollout_H8=0.03
[flat|euclidean|seed=8] epoch 140/200 total=0.037 trans=0.000 prior=3.648 rollout_H8=0.02
[flat|euclidean|seed=8] epoch 160/200 total=0.037 trans=0.000 prior=3.642 rollout_H8=0.03
[flat|euclidean|seed=8] epoch 180/200 total=0.039 trans=0.000 prior=3.798 rollout_H8=0.03
[flat|euclidean|seed=8] epoch 200/200 total=0.037 trans=0.000 prior=3.725 rollout_H8=0.16
[flat|spectral|seed=8] epoch 20/200 total=0.004 trans=0.000 prior=0.310 rollout_H8=0.07
[flat|spectral|seed=8] epoch 40/200 total=0.002 trans=0.000 prior=0.125 rollout_H8=0.03
[flat|spectral|seed=8] epoch 60/200 total=0.004 trans=0.000 prior=0.125 rollout_H8=0.03
[flat|spectral|seed=8] epoch 80/200 total=0.000 trans=0.000 prior=0.029 rollout_H8=0.04
[flat|spectral|seed=8] epoch 100/200 total=0.000 trans=0.000 prior=0.015 rollout_H8=0.03
[flat|spectral|seed=8] epoch 120/200 total=0.000 trans=0.000 prior=0.008 rollout_H8=0.03
[flat|spectral|seed=8] epoch 140/200 total=0.000 trans=0.000 prior=0.005 rollout_H8=0.01
[flat|spectral|seed=8] epoch 160/200 total=0.001 trans=0.000 prior=0.051 rollout_H8=0.06
[flat|spectral|seed=8] epoch 180/200 total=0.000 trans=0.000 prior=0.021 rollout_H8=0.05
[flat|spectral|seed=8] epoch 200/200 total=0.000 trans=0.000 prior=0.008 rollout_H8=0.05
[seed=8] saved partial results to validation_wolfram_flat_10seed_200ep.json
[flat|none|seed=9] epoch 20/200 total=0.001 trans=0.000 prior=0.000 rollout_H8=0.08
[flat|none|seed=9] epoch 40/200 total=0.000 trans=0.000 prior=0.000 rollout_H8=0.07
[flat|none|seed=9] epoch 60/200 total=0.001 trans=0.000 prior=0.000 rollout_H8=0.09
[flat|none|seed=9] epoch 80/200 total=0.000 trans=0.000 prior=0.000 rollout_H8=0.05
[flat|none|seed=9] epoch 100/200 total=0.000 trans=0.000 prior=0.000 rollout_H8=0.04
[flat|none|seed=9] epoch 120/200 total=0.000 trans=0.000 prior=0.000 rollout_H8=0.04
[flat|none|seed=9] epoch 140/200 total=0.000 trans=0.000 prior=0.000 rollout_H8=0.03
[flat|none|seed=9] epoch 160/200 total=0.000 trans=0.000 prior=0.000 rollout_H8=0.02
[flat|none|seed=9] epoch 180/200 total=0.000 trans=0.000 prior=0.000 rollout_H8=0.04
[flat|none|seed=9] epoch 200/200 total=0.000 trans=0.000 prior=0.000 rollout_H8=0.04
[flat|euclidean|seed=9] epoch 20/200 total=0.039 trans=0.001 prior=3.784 rollout_H8=0.08
[flat|euclidean|seed=9] epoch 40/200 total=0.038 trans=0.000 prior=3.762 rollout_H8=0.05
[flat|euclidean|seed=9] epoch 60/200 total=0.038 trans=0.000 prior=3.763 rollout_H8=0.05
[flat|euclidean|seed=9] epoch 80/200 total=0.038 trans=0.000 prior=3.774 rollout_H8=0.09
[flat|euclidean|seed=9] epoch 100/200 total=0.038 trans=0.000 prior=3.761 rollout_H8=0.04
[flat|euclidean|seed=9] epoch 120/200 total=0.038 trans=0.000 prior=3.755 rollout_H8=0.04
[flat|euclidean|seed=9] epoch 140/200 total=0.037 trans=0.000 prior=3.661 rollout_H8=0.04
[flat|euclidean|seed=9] epoch 160/200 total=0.037 trans=0.000 prior=3.652 rollout_H8=0.03
[flat|euclidean|seed=9] epoch 180/200 total=0.037 trans=0.000 prior=3.654 rollout_H8=0.03
[flat|euclidean|seed=9] epoch 200/200 total=0.037 trans=0.000 prior=3.632 rollout_H8=0.12
[flat|spectral|seed=9] epoch 20/200 total=0.004 trans=0.000 prior=0.300 rollout_H8=0.07
[flat|spectral|seed=9] epoch 40/200 total=0.001 trans=0.000 prior=0.076 rollout_H8=0.04
[flat|spectral|seed=9] epoch 60/200 total=0.001 trans=0.000 prior=0.037 rollout_H8=0.02
[flat|spectral|seed=9] epoch 80/200 total=0.001 trans=0.000 prior=0.045 rollout_H8=0.02
[flat|spectral|seed=9] epoch 100/200 total=0.000 trans=0.000 prior=0.023 rollout_H8=0.02
[flat|spectral|seed=9] epoch 120/200 total=0.000 trans=0.000 prior=0.015 rollout_H8=0.02
[flat|spectral|seed=9] epoch 140/200 total=0.000 trans=0.000 prior=0.008 rollout_H8=0.07
[flat|spectral|seed=9] epoch 160/200 total=0.000 trans=0.000 prior=0.004 rollout_H8=0.02
[flat|spectral|seed=9] epoch 180/200 total=0.000 trans=0.000 prior=0.005 rollout_H8=0.02
[flat|spectral|seed=9] epoch 200/200 total=0.000 trans=0.000 prior=0.004 rollout_H8=0.02
[seed=9] saved partial results to validation_wolfram_flat_10seed_200ep.json
