=== Starting scripts/run_wolfram_flat_10seed_200ep.py at Wed Apr 22 05:04:46 CST 2026 ===
=== Python: /home/user/miniforge3/envs/causalworld/bin/python
=== GPU: NVIDIA GeForce RTX 5060 Ti
device=cuda
gpu=NVIDIA GeForce RTX 5060 Ti
[flat|none|seed=0] epoch 20/200 total=0.001 trans=0.000 prior=0.000 rollout_H8=0.12
[flat|none|seed=0] epoch 40/200 total=0.000 trans=0.000 prior=0.000 rollout_H8=0.06
[flat|none|seed=0] epoch 60/200 total=0.000 trans=0.000 prior=0.000 rollout_H8=0.05
[flat|none|seed=0] epoch 80/200 total=0.000 trans=0.000 prior=0.000 rollout_H8=0.07
[flat|none|seed=0] epoch 100/200 total=0.000 trans=0.000 prior=0.000 rollout_H8=0.04
[flat|none|seed=0] epoch 120/200 total=0.000 trans=0.000 prior=0.000 rollout_H8=0.02
[flat|none|seed=0] epoch 140/200 total=0.000 trans=0.000 prior=0.000 rollout_H8=0.02
[flat|none|seed=0] epoch 160/200 total=0.000 trans=0.000 prior=0.000 rollout_H8=0.02
[flat|none|seed=0] epoch 180/200 total=0.000 trans=0.000 prior=0.000 rollout_H8=0.03
[flat|none|seed=0] epoch 200/200 total=0.000 trans=0.000 prior=0.000 rollout_H8=0.02
[flat|euclidean|seed=0] epoch 20/200 total=0.039 trans=0.000 prior=3.845 rollout_H8=0.10
[flat|euclidean|seed=0] epoch 40/200 total=0.038 trans=0.000 prior=3.762 rollout_H8=0.05
[flat|euclidean|seed=0] epoch 60/200 total=0.038 trans=0.000 prior=3.753 rollout_H8=0.05
[flat|euclidean|seed=0] epoch 80/200 total=0.038 trans=0.000 prior=3.735 rollout_H8=0.04
[flat|euclidean|seed=0] epoch 100/200 total=0.037 trans=0.000 prior=3.667 rollout_H8=0.05
[flat|euclidean|seed=0] epoch 120/200 total=0.037 trans=0.000 prior=3.666 rollout_H8=0.02
[flat|euclidean|seed=0] epoch 140/200 total=0.037 trans=0.000 prior=3.657 rollout_H8=0.03
[flat|euclidean|seed=0] epoch 160/200 total=0.038 trans=0.000 prior=3.647 rollout_H8=0.03
[flat|euclidean|seed=0] epoch 180/200 total=0.036 trans=0.000 prior=3.608 rollout_H8=0.02
[flat|euclidean|seed=0] epoch 200/200 total=0.036 trans=0.000 prior=3.552 rollout_H8=0.03
[flat|spectral|seed=0] epoch 20/200 total=0.002 trans=0.000 prior=0.125 rollout_H8=0.04
[flat|spectral|seed=0] epoch 40/200 total=0.000 trans=0.000 prior=0.028 rollout_H8=0.03
[flat|spectral|seed=0] epoch 60/200 total=0.000 trans=0.000 prior=0.012 rollout_H8=0.02
[flat|spectral|seed=0] epoch 80/200 total=0.000 trans=0.000 prior=0.005 rollout_H8=0.03
[flat|spectral|seed=0] epoch 100/200 total=0.016 trans=0.001 prior=0.447 rollout_H8=0.04
[flat|spectral|seed=0] epoch 120/200 total=0.000 trans=0.000 prior=0.018 rollout_H8=0.02
[flat|spectral|seed=0] epoch 140/200 total=0.000 trans=0.000 prior=0.010 rollout_H8=0.08
[flat|spectral|seed=0] epoch 160/200 total=0.000 trans=0.000 prior=0.006 rollout_H8=0.02
[flat|spectral|seed=0] epoch 180/200 total=0.000 trans=0.000 prior=0.004 rollout_H8=0.04
[flat|spectral|seed=0] epoch 200/200 total=0.001 trans=0.000 prior=0.058 rollout_H8=0.04
[seed=0] saved partial results to validation_wolfram_flat_10seed_200ep.json
[flat|none|seed=1] epoch 20/200 total=0.001 trans=0.000 prior=0.000 rollout_H8=0.09
[flat|none|seed=1] epoch 40/200 total=0.000 trans=0.000 prior=0.000 rollout_H8=0.08
[flat|none|seed=1] epoch 60/200 total=0.000 trans=0.000 prior=0.000 rollout_H8=0.04
[flat|none|seed=1] epoch 80/200 total=0.000 trans=0.000 prior=0.000 rollout_H8=0.05
[flat|none|seed=1] epoch 100/200 total=0.000 trans=0.000 prior=0.000 rollout_H8=0.04
[flat|none|seed=1] epoch 120/200 total=0.000 trans=0.000 prior=0.000 rollout_H8=0.05
[flat|none|seed=1] epoch 140/200 total=0.000 trans=0.000 prior=0.000 rollout_H8=0.05
[flat|none|seed=1] epoch 160/200 total=0.000 trans=0.000 prior=0.000 rollout_H8=0.03
[flat|none|seed=1] epoch 180/200 total=0.001 trans=0.000 prior=0.000 rollout_H8=0.05
[flat|none|seed=1] epoch 200/200 total=0.000 trans=0.000 prior=0.000 rollout_H8=0.07
[flat|euclidean|seed=1] epoch 20/200 total=0.039 trans=0.001 prior=3.789 rollout_H8=0.11
[flat|euclidean|seed=1] epoch 40/200 total=0.038 trans=0.000 prior=3.764 rollout_H8=0.04
[flat|euclidean|seed=1] epoch 60/200 total=0.038 trans=0.000 prior=3.761 rollout_H8=0.04
[flat|euclidean|seed=1] epoch 80/200 total=0.037 trans=0.000 prior=3.667 rollout_H8=0.04
[flat|euclidean|seed=1] epoch 100/200 total=0.037 trans=0.000 prior=3.657 rollout_H8=0.02
[flat|euclidean|seed=1] epoch 120/200 total=0.037 trans=0.000 prior=3.649 rollout_H8=0.06
[flat|euclidean|seed=1] epoch 140/200 total=0.036 trans=0.000 prior=3.616 rollout_H8=0.04
[flat|euclidean|seed=1] epoch 160/200 total=0.036 trans=0.000 prior=3.551 rollout_H8=0.04
[flat|euclidean|seed=1] epoch 180/200 total=0.040 trans=0.001 prior=3.597 rollout_H8=0.06
[flat|euclidean|seed=1] epoch 200/200 total=0.036 trans=0.000 prior=3.548 rollout_H8=0.04
[flat|spectral|seed=1] epoch 20/200 total=0.001 trans=0.000 prior=0.083 rollout_H8=0.06
[flat|spectral|seed=1] epoch 40/200 total=0.001 trans=0.000 prior=0.027 rollout_H8=0.02
[flat|spectral|seed=1] epoch 60/200 total=0.000 trans=0.000 prior=0.012 rollout_H8=0.04
[flat|spectral|seed=1] epoch 80/200 total=0.000 trans=0.000 prior=0.005 rollout_H8=0.02
[flat|spectral|seed=1] epoch 100/200 total=0.000 trans=0.000 prior=0.002 rollout_H8=0.03
[flat|spectral|seed=1] epoch 120/200 total=0.002 trans=0.000 prior=0.215 rollout_H8=0.02
[flat|spectral|seed=1] epoch 140/200 total=0.001 trans=0.000 prior=0.038 rollout_H8=0.02
[flat|spectral|seed=1] epoch 160/200 total=0.000 trans=0.000 prior=0.016 rollout_H8=0.02
[flat|spectral|seed=1] epoch 180/200 total=0.000 trans=0.000 prior=0.010 rollout_H8=0.02
[flat|spectral|seed=1] epoch 200/200 total=0.001 trans=0.000 prior=0.066 rollout_H8=0.16
[seed=1] saved partial results to validation_wolfram_flat_10seed_200ep.json
[flat|none|seed=2] epoch 20/200 total=0.001 trans=0.000 prior=0.000 rollout_H8=0.08
[flat|none|seed=2] epoch 40/200 total=0.000 trans=0.000 prior=0.000 rollout_H8=0.10
[flat|none|seed=2] epoch 60/200 total=0.000 trans=0.000 prior=0.000 rollout_H8=0.09
[flat|none|seed=2] epoch 80/200 total=0.000 trans=0.000 prior=0.000 rollout_H8=0.02
[flat|none|seed=2] epoch 100/200 total=0.000 trans=0.000 prior=0.000 rollout_H8=0.08
[flat|none|seed=2] epoch 120/200 total=0.000 trans=0.000 prior=0.000 rollout_H8=0.03
[flat|none|seed=2] epoch 140/200 total=0.000 trans=0.000 prior=0.000 rollout_H8=0.02
[flat|none|seed=2] epoch 160/200 total=0.000 trans=0.000 prior=0.000 rollout_H8=0.02
[flat|none|seed=2] epoch 180/200 total=0.000 trans=0.000 prior=0.000 rollout_H8=0.03
[flat|none|seed=2] epoch 200/200 total=0.000 trans=0.000 prior=0.000 rollout_H8=0.02
[flat|euclidean|seed=2] epoch 20/200 total=0.039 trans=0.000 prior=3.849 rollout_H8=0.13
[flat|euclidean|seed=2] epoch 40/200 total=0.038 trans=0.000 prior=3.764 rollout_H8=0.03
[flat|euclidean|seed=2] epoch 60/200 total=0.038 trans=0.000 prior=3.754 rollout_H8=0.10
[flat|euclidean|seed=2] epoch 80/200 total=0.037 trans=0.000 prior=3.718 rollout_H8=0.03
[flat|euclidean|seed=2] epoch 100/200 total=0.037 trans=0.000 prior=3.661 rollout_H8=0.03
[flat|euclidean|seed=2] epoch 120/200 total=0.037 trans=0.000 prior=3.660 rollout_H8=0.08
[flat|euclidean|seed=2] epoch 140/200 total=0.037 trans=0.000 prior=3.649 rollout_H8=0.03
[flat|euclidean|seed=2] epoch 160/200 total=0.037 trans=0.000 prior=3.643 rollout_H8=0.04
[flat|euclidean|seed=2] epoch 180/200 total=0.036 trans=0.000 prior=3.611 rollout_H8=0.04
[flat|euclidean|seed=2] epoch 200/200 total=0.036 trans=0.000 prior=3.559 rollout_H8=0.06
[flat|spectral|seed=2] epoch 20/200 total=0.002 trans=0.000 prior=0.142 rollout_H8=0.05
[flat|spectral|seed=2] epoch 40/200 total=0.001 trans=0.000 prior=0.031 rollout_H8=0.03
[flat|spectral|seed=2] epoch 60/200 total=0.000 trans=0.000 prior=0.014 rollout_H8=0.05
[flat|spectral|seed=2] epoch 80/200 total=0.155 trans=0.002 prior=0.313 rollout_H8=0.38
[flat|spectral|seed=2] epoch 100/200 total=0.000 trans=0.000 prior=0.010 rollout_H8=0.14
[flat|spectral|seed=2] epoch 120/200 total=0.000 trans=0.000 prior=0.006 rollout_H8=0.04
[flat|spectral|seed=2] epoch 140/200 total=0.000 trans=0.000 prior=0.005 rollout_H8=0.03
[flat|spectral|seed=2] epoch 160/200 total=0.000 trans=0.000 prior=0.004 rollout_H8=0.04
[flat|spectral|seed=2] epoch 180/200 total=0.001 trans=0.000 prior=0.080 rollout_H8=0.06
