=== Starting scripts/run_wolfram_resume.py at Thu Apr 23 11:45:21 PDT 2026 ===
=== Python: /home/user/miniforge3/envs/causalworld/bin/python
=== GPU: NVIDIA GeForce RTX 5060 Ti
device=cuda
gpu=NVIDIA GeForce RTX 5060 Ti
[flat|none|seed=4] epoch 20/200 total=0.000 trans=0.000 prior=0.000 rollout_H8=0.05
[flat|none|seed=4] epoch 40/200 total=0.000 trans=0.000 prior=0.000 rollout_H8=0.04
[flat|none|seed=4] epoch 60/200 total=0.000 trans=0.000 prior=0.000 rollout_H8=0.04
[flat|none|seed=4] epoch 80/200 total=0.000 trans=0.000 prior=0.000 rollout_H8=0.02
[flat|none|seed=4] epoch 100/200 total=0.000 trans=0.000 prior=0.000 rollout_H8=0.03
[flat|none|seed=4] epoch 120/200 total=0.000 trans=0.000 prior=0.000 rollout_H8=0.02
[flat|none|seed=4] epoch 140/200 total=0.000 trans=0.000 prior=0.000 rollout_H8=0.05
[flat|none|seed=4] epoch 160/200 total=0.000 trans=0.000 prior=0.000 rollout_H8=0.01
[flat|none|seed=4] epoch 180/200 total=0.000 trans=0.000 prior=0.000 rollout_H8=0.02
[flat|none|seed=4] epoch 200/200 total=0.000 trans=0.000 prior=0.000 rollout_H8=0.01
[flat|euclidean|seed=4] epoch 20/200 total=0.039 trans=0.001 prior=3.855 rollout_H8=0.11
[flat|euclidean|seed=4] epoch 40/200 total=0.038 trans=0.000 prior=3.765 rollout_H8=0.04
[flat|euclidean|seed=4] epoch 60/200 total=0.038 trans=0.000 prior=3.760 rollout_H8=0.08
[flat|euclidean|seed=4] epoch 80/200 total=0.042 trans=0.000 prior=3.882 rollout_H8=0.05
[flat|euclidean|seed=4] epoch 100/200 total=0.037 trans=0.000 prior=3.673 rollout_H8=0.05
[flat|euclidean|seed=4] epoch 120/200 total=0.037 trans=0.000 prior=3.661 rollout_H8=0.02
[flat|euclidean|seed=4] epoch 140/200 total=0.037 trans=0.000 prior=3.662 rollout_H8=0.02
[flat|euclidean|seed=4] epoch 160/200 total=0.037 trans=0.000 prior=3.665 rollout_H8=0.03
[flat|euclidean|seed=4] epoch 180/200 total=0.037 trans=0.000 prior=3.652 rollout_H8=0.04
[flat|euclidean|seed=4] epoch 200/200 total=0.037 trans=0.000 prior=3.654 rollout_H8=0.02
[flat|spectral|seed=4] epoch 20/200 total=0.002 trans=0.000 prior=0.123 rollout_H8=0.07
[flat|spectral|seed=4] epoch 40/200 total=0.001 trans=0.000 prior=0.031 rollout_H8=0.06
[flat|spectral|seed=4] epoch 60/200 total=0.000 trans=0.000 prior=0.013 rollout_H8=0.05
[flat|spectral|seed=4] epoch 80/200 total=0.000 trans=0.000 prior=0.007 rollout_H8=0.10
[flat|spectral|seed=4] epoch 100/200 total=0.000 trans=0.000 prior=0.004 rollout_H8=0.03
[flat|spectral|seed=4] epoch 120/200 total=0.001 trans=0.000 prior=0.032 rollout_H8=0.02
[flat|spectral|seed=4] epoch 140/200 total=0.000 trans=0.000 prior=0.008 rollout_H8=0.03
[flat|spectral|seed=4] epoch 160/200 total=0.000 trans=0.000 prior=0.004 rollout_H8=0.02
[flat|spectral|seed=4] epoch 180/200 total=0.000 trans=0.000 prior=0.003 rollout_H8=0.03
[flat|spectral|seed=4] epoch 200/200 total=0.003 trans=0.000 prior=0.239 rollout_H8=0.04
[seed=4] saved partial results to validation_wolfram_flat_10seed_200ep.json
[flat|none|seed=5] epoch 20/200 total=0.001 trans=0.000 prior=0.000 rollout_H8=0.10
[flat|none|seed=5] epoch 40/200 total=0.000 trans=0.000 prior=0.000 rollout_H8=0.04
[flat|none|seed=5] epoch 60/200 total=0.000 trans=0.000 prior=0.000 rollout_H8=0.08
[flat|none|seed=5] epoch 80/200 total=0.001 trans=0.000 prior=0.000 rollout_H8=0.02
[flat|none|seed=5] epoch 100/200 total=0.000 trans=0.000 prior=0.000 rollout_H8=0.04
[flat|none|seed=5] epoch 120/200 total=0.000 trans=0.000 prior=0.000 rollout_H8=0.04
[flat|none|seed=5] epoch 140/200 total=0.000 trans=0.000 prior=0.000 rollout_H8=0.05
[flat|none|seed=5] epoch 160/200 total=0.000 trans=0.000 prior=0.000 rollout_H8=0.05
[flat|none|seed=5] epoch 180/200 total=0.000 trans=0.000 prior=0.000 rollout_H8=0.06
[flat|none|seed=5] epoch 200/200 total=0.000 trans=0.000 prior=0.000 rollout_H8=0.05
[flat|euclidean|seed=5] epoch 20/200 total=0.038 trans=0.000 prior=3.756 rollout_H8=0.08
[flat|euclidean|seed=5] epoch 40/200 total=0.038 trans=0.000 prior=3.726 rollout_H8=0.05
[flat|euclidean|seed=5] epoch 60/200 total=0.037 trans=0.000 prior=3.654 rollout_H8=0.05
[flat|euclidean|seed=5] epoch 80/200 total=0.037 trans=0.000 prior=3.665 rollout_H8=0.09
[flat|euclidean|seed=5] epoch 100/200 total=0.037 trans=0.000 prior=3.654 rollout_H8=0.05
[flat|euclidean|seed=5] epoch 120/200 total=0.037 trans=0.000 prior=3.647 rollout_H8=0.05
[flat|euclidean|seed=5] epoch 140/200 total=0.036 trans=0.000 prior=3.633 rollout_H8=0.03
[flat|euclidean|seed=5] epoch 160/200 total=0.036 trans=0.000 prior=3.558 rollout_H8=0.03
[flat|euclidean|seed=5] epoch 180/200 total=0.036 trans=0.000 prior=3.557 rollout_H8=0.04
[flat|euclidean|seed=5] epoch 200/200 total=0.036 trans=0.000 prior=3.555 rollout_H8=0.04
[flat|spectral|seed=5] epoch 20/200 total=0.001 trans=0.000 prior=0.095 rollout_H8=0.07
[flat|spectral|seed=5] epoch 40/200 total=0.000 trans=0.000 prior=0.026 rollout_H8=0.05
[flat|spectral|seed=5] epoch 60/200 total=0.000 trans=0.000 prior=0.013 rollout_H8=0.03
[flat|spectral|seed=5] epoch 80/200 total=0.001 trans=0.000 prior=0.044 rollout_H8=0.07
[flat|spectral|seed=5] epoch 100/200 total=0.000 trans=0.000 prior=0.017 rollout_H8=0.03
[flat|spectral|seed=5] epoch 120/200 total=0.000 trans=0.000 prior=0.010 rollout_H8=0.02
[flat|spectral|seed=5] epoch 140/200 total=0.000 trans=0.000 prior=0.006 rollout_H8=0.03
[flat|spectral|seed=5] epoch 160/200 total=0.000 trans=0.000 prior=0.003 rollout_H8=0.03
[flat|spectral|seed=5] epoch 180/200 total=0.002 trans=0.000 prior=0.146 rollout_H8=0.02
[flat|spectral|seed=5] epoch 200/200 total=0.000 trans=0.000 prior=0.034 rollout_H8=0.03
[seed=5] saved partial results to validation_wolfram_flat_10seed_200ep.json
[flat|none|seed=6] epoch 20/200 total=0.001 trans=0.000 prior=0.000 rollout_H8=0.07
[flat|none|seed=6] epoch 40/200 total=0.001 trans=0.000 prior=0.000 rollout_H8=0.08
[flat|none|seed=6] epoch 60/200 total=0.000 trans=0.000 prior=0.000 rollout_H8=0.06
[flat|none|seed=6] epoch 80/200 total=0.001 trans=0.000 prior=0.000 rollout_H8=0.02
[flat|none|seed=6] epoch 100/200 total=0.000 trans=0.000 prior=0.000 rollout_H8=0.05
[flat|none|seed=6] epoch 120/200 total=0.000 trans=0.000 prior=0.000 rollout_H8=0.05
[flat|none|seed=6] epoch 140/200 total=0.000 trans=0.000 prior=0.000 rollout_H8=0.05
[flat|none|seed=6] epoch 160/200 total=0.000 trans=0.000 prior=0.000 rollout_H8=0.02
[flat|none|seed=6] epoch 180/200 total=0.000 trans=0.000 prior=0.000 rollout_H8=0.02
[flat|none|seed=6] epoch 200/200 total=0.000 trans=0.000 prior=0.000 rollout_H8=0.02
[flat|euclidean|seed=6] epoch 20/200 total=0.039 trans=0.000 prior=3.834 rollout_H8=0.07
[flat|euclidean|seed=6] epoch 40/200 total=0.038 trans=0.000 prior=3.754 rollout_H8=0.06
